[2.596s] Invoking command in '/home/rover4-i/rover_ws_ri/src/locomotion_core': PYTHONPATH=/home/rover4-i/rover_ws_ri/build/locomotion_core/prefix_override:/home/rover4-i/rover_ws_ri/install/locomotion_core/lib/python3.8/site-packages:${PYTHONPATH} /usr/bin/python3 setup.py egg_info --egg-base ../../build/locomotion_core build --build-base /home/rover4-i/rover_ws_ri/build/locomotion_core/build install --record /home/rover4-i/rover_ws_ri/build/locomotion_core/install.log --single-version-externally-managed
[2.999s] running egg_info
[3.000s] writing ../../build/locomotion_core/locomotion_core.egg-info/PKG-INFO
[3.000s] writing dependency_links to ../../build/locomotion_core/locomotion_core.egg-info/dependency_links.txt
[3.001s] writing entry points to ../../build/locomotion_core/locomotion_core.egg-info/entry_points.txt
[3.001s] writing requirements to ../../build/locomotion_core/locomotion_core.egg-info/requires.txt
[3.001s] writing top-level names to ../../build/locomotion_core/locomotion_core.egg-info/top_level.txt
[3.211s] reading manifest file '../../build/locomotion_core/locomotion_core.egg-info/SOURCES.txt'
[3.212s] writing manifest file '../../build/locomotion_core/locomotion_core.egg-info/SOURCES.txt'
[3.213s] running build
[3.213s] running build_py
[3.214s] running install
[3.216s] running install_lib
[3.220s] running install_data
[3.221s] running install_egg_info
[3.224s] removing '/home/rover4-i/rover_ws_ri/install/locomotion_core/lib/python3.8/site-packages/locomotion_core-0.0.0-py3.8.egg-info' (and everything under it)
[3.224s] Copying ../../build/locomotion_core/locomotion_core.egg-info to /home/rover4-i/rover_ws_ri/install/locomotion_core/lib/python3.8/site-packages/locomotion_core-0.0.0-py3.8.egg-info
[3.226s] running install_scripts
[3.263s] Installing cmd_roboteq script to /home/rover4-i/rover_ws_ri/install/locomotion_core/lib/locomotion_core
[3.264s] Installing cmd_roboteq2 script to /home/rover4-i/rover_ws_ri/install/locomotion_core/lib/locomotion_core
[3.264s] Installing movebase_kinematics script to /home/rover4-i/rover_ws_ri/install/locomotion_core/lib/locomotion_core
[3.282s] Installing rover_enable script to /home/rover4-i/rover_ws_ri/install/locomotion_core/lib/locomotion_core
[3.301s] Installing rover_state_controller script to /home/rover4-i/rover_ws_ri/install/locomotion_core/lib/locomotion_core
[3.304s] writing list of installed files to '/home/rover4-i/rover_ws_ri/build/locomotion_core/install.log'
[3.327s] Invoked command in '/home/rover4-i/rover_ws_ri/src/locomotion_core' returned '0': PYTHONPATH=/home/rover4-i/rover_ws_ri/build/locomotion_core/prefix_override:/home/rover4-i/rover_ws_ri/install/locomotion_core/lib/python3.8/site-packages:${PYTHONPATH} /usr/bin/python3 setup.py egg_info --egg-base ../../build/locomotion_core build --build-base /home/rover4-i/rover_ws_ri/build/locomotion_core/build install --record /home/rover4-i/rover_ws_ri/build/locomotion_core/install.log --single-version-externally-managed
