[0.544s] Invoking command in '/home/rover4-i/rover_ws_ri/build/rover_launch': CMAKE_PREFIX_PATH=${CMAKE_PREFIX_PATH}:/home/rover4-i/rover_ws_ri/install/locomotion_core:/opt/ros/foxy /usr/bin/cmake --build /home/rover4-i/rover_ws_ri/build/rover_launch -- -j6 -l6
[0.634s] Invoked command in '/home/rover4-i/rover_ws_ri/build/rover_launch' returned '0': CMAKE_PREFIX_PATH=${CMAKE_PREFIX_PATH}:/home/rover4-i/rover_ws_ri/install/locomotion_core:/opt/ros/foxy /usr/bin/cmake --build /home/rover4-i/rover_ws_ri/build/rover_launch -- -j6 -l6
[0.709s] Invoking command in '/home/rover4-i/rover_ws_ri/build/rover_launch': CMAKE_PREFIX_PATH=${CMAKE_PREFIX_PATH}:/home/rover4-i/rover_ws_ri/install/locomotion_core:/opt/ros/foxy /usr/bin/cmake --install /home/rover4-i/rover_ws_ri/build/rover_launch
[0.732s] -- Install configuration: ""
[0.732s] -- Up-to-date: /home/rover4-i/rover_ws_ri/install/rover_launch/share/rover_launch/launch
[0.732s] -- Up-to-date: /home/rover4-i/rover_ws_ri/install/rover_launch/share/rover_launch/launch/rover.launch.py
[0.733s] -- Up-to-date: /home/rover4-i/rover_ws_ri/install/rover_launch/share/ament_index/resource_index/package_run_dependencies/rover_launch
[0.733s] -- Up-to-date: /home/rover4-i/rover_ws_ri/install/rover_launch/share/ament_index/resource_index/parent_prefix_path/rover_launch
[0.733s] -- Up-to-date: /home/rover4-i/rover_ws_ri/install/rover_launch/share/rover_launch/environment/ament_prefix_path.sh
[0.733s] -- Up-to-date: /home/rover4-i/rover_ws_ri/install/rover_launch/share/rover_launch/environment/ament_prefix_path.dsv
[0.733s] -- Up-to-date: /home/rover4-i/rover_ws_ri/install/rover_launch/share/rover_launch/environment/path.sh
[0.733s] -- Up-to-date: /home/rover4-i/rover_ws_ri/install/rover_launch/share/rover_launch/environment/path.dsv
[0.733s] -- Up-to-date: /home/rover4-i/rover_ws_ri/install/rover_launch/share/rover_launch/local_setup.bash
[0.734s] -- Up-to-date: /home/rover4-i/rover_ws_ri/install/rover_launch/share/rover_launch/local_setup.sh
[0.734s] -- Up-to-date: /home/rover4-i/rover_ws_ri/install/rover_launch/share/rover_launch/local_setup.zsh
[0.734s] -- Up-to-date: /home/rover4-i/rover_ws_ri/install/rover_launch/share/rover_launch/local_setup.dsv
[0.734s] -- Installing: /home/rover4-i/rover_ws_ri/install/rover_launch/share/rover_launch/package.dsv
[0.734s] -- Up-to-date: /home/rover4-i/rover_ws_ri/install/rover_launch/share/ament_index/resource_index/packages/rover_launch
[0.734s] -- Up-to-date: /home/rover4-i/rover_ws_ri/install/rover_launch/share/rover_launch/cmake/rover_launchConfig.cmake
[0.734s] -- Up-to-date: /home/rover4-i/rover_ws_ri/install/rover_launch/share/rover_launch/cmake/rover_launchConfig-version.cmake
[0.735s] -- Up-to-date: /home/rover4-i/rover_ws_ri/install/rover_launch/share/rover_launch/package.xml
[0.743s] Invoked command in '/home/rover4-i/rover_ws_ri/build/rover_launch' returned '0': CMAKE_PREFIX_PATH=${CMAKE_PREFIX_PATH}:/home/rover4-i/rover_ws_ri/install/locomotion_core:/opt/ros/foxy /usr/bin/cmake --install /home/rover4-i/rover_ws_ri/build/rover_launch
