[1.416s] Invoking command in '/home/rover4-i/rover_ws_ri/src/locomotion_core': PYTHONPATH=/home/rover4-i/rover_ws_ri/build/locomotion_core/prefix_override:/home/rover4-i/rover_ws_ri/install/locomotion_core/lib/python3.8/site-packages:${PYTHONPATH} /usr/bin/python3 setup.py egg_info --egg-base ../../build/locomotion_core build --build-base /home/rover4-i/rover_ws_ri/build/locomotion_core/build install --record /home/rover4-i/rover_ws_ri/build/locomotion_core/install.log --single-version-externally-managed
[1.951s] running egg_info
[1.951s] writing ../../build/locomotion_core/locomotion_core.egg-info/PKG-INFO
[1.951s] writing dependency_links to ../../build/locomotion_core/locomotion_core.egg-info/dependency_links.txt
[1.952s] writing entry points to ../../build/locomotion_core/locomotion_core.egg-info/entry_points.txt
[1.952s] writing requirements to ../../build/locomotion_core/locomotion_core.egg-info/requires.txt
[1.952s] writing top-level names to ../../build/locomotion_core/locomotion_core.egg-info/top_level.txt
[2.016s] reading manifest file '../../build/locomotion_core/locomotion_core.egg-info/SOURCES.txt'
[2.018s] writing manifest file '../../build/locomotion_core/locomotion_core.egg-info/SOURCES.txt'
[2.018s] running build
[2.018s] running build_py
[2.019s] copying locomotion_core/rover_enable2.py -> /home/rover4-i/rover_ws_ri/build/locomotion_core/build/lib/locomotion_core
[2.020s] running install
[2.024s] running install_lib
[2.026s] copying /home/rover4-i/rover_ws_ri/build/locomotion_core/build/lib/locomotion_core/rover_enable2.py -> /home/rover4-i/rover_ws_ri/install/locomotion_core/lib/python3.8/site-packages/locomotion_core
[2.027s] byte-compiling /home/rover4-i/rover_ws_ri/install/locomotion_core/lib/python3.8/site-packages/locomotion_core/rover_enable2.py to rover_enable2.cpython-38.pyc
[2.033s] running install_data
[2.033s] running install_egg_info
[2.035s] removing '/home/rover4-i/rover_ws_ri/install/locomotion_core/lib/python3.8/site-packages/locomotion_core-0.0.0-py3.8.egg-info' (and everything under it)
[2.036s] Copying ../../build/locomotion_core/locomotion_core.egg-info to /home/rover4-i/rover_ws_ri/install/locomotion_core/lib/python3.8/site-packages/locomotion_core-0.0.0-py3.8.egg-info
[2.038s] running install_scripts
[2.074s] Installing cmd_roboteq script to /home/rover4-i/rover_ws_ri/install/locomotion_core/lib/locomotion_core
[2.074s] Installing cmd_roboteq2 script to /home/rover4-i/rover_ws_ri/install/locomotion_core/lib/locomotion_core
[2.074s] Installing movebase_kinematics script to /home/rover4-i/rover_ws_ri/install/locomotion_core/lib/locomotion_core
[2.074s] Installing rover_enable script to /home/rover4-i/rover_ws_ri/install/locomotion_core/lib/locomotion_core
[2.075s] Installing rover_state_controller script to /home/rover4-i/rover_ws_ri/install/locomotion_core/lib/locomotion_core
[2.075s] writing list of installed files to '/home/rover4-i/rover_ws_ri/build/locomotion_core/install.log'
[2.140s] Invoked command in '/home/rover4-i/rover_ws_ri/src/locomotion_core' returned '0': PYTHONPATH=/home/rover4-i/rover_ws_ri/build/locomotion_core/prefix_override:/home/rover4-i/rover_ws_ri/install/locomotion_core/lib/python3.8/site-packages:${PYTHONPATH} /usr/bin/python3 setup.py egg_info --egg-base ../../build/locomotion_core build --build-base /home/rover4-i/rover_ws_ri/build/locomotion_core/build install --record /home/rover4-i/rover_ws_ri/build/locomotion_core/install.log --single-version-externally-managed
