[1.446s] Invoking command in '/home/rover4-i/rover_ws_ri/src/locomotion_core': PYTHONPATH=/home/rover4-i/rover_ws_ri/build/locomotion_core/prefix_override:/home/rover4-i/rover_ws_ri/install/locomotion_core/lib/python3.8/site-packages:${PYTHONPATH} /usr/bin/python3 setup.py egg_info --egg-base ../../build/locomotion_core build --build-base /home/rover4-i/rover_ws_ri/build/locomotion_core/build install --record /home/rover4-i/rover_ws_ri/build/locomotion_core/install.log --single-version-externally-managed
[1.881s] running egg_info
[1.881s] creating ../../build/locomotion_core/locomotion_core.egg-info
[1.882s] writing ../../build/locomotion_core/locomotion_core.egg-info/PKG-INFO
[1.883s] writing dependency_links to ../../build/locomotion_core/locomotion_core.egg-info/dependency_links.txt
[1.883s] writing entry points to ../../build/locomotion_core/locomotion_core.egg-info/entry_points.txt
[1.883s] writing requirements to ../../build/locomotion_core/locomotion_core.egg-info/requires.txt
[1.884s] writing top-level names to ../../build/locomotion_core/locomotion_core.egg-info/top_level.txt
[1.890s] writing manifest file '../../build/locomotion_core/locomotion_core.egg-info/SOURCES.txt'
[1.951s] reading manifest file '../../build/locomotion_core/locomotion_core.egg-info/SOURCES.txt'
[1.952s] writing manifest file '../../build/locomotion_core/locomotion_core.egg-info/SOURCES.txt'
[1.953s] running build
[1.953s] running build_py
[1.954s] creating /home/rover4-i/rover_ws_ri/build/locomotion_core/build
[1.954s] creating /home/rover4-i/rover_ws_ri/build/locomotion_core/build/lib
[1.954s] creating /home/rover4-i/rover_ws_ri/build/locomotion_core/build/lib/locomotion_core
[1.955s] copying locomotion_core/rover_enable.py -> /home/rover4-i/rover_ws_ri/build/locomotion_core/build/lib/locomotion_core
[1.955s] copying locomotion_core/cmd_roboteq2.py -> /home/rover4-i/rover_ws_ri/build/locomotion_core/build/lib/locomotion_core
[1.955s] copying locomotion_core/__init__.py -> /home/rover4-i/rover_ws_ri/build/locomotion_core/build/lib/locomotion_core
[1.957s] copying locomotion_core/rover_state_controller.py -> /home/rover4-i/rover_ws_ri/build/locomotion_core/build/lib/locomotion_core
[1.960s] copying locomotion_core/movebase_kinematics.py -> /home/rover4-i/rover_ws_ri/build/locomotion_core/build/lib/locomotion_core
[1.960s] copying locomotion_core/cmd_roboteq.py -> /home/rover4-i/rover_ws_ri/build/locomotion_core/build/lib/locomotion_core
[1.960s] running install
[1.962s] running install_lib
[1.964s] creating /home/rover4-i/rover_ws_ri/install/locomotion_core/lib/python3.8/site-packages/locomotion_core
[1.965s] copying /home/rover4-i/rover_ws_ri/build/locomotion_core/build/lib/locomotion_core/rover_enable.py -> /home/rover4-i/rover_ws_ri/install/locomotion_core/lib/python3.8/site-packages/locomotion_core
[1.965s] copying /home/rover4-i/rover_ws_ri/build/locomotion_core/build/lib/locomotion_core/cmd_roboteq2.py -> /home/rover4-i/rover_ws_ri/install/locomotion_core/lib/python3.8/site-packages/locomotion_core
[1.965s] copying /home/rover4-i/rover_ws_ri/build/locomotion_core/build/lib/locomotion_core/__init__.py -> /home/rover4-i/rover_ws_ri/install/locomotion_core/lib/python3.8/site-packages/locomotion_core
[1.966s] copying /home/rover4-i/rover_ws_ri/build/locomotion_core/build/lib/locomotion_core/rover_state_controller.py -> /home/rover4-i/rover_ws_ri/install/locomotion_core/lib/python3.8/site-packages/locomotion_core
[1.966s] copying /home/rover4-i/rover_ws_ri/build/locomotion_core/build/lib/locomotion_core/movebase_kinematics.py -> /home/rover4-i/rover_ws_ri/install/locomotion_core/lib/python3.8/site-packages/locomotion_core
[1.966s] copying /home/rover4-i/rover_ws_ri/build/locomotion_core/build/lib/locomotion_core/cmd_roboteq.py -> /home/rover4-i/rover_ws_ri/install/locomotion_core/lib/python3.8/site-packages/locomotion_core
[1.967s] byte-compiling /home/rover4-i/rover_ws_ri/install/locomotion_core/lib/python3.8/site-packages/locomotion_core/rover_enable.py to rover_enable.cpython-38.pyc
[1.976s] byte-compiling /home/rover4-i/rover_ws_ri/install/locomotion_core/lib/python3.8/site-packages/locomotion_core/cmd_roboteq2.py to cmd_roboteq2.cpython-38.pyc
[1.976s] byte-compiling /home/rover4-i/rover_ws_ri/install/locomotion_core/lib/python3.8/site-packages/locomotion_core/__init__.py to __init__.cpython-38.pyc
[1.981s] byte-compiling /home/rover4-i/rover_ws_ri/install/locomotion_core/lib/python3.8/site-packages/locomotion_core/rover_state_controller.py to rover_state_controller.cpython-38.pyc
[1.981s] byte-compiling /home/rover4-i/rover_ws_ri/install/locomotion_core/lib/python3.8/site-packages/locomotion_core/movebase_kinematics.py to movebase_kinematics.cpython-38.pyc
[1.981s] byte-compiling /home/rover4-i/rover_ws_ri/install/locomotion_core/lib/python3.8/site-packages/locomotion_core/cmd_roboteq.py to cmd_roboteq.cpython-38.pyc
[1.982s] running install_data
[1.982s] creating /home/rover4-i/rover_ws_ri/install/locomotion_core/share/ament_index
[1.982s] creating /home/rover4-i/rover_ws_ri/install/locomotion_core/share/ament_index/resource_index
[1.982s] creating /home/rover4-i/rover_ws_ri/install/locomotion_core/share/ament_index/resource_index/packages
[1.982s] copying resource/locomotion_core -> /home/rover4-i/rover_ws_ri/install/locomotion_core/share/ament_index/resource_index/packages
[1.982s] copying package.xml -> /home/rover4-i/rover_ws_ri/install/locomotion_core/share/locomotion_core
[1.983s] running install_egg_info
[1.983s] Copying ../../build/locomotion_core/locomotion_core.egg-info to /home/rover4-i/rover_ws_ri/install/locomotion_core/lib/python3.8/site-packages/locomotion_core-0.0.0-py3.8.egg-info
[1.983s] running install_scripts
[2.029s] Installing cmd_roboteq script to /home/rover4-i/rover_ws_ri/install/locomotion_core/lib/locomotion_core
[2.029s] Installing cmd_roboteq2 script to /home/rover4-i/rover_ws_ri/install/locomotion_core/lib/locomotion_core
[2.029s] Installing movebase_kinematics script to /home/rover4-i/rover_ws_ri/install/locomotion_core/lib/locomotion_core
[2.029s] Installing rover_enable script to /home/rover4-i/rover_ws_ri/install/locomotion_core/lib/locomotion_core
[2.029s] Installing rover_state_controller script to /home/rover4-i/rover_ws_ri/install/locomotion_core/lib/locomotion_core
[2.029s] writing list of installed files to '/home/rover4-i/rover_ws_ri/build/locomotion_core/install.log'
[2.094s] Invoked command in '/home/rover4-i/rover_ws_ri/src/locomotion_core' returned '0': PYTHONPATH=/home/rover4-i/rover_ws_ri/build/locomotion_core/prefix_override:/home/rover4-i/rover_ws_ri/install/locomotion_core/lib/python3.8/site-packages:${PYTHONPATH} /usr/bin/python3 setup.py egg_info --egg-base ../../build/locomotion_core build --build-base /home/rover4-i/rover_ws_ri/build/locomotion_core/build install --record /home/rover4-i/rover_ws_ri/build/locomotion_core/install.log --single-version-externally-managed
