[1.375s] Invoking command in '/home/rover4-i/rover_ws_ri/src/locomotion_core': PYTHONPATH=/home/rover4-i/rover_ws_ri/build/locomotion_core/prefix_override:/home/rover4-i/rover_ws_ri/install/locomotion_core/lib/python3.8/site-packages:${PYTHONPATH} /usr/bin/python3 setup.py egg_info --egg-base ../../build/locomotion_core build --build-base /home/rover4-i/rover_ws_ri/build/locomotion_core/build install --record /home/rover4-i/rover_ws_ri/build/locomotion_core/install.log --single-version-externally-managed
[1.785s] running egg_info
[1.786s] writing ../../build/locomotion_core/locomotion_core.egg-info/PKG-INFO
[1.786s] writing dependency_links to ../../build/locomotion_core/locomotion_core.egg-info/dependency_links.txt
[1.787s] writing entry points to ../../build/locomotion_core/locomotion_core.egg-info/entry_points.txt
[1.787s] writing requirements to ../../build/locomotion_core/locomotion_core.egg-info/requires.txt
[1.788s] writing top-level names to ../../build/locomotion_core/locomotion_core.egg-info/top_level.txt
[1.854s] reading manifest file '../../build/locomotion_core/locomotion_core.egg-info/SOURCES.txt'
[1.856s] writing manifest file '../../build/locomotion_core/locomotion_core.egg-info/SOURCES.txt'
[1.856s] running build
[1.856s] running build_py
[1.857s] copying locomotion_core/enable_srv.py -> /home/rover4-i/rover_ws_ri/build/locomotion_core/build/lib/locomotion_core
[1.858s] running install
[1.860s] running install_lib
[1.862s] copying /home/rover4-i/rover_ws_ri/build/locomotion_core/build/lib/locomotion_core/enable_srv.py -> /home/rover4-i/rover_ws_ri/install/locomotion_core/lib/python3.8/site-packages/locomotion_core
[1.864s] byte-compiling /home/rover4-i/rover_ws_ri/install/locomotion_core/lib/python3.8/site-packages/locomotion_core/enable_srv.py to enable_srv.cpython-38.pyc
[1.867s] running install_data
[1.868s] running install_egg_info
[1.871s] removing '/home/rover4-i/rover_ws_ri/install/locomotion_core/lib/python3.8/site-packages/locomotion_core-0.0.0-py3.8.egg-info' (and everything under it)
[1.872s] Copying ../../build/locomotion_core/locomotion_core.egg-info to /home/rover4-i/rover_ws_ri/install/locomotion_core/lib/python3.8/site-packages/locomotion_core-0.0.0-py3.8.egg-info
[1.874s] running install_scripts
[1.909s] Installing cmd_roboteq script to /home/rover4-i/rover_ws_ri/install/locomotion_core/lib/locomotion_core
[1.910s] Installing cmd_roboteq2 script to /home/rover4-i/rover_ws_ri/install/locomotion_core/lib/locomotion_core
[1.910s] Installing en_service script to /home/rover4-i/rover_ws_ri/install/locomotion_core/lib/locomotion_core
[1.910s] Installing movebase_kinematics script to /home/rover4-i/rover_ws_ri/install/locomotion_core/lib/locomotion_core
[1.910s] Installing rover_enable script to /home/rover4-i/rover_ws_ri/install/locomotion_core/lib/locomotion_core
[1.911s] Installing rover_state_controller script to /home/rover4-i/rover_ws_ri/install/locomotion_core/lib/locomotion_core
[1.912s] writing list of installed files to '/home/rover4-i/rover_ws_ri/build/locomotion_core/install.log'
[1.977s] Invoked command in '/home/rover4-i/rover_ws_ri/src/locomotion_core' returned '0': PYTHONPATH=/home/rover4-i/rover_ws_ri/build/locomotion_core/prefix_override:/home/rover4-i/rover_ws_ri/install/locomotion_core/lib/python3.8/site-packages:${PYTHONPATH} /usr/bin/python3 setup.py egg_info --egg-base ../../build/locomotion_core build --build-base /home/rover4-i/rover_ws_ri/build/locomotion_core/build install --record /home/rover4-i/rover_ws_ri/build/locomotion_core/install.log --single-version-externally-managed
