running egg_info
writing ../../build/locomotion_core/locomotion_core.egg-info/PKG-INFO
writing dependency_links to ../../build/locomotion_core/locomotion_core.egg-info/dependency_links.txt
writing entry points to ../../build/locomotion_core/locomotion_core.egg-info/entry_points.txt
writing requirements to ../../build/locomotion_core/locomotion_core.egg-info/requires.txt
writing top-level names to ../../build/locomotion_core/locomotion_core.egg-info/top_level.txt
reading manifest file '../../build/locomotion_core/locomotion_core.egg-info/SOURCES.txt'
writing manifest file '../../build/locomotion_core/locomotion_core.egg-info/SOURCES.txt'
running build
running build_py
copying locomotion_core/rover_enable.py -> /home/rover4-i/rover_ws_ri/build/locomotion_core/build/lib/locomotion_core
copying locomotion_core/rover_state_controller.py -> /home/rover4-i/rover_ws_ri/build/locomotion_core/build/lib/locomotion_core
copying locomotion_core/cmd_roboteq_pi.py -> /home/rover4-i/rover_ws_ri/build/locomotion_core/build/lib/locomotion_core
copying locomotion_core/enable_srv.py -> /home/rover4-i/rover_ws_ri/build/locomotion_core/build/lib/locomotion_core
running install
running install_lib
copying /home/rover4-i/rover_ws_ri/build/locomotion_core/build/lib/locomotion_core/rover_enable.py -> /home/rover4-i/rover_ws_ri/install/locomotion_core/lib/python3.8/site-packages/locomotion_core
copying /home/rover4-i/rover_ws_ri/build/locomotion_core/build/lib/locomotion_core/rover_state_controller.py -> /home/rover4-i/rover_ws_ri/install/locomotion_core/lib/python3.8/site-packages/locomotion_core
copying /home/rover4-i/rover_ws_ri/build/locomotion_core/build/lib/locomotion_core/cmd_roboteq_pi.py -> /home/rover4-i/rover_ws_ri/install/locomotion_core/lib/python3.8/site-packages/locomotion_core
copying /home/rover4-i/rover_ws_ri/build/locomotion_core/build/lib/locomotion_core/enable_srv.py -> /home/rover4-i/rover_ws_ri/install/locomotion_core/lib/python3.8/site-packages/locomotion_core
byte-compiling /home/rover4-i/rover_ws_ri/install/locomotion_core/lib/python3.8/site-packages/locomotion_core/rover_enable.py to rover_enable.cpython-38.pyc
byte-compiling /home/rover4-i/rover_ws_ri/install/locomotion_core/lib/python3.8/site-packages/locomotion_core/rover_state_controller.py to rover_state_controller.cpython-38.pyc
byte-compiling /home/rover4-i/rover_ws_ri/install/locomotion_core/lib/python3.8/site-packages/locomotion_core/cmd_roboteq_pi.py to cmd_roboteq_pi.cpython-38.pyc
byte-compiling /home/rover4-i/rover_ws_ri/install/locomotion_core/lib/python3.8/site-packages/locomotion_core/enable_srv.py to enable_srv.cpython-38.pyc
running install_data
running install_egg_info
removing '/home/rover4-i/rover_ws_ri/install/locomotion_core/lib/python3.8/site-packages/locomotion_core-0.0.0-py3.8.egg-info' (and everything under it)
Copying ../../build/locomotion_core/locomotion_core.egg-info to /home/rover4-i/rover_ws_ri/install/locomotion_core/lib/python3.8/site-packages/locomotion_core-0.0.0-py3.8.egg-info
running install_scripts
Installing cmd_roboteq script to /home/rover4-i/rover_ws_ri/install/locomotion_core/lib/locomotion_core
Installing cmd_roboteq2 script to /home/rover4-i/rover_ws_ri/install/locomotion_core/lib/locomotion_core
Installing en_service script to /home/rover4-i/rover_ws_ri/install/locomotion_core/lib/locomotion_core
Installing movebase_kinematics script to /home/rover4-i/rover_ws_ri/install/locomotion_core/lib/locomotion_core
Installing rover_enable script to /home/rover4-i/rover_ws_ri/install/locomotion_core/lib/locomotion_core
Installing rover_state_controller script to /home/rover4-i/rover_ws_ri/install/locomotion_core/lib/locomotion_core
writing list of installed files to '/home/rover4-i/rover_ws_ri/build/locomotion_core/install.log'
