[0.623s] Invoking command in '/home/rover4-i/rover_ws_ri/build/robot_startup': CMAKE_PREFIX_PATH=/opt/ros/foxy /usr/bin/cmake --build /home/rover4-i/rover_ws_ri/build/robot_startup -- -j6 -l6
[0.996s] CMake Error: The current CMakeCache.txt directory /home/rover4-i/rover_ws_ri/build/robot_startup/CMakeCache.txt is different than the directory /home/rover4-i/Desktop/Rover/rover_ws_ri/build/robot_startup where CMakeCache.txt was created. This may result in binaries being created in the wrong place. If you are not sure, reedit the CMakeCache.txt
[1.228s] Invoked command in '/home/rover4-i/rover_ws_ri/build/robot_startup' returned '0': CMAKE_PREFIX_PATH=/opt/ros/foxy /usr/bin/cmake --build /home/rover4-i/rover_ws_ri/build/robot_startup -- -j6 -l6
[1.296s] Invoking command in '/home/rover4-i/rover_ws_ri/build/robot_startup': CMAKE_PREFIX_PATH=/opt/ros/foxy /usr/bin/cmake --install /home/rover4-i/rover_ws_ri/build/robot_startup
[1.314s] -- Install configuration: ""
[1.314s] -- Up-to-date: /home/rover4-i/Desktop/Rover/rover_ws_ri/install/robot_startup/share/robot_startup/launch
[1.315s] -- Up-to-date: /home/rover4-i/Desktop/Rover/rover_ws_ri/install/robot_startup/share/robot_startup/launch/rover.launch.py
[1.315s] -- Up-to-date: /home/rover4-i/Desktop/Rover/rover_ws_ri/install/robot_startup/share/ament_index/resource_index/package_run_dependencies/robot_startup
[1.315s] -- Up-to-date: /home/rover4-i/Desktop/Rover/rover_ws_ri/install/robot_startup/share/ament_index/resource_index/parent_prefix_path/robot_startup
[1.315s] -- Up-to-date: /home/rover4-i/Desktop/Rover/rover_ws_ri/install/robot_startup/share/robot_startup/environment/ament_prefix_path.sh
[1.315s] -- Up-to-date: /home/rover4-i/Desktop/Rover/rover_ws_ri/install/robot_startup/share/robot_startup/environment/ament_prefix_path.dsv
[1.316s] -- Up-to-date: /home/rover4-i/Desktop/Rover/rover_ws_ri/install/robot_startup/share/robot_startup/environment/path.sh
[1.316s] -- Up-to-date: /home/rover4-i/Desktop/Rover/rover_ws_ri/install/robot_startup/share/robot_startup/environment/path.dsv
[1.316s] -- Up-to-date: /home/rover4-i/Desktop/Rover/rover_ws_ri/install/robot_startup/share/robot_startup/local_setup.bash
[1.316s] -- Up-to-date: /home/rover4-i/Desktop/Rover/rover_ws_ri/install/robot_startup/share/robot_startup/local_setup.sh
[1.316s] -- Up-to-date: /home/rover4-i/Desktop/Rover/rover_ws_ri/install/robot_startup/share/robot_startup/local_setup.zsh
[1.317s] -- Up-to-date: /home/rover4-i/Desktop/Rover/rover_ws_ri/install/robot_startup/share/robot_startup/local_setup.dsv
[1.317s] -- Installing: /home/rover4-i/Desktop/Rover/rover_ws_ri/install/robot_startup/share/robot_startup/package.dsv
[1.337s] -- Up-to-date: /home/rover4-i/Desktop/Rover/rover_ws_ri/install/robot_startup/share/ament_index/resource_index/packages/robot_startup
[1.337s] -- Up-to-date: /home/rover4-i/Desktop/Rover/rover_ws_ri/install/robot_startup/share/robot_startup/cmake/robot_startupConfig.cmake
[1.337s] -- Up-to-date: /home/rover4-i/Desktop/Rover/rover_ws_ri/install/robot_startup/share/robot_startup/cmake/robot_startupConfig-version.cmake
[1.337s] -- Up-to-date: /home/rover4-i/Desktop/Rover/rover_ws_ri/install/robot_startup/share/robot_startup/package.xml
[1.343s] Invoked command in '/home/rover4-i/rover_ws_ri/build/robot_startup' returned '0': CMAKE_PREFIX_PATH=/opt/ros/foxy /usr/bin/cmake --install /home/rover4-i/rover_ws_ri/build/robot_startup
