[0.653s] Invoking command in '/home/rover4-i/rover_ws_ri/build/robot_startup': CMAKE_PREFIX_PATH=/opt/ros/foxy /usr/bin/cmake --build /home/rover4-i/rover_ws_ri/build/robot_startup -- -j6 -l6
[0.677s] CMake Error: The current CMakeCache.txt directory /home/rover4-i/rover_ws_ri/build/robot_startup/CMakeCache.txt is different than the directory /home/rover4-i/Desktop/Rover/rover_ws_ri/build/robot_startup where CMakeCache.txt was created. This may result in binaries being created in the wrong place. If you are not sure, reedit the CMakeCache.txt
[0.744s] Invoked command in '/home/rover4-i/rover_ws_ri/build/robot_startup' returned '0': CMAKE_PREFIX_PATH=/opt/ros/foxy /usr/bin/cmake --build /home/rover4-i/rover_ws_ri/build/robot_startup -- -j6 -l6
[0.818s] Invoking command in '/home/rover4-i/rover_ws_ri/build/robot_startup': CMAKE_PREFIX_PATH=/opt/ros/foxy /usr/bin/cmake --install /home/rover4-i/rover_ws_ri/build/robot_startup
[0.835s] -- Install configuration: ""
[0.835s] -- Up-to-date: /home/rover4-i/Desktop/Rover/rover_ws_ri/install/robot_startup/share/robot_startup/launch
[0.836s] -- Up-to-date: /home/rover4-i/Desktop/Rover/rover_ws_ri/install/robot_startup/share/robot_startup/launch/rover.launch.py
[0.836s] -- Up-to-date: /home/rover4-i/Desktop/Rover/rover_ws_ri/install/robot_startup/share/ament_index/resource_index/package_run_dependencies/robot_startup
[0.836s] -- Up-to-date: /home/rover4-i/Desktop/Rover/rover_ws_ri/install/robot_startup/share/ament_index/resource_index/parent_prefix_path/robot_startup
[0.836s] -- Up-to-date: /home/rover4-i/Desktop/Rover/rover_ws_ri/install/robot_startup/share/robot_startup/environment/ament_prefix_path.sh
[0.837s] -- Up-to-date: /home/rover4-i/Desktop/Rover/rover_ws_ri/install/robot_startup/share/robot_startup/environment/ament_prefix_path.dsv
[0.837s] -- Up-to-date: /home/rover4-i/Desktop/Rover/rover_ws_ri/install/robot_startup/share/robot_startup/environment/path.sh
[0.837s] -- Up-to-date: /home/rover4-i/Desktop/Rover/rover_ws_ri/install/robot_startup/share/robot_startup/environment/path.dsv
[0.837s] -- Up-to-date: /home/rover4-i/Desktop/Rover/rover_ws_ri/install/robot_startup/share/robot_startup/local_setup.bash
[0.837s] -- Up-to-date: /home/rover4-i/Desktop/Rover/rover_ws_ri/install/robot_startup/share/robot_startup/local_setup.sh
[0.837s] -- Up-to-date: /home/rover4-i/Desktop/Rover/rover_ws_ri/install/robot_startup/share/robot_startup/local_setup.zsh
[0.837s] -- Up-to-date: /home/rover4-i/Desktop/Rover/rover_ws_ri/install/robot_startup/share/robot_startup/local_setup.dsv
[0.838s] -- Up-to-date: /home/rover4-i/Desktop/Rover/rover_ws_ri/install/robot_startup/share/robot_startup/package.dsv
[0.838s] -- Up-to-date: /home/rover4-i/Desktop/Rover/rover_ws_ri/install/robot_startup/share/ament_index/resource_index/packages/robot_startup
[0.838s] -- Up-to-date: /home/rover4-i/Desktop/Rover/rover_ws_ri/install/robot_startup/share/robot_startup/cmake/robot_startupConfig.cmake
[0.838s] -- Up-to-date: /home/rover4-i/Desktop/Rover/rover_ws_ri/install/robot_startup/share/robot_startup/cmake/robot_startupConfig-version.cmake
[0.838s] -- Up-to-date: /home/rover4-i/Desktop/Rover/rover_ws_ri/install/robot_startup/share/robot_startup/package.xml
[0.842s] Invoked command in '/home/rover4-i/rover_ws_ri/build/robot_startup' returned '0': CMAKE_PREFIX_PATH=/opt/ros/foxy /usr/bin/cmake --install /home/rover4-i/rover_ws_ri/build/robot_startup
