[0.538s] Invoking command in '/home/rover4-i/rover_ws_ri/build/rover_launch': CMAKE_PREFIX_PATH=${CMAKE_PREFIX_PATH}:/home/rover4-i/rover_ws_ri/install/locomotion_core:/opt/ros/foxy /usr/bin/cmake /home/rover4-i/rover_ws_ri/src/rover_launch -DCMAKE_INSTALL_PREFIX=/home/rover4-i/rover_ws_ri/install/rover_launch
[0.656s] -- The C compiler identification is GNU 9.4.0
[0.840s] -- The CXX compiler identification is GNU 9.4.0
[0.848s] -- Check for working C compiler: /usr/bin/cc
[1.070s] -- Check for working C compiler: /usr/bin/cc -- works
[1.072s] -- Detecting C compiler ABI info
[1.235s] -- Detecting C compiler ABI info - done
[1.254s] -- Detecting C compile features
[1.255s] -- Detecting C compile features - done
[1.261s] -- Check for working CXX compiler: /usr/bin/c++
[1.484s] -- Check for working CXX compiler: /usr/bin/c++ -- works
[1.489s] -- Detecting CXX compiler ABI info
[1.716s] -- Detecting CXX compiler ABI info - done
[1.752s] -- Detecting CXX compile features
[1.753s] -- Detecting CXX compile features - done
[1.757s] -- Found ament_cmake: 0.9.11 (/opt/ros/foxy/share/ament_cmake/cmake)
[1.808s] -- Found PythonInterp: /usr/bin/python3 (found suitable version "3.8.10", minimum required is "3") 
[1.808s] -- Using PYTHON_EXECUTABLE: /usr/bin/python3
[2.214s] -- Found ament_lint_auto: 0.9.8 (/opt/ros/foxy/share/ament_lint_auto/cmake)
[2.367s] -- Added test 'copyright' to check source files copyright and LICENSE
[2.371s] -- Added test 'flake8' to check Python code syntax and style conventions
[2.372s] -- Added test 'lint_cmake' to check CMake code style
[2.373s] -- Added test 'pep257' to check Python code against some of the style conventions in PEP 257
[2.375s] -- Added test 'xmllint' to check XML markup files
[2.380s] -- Configuring done
[2.384s] -- Generating done
[2.386s] -- Build files have been written to: /home/rover4-i/rover_ws_ri/build/rover_launch
[2.405s] Invoked command in '/home/rover4-i/rover_ws_ri/build/rover_launch' returned '0': CMAKE_PREFIX_PATH=${CMAKE_PREFIX_PATH}:/home/rover4-i/rover_ws_ri/install/locomotion_core:/opt/ros/foxy /usr/bin/cmake /home/rover4-i/rover_ws_ri/src/rover_launch -DCMAKE_INSTALL_PREFIX=/home/rover4-i/rover_ws_ri/install/rover_launch
[2.409s] Invoking command in '/home/rover4-i/rover_ws_ri/build/rover_launch': CMAKE_PREFIX_PATH=${CMAKE_PREFIX_PATH}:/home/rover4-i/rover_ws_ri/install/locomotion_core:/opt/ros/foxy /usr/bin/cmake --build /home/rover4-i/rover_ws_ri/build/rover_launch -- -j6 -l6
[2.482s] Invoked command in '/home/rover4-i/rover_ws_ri/build/rover_launch' returned '0': CMAKE_PREFIX_PATH=${CMAKE_PREFIX_PATH}:/home/rover4-i/rover_ws_ri/install/locomotion_core:/opt/ros/foxy /usr/bin/cmake --build /home/rover4-i/rover_ws_ri/build/rover_launch -- -j6 -l6
[2.553s] Invoking command in '/home/rover4-i/rover_ws_ri/build/rover_launch': CMAKE_PREFIX_PATH=${CMAKE_PREFIX_PATH}:/home/rover4-i/rover_ws_ri/install/locomotion_core:/opt/ros/foxy /usr/bin/cmake --install /home/rover4-i/rover_ws_ri/build/rover_launch
[2.571s] -- Install configuration: ""
[2.571s] -- Installing: /home/rover4-i/rover_ws_ri/install/rover_launch/share/ament_index/resource_index/package_run_dependencies/rover_launch
[2.572s] -- Installing: /home/rover4-i/rover_ws_ri/install/rover_launch/share/ament_index/resource_index/parent_prefix_path/rover_launch
[2.572s] -- Installing: /home/rover4-i/rover_ws_ri/install/rover_launch/share/rover_launch/environment/ament_prefix_path.sh
[2.572s] -- Installing: /home/rover4-i/rover_ws_ri/install/rover_launch/share/rover_launch/environment/ament_prefix_path.dsv
[2.573s] -- Installing: /home/rover4-i/rover_ws_ri/install/rover_launch/share/rover_launch/environment/path.sh
[2.573s] -- Installing: /home/rover4-i/rover_ws_ri/install/rover_launch/share/rover_launch/environment/path.dsv
[2.573s] -- Installing: /home/rover4-i/rover_ws_ri/install/rover_launch/share/rover_launch/local_setup.bash
[2.573s] -- Installing: /home/rover4-i/rover_ws_ri/install/rover_launch/share/rover_launch/local_setup.sh
[2.574s] -- Installing: /home/rover4-i/rover_ws_ri/install/rover_launch/share/rover_launch/local_setup.zsh
[2.574s] -- Installing: /home/rover4-i/rover_ws_ri/install/rover_launch/share/rover_launch/local_setup.dsv
[2.574s] -- Installing: /home/rover4-i/rover_ws_ri/install/rover_launch/share/rover_launch/package.dsv
[2.575s] -- Installing: /home/rover4-i/rover_ws_ri/install/rover_launch/share/ament_index/resource_index/packages/rover_launch
[2.575s] -- Installing: /home/rover4-i/rover_ws_ri/install/rover_launch/share/rover_launch/cmake/rover_launchConfig.cmake
[2.575s] -- Installing: /home/rover4-i/rover_ws_ri/install/rover_launch/share/rover_launch/cmake/rover_launchConfig-version.cmake
[2.576s] -- Installing: /home/rover4-i/rover_ws_ri/install/rover_launch/share/rover_launch/package.xml
[2.586s] Invoked command in '/home/rover4-i/rover_ws_ri/build/rover_launch' returned '0': CMAKE_PREFIX_PATH=${CMAKE_PREFIX_PATH}:/home/rover4-i/rover_ws_ri/install/locomotion_core:/opt/ros/foxy /usr/bin/cmake --install /home/rover4-i/rover_ws_ri/build/rover_launch
