[0.618s] DEBUG:colcon:Command line arguments: ['/usr/bin/colcon', 'build']
[0.619s] DEBUG:colcon:Parsed command line arguments: Namespace(allow_overriding=[], ament_cmake_args=None, base_paths=['.'], build_base='build', catkin_cmake_args=None, catkin_skip_building_tests=False, cmake_args=None, cmake_clean_cache=False, cmake_clean_first=False, cmake_force_configure=False, cmake_target=None, cmake_target_skip_unavailable=False, continue_on_error=False, event_handlers=None, executor='parallel', ignore_user_meta=False, install_base='install', log_base=None, log_level=None, main=<bound method BuildVerb.main of <colcon_core.verb.build.BuildVerb object at 0xffffad6bb400>>, merge_install=False, metas=['./colcon.meta'], packages_above=None, packages_above_and_dependencies=None, packages_above_depth=None, packages_end=None, packages_ignore=None, packages_ignore_regex=None, packages_select=None, packages_select_build_failed=False, packages_select_by_dep=None, packages_select_regex=None, packages_select_test_failures=False, packages_skip=None, packages_skip_build_finished=False, packages_skip_by_dep=None, packages_skip_regex=None, packages_skip_test_passed=False, packages_skip_up_to=None, packages_start=None, packages_up_to=None, packages_up_to_regex=None, parallel_workers=6, paths=None, symlink_install=False, test_result_base=None, verb_extension=<colcon_core.verb.build.BuildVerb object at 0xffffad6bb400>, verb_name='build', verb_parser=<colcon_defaults.argument_parser.defaults.DefaultArgumentsDecorator object at 0xffffad6bb940>)
[0.689s] Level 1:colcon.colcon_core.package_discovery:discover_packages(colcon_meta) check parameters
[0.690s] Level 1:colcon.colcon_core.package_discovery:discover_packages(recursive) check parameters
[0.690s] Level 1:colcon.colcon_core.package_discovery:discover_packages(ignore) check parameters
[0.690s] Level 1:colcon.colcon_core.package_discovery:discover_packages(path) check parameters
[0.690s] Level 1:colcon.colcon_core.package_discovery:discover_packages(colcon_meta) discover
[0.690s] Level 1:colcon.colcon_core.package_discovery:discover_packages(recursive) discover
[0.690s] INFO:colcon.colcon_core.package_discovery:Crawling recursively for packages in '/home/rover4-i/Desktop/Rover/rover_ws_ri'
[0.691s] Level 1:colcon.colcon_core.package_identification:_identify(.) by extensions ['ignore', 'ignore_ament_install']
[0.691s] Level 1:colcon.colcon_core.package_identification:_identify(.) by extension 'ignore'
[0.691s] Level 1:colcon.colcon_core.package_identification:_identify(.) by extension 'ignore_ament_install'
[0.691s] Level 1:colcon.colcon_core.package_identification:_identify(.) by extensions ['colcon_pkg']
[0.692s] Level 1:colcon.colcon_core.package_identification:_identify(.) by extension 'colcon_pkg'
[0.692s] Level 1:colcon.colcon_core.package_identification:_identify(.) by extensions ['colcon_meta']
[0.692s] Level 1:colcon.colcon_core.package_identification:_identify(.) by extension 'colcon_meta'
[0.692s] Level 1:colcon.colcon_core.package_identification:_identify(.) by extensions ['ros']
[0.692s] Level 1:colcon.colcon_core.package_identification:_identify(.) by extension 'ros'
[0.754s] Level 1:colcon.colcon_core.package_identification:_identify(.) by extensions ['cmake', 'python']
[0.754s] Level 1:colcon.colcon_core.package_identification:_identify(.) by extension 'cmake'
[0.755s] Level 1:colcon.colcon_core.package_identification:_identify(.) by extension 'python'
[0.755s] Level 1:colcon.colcon_core.package_identification:_identify(.) by extensions ['python_setup_py']
[0.755s] Level 1:colcon.colcon_core.package_identification:_identify(.) by extension 'python_setup_py'
[0.755s] Level 1:colcon.colcon_core.package_identification:_identify(build) by extensions ['ignore', 'ignore_ament_install']
[0.756s] Level 1:colcon.colcon_core.package_identification:_identify(build) by extension 'ignore'
[0.756s] Level 1:colcon.colcon_core.package_identification:_identify(build) ignored
[0.756s] Level 1:colcon.colcon_core.package_identification:_identify(install) by extensions ['ignore', 'ignore_ament_install']
[0.756s] Level 1:colcon.colcon_core.package_identification:_identify(install) by extension 'ignore'
[0.757s] Level 1:colcon.colcon_core.package_identification:_identify(install) ignored
[0.757s] Level 1:colcon.colcon_core.package_identification:_identify(log) by extensions ['ignore', 'ignore_ament_install']
[0.757s] Level 1:colcon.colcon_core.package_identification:_identify(log) by extension 'ignore'
[0.757s] Level 1:colcon.colcon_core.package_identification:_identify(log) ignored
[0.758s] Level 1:colcon.colcon_core.package_identification:_identify(src) by extensions ['ignore', 'ignore_ament_install']
[0.758s] Level 1:colcon.colcon_core.package_identification:_identify(src) by extension 'ignore'
[0.758s] Level 1:colcon.colcon_core.package_identification:_identify(src) by extension 'ignore_ament_install'
[0.758s] Level 1:colcon.colcon_core.package_identification:_identify(src) by extensions ['colcon_pkg']
[0.758s] Level 1:colcon.colcon_core.package_identification:_identify(src) by extension 'colcon_pkg'
[0.759s] Level 1:colcon.colcon_core.package_identification:_identify(src) by extensions ['colcon_meta']
[0.759s] Level 1:colcon.colcon_core.package_identification:_identify(src) by extension 'colcon_meta'
[0.759s] Level 1:colcon.colcon_core.package_identification:_identify(src) by extensions ['ros']
[0.759s] Level 1:colcon.colcon_core.package_identification:_identify(src) by extension 'ros'
[0.759s] Level 1:colcon.colcon_core.package_identification:_identify(src) by extensions ['cmake', 'python']
[0.759s] Level 1:colcon.colcon_core.package_identification:_identify(src) by extension 'cmake'
[0.759s] Level 1:colcon.colcon_core.package_identification:_identify(src) by extension 'python'
[0.760s] Level 1:colcon.colcon_core.package_identification:_identify(src) by extensions ['python_setup_py']
[0.760s] Level 1:colcon.colcon_core.package_identification:_identify(src) by extension 'python_setup_py'
[0.760s] Level 1:colcon.colcon_core.package_identification:_identify(src/build) by extensions ['ignore', 'ignore_ament_install']
[0.760s] Level 1:colcon.colcon_core.package_identification:_identify(src/build) by extension 'ignore'
[0.761s] Level 1:colcon.colcon_core.package_identification:_identify(src/build) ignored
[0.761s] Level 1:colcon.colcon_core.package_identification:_identify(src/install) by extensions ['ignore', 'ignore_ament_install']
[0.761s] Level 1:colcon.colcon_core.package_identification:_identify(src/install) by extension 'ignore'
[0.761s] Level 1:colcon.colcon_core.package_identification:_identify(src/install) ignored
[0.762s] Level 1:colcon.colcon_core.package_identification:_identify(src/locomotion_core) by extensions ['ignore', 'ignore_ament_install']
[0.762s] Level 1:colcon.colcon_core.package_identification:_identify(src/locomotion_core) by extension 'ignore'
[0.762s] Level 1:colcon.colcon_core.package_identification:_identify(src/locomotion_core) by extension 'ignore_ament_install'
[0.762s] Level 1:colcon.colcon_core.package_identification:_identify(src/locomotion_core) by extensions ['colcon_pkg']
[0.762s] Level 1:colcon.colcon_core.package_identification:_identify(src/locomotion_core) by extension 'colcon_pkg'
[0.762s] Level 1:colcon.colcon_core.package_identification:_identify(src/locomotion_core) by extensions ['colcon_meta']
[0.762s] Level 1:colcon.colcon_core.package_identification:_identify(src/locomotion_core) by extension 'colcon_meta'
[0.762s] Level 1:colcon.colcon_core.package_identification:_identify(src/locomotion_core) by extensions ['ros']
[0.763s] Level 1:colcon.colcon_core.package_identification:_identify(src/locomotion_core) by extension 'ros'
[0.768s] DEBUG:colcon.colcon_core.package_identification:Package 'src/locomotion_core' with type 'ros.ament_python' and name 'locomotion_core'
[0.769s] Level 1:colcon.colcon_core.package_identification:_identify(src/log) by extensions ['ignore', 'ignore_ament_install']
[0.769s] Level 1:colcon.colcon_core.package_identification:_identify(src/log) by extension 'ignore'
[0.769s] Level 1:colcon.colcon_core.package_identification:_identify(src/log) ignored
[0.770s] Level 1:colcon.colcon_core.package_identification:_identify(src/robot_startup) by extensions ['ignore', 'ignore_ament_install']
[0.770s] Level 1:colcon.colcon_core.package_identification:_identify(src/robot_startup) by extension 'ignore'
[0.770s] Level 1:colcon.colcon_core.package_identification:_identify(src/robot_startup) by extension 'ignore_ament_install'
[0.770s] Level 1:colcon.colcon_core.package_identification:_identify(src/robot_startup) by extensions ['colcon_pkg']
[0.770s] Level 1:colcon.colcon_core.package_identification:_identify(src/robot_startup) by extension 'colcon_pkg'
[0.770s] Level 1:colcon.colcon_core.package_identification:_identify(src/robot_startup) by extensions ['colcon_meta']
[0.770s] Level 1:colcon.colcon_core.package_identification:_identify(src/robot_startup) by extension 'colcon_meta'
[0.771s] Level 1:colcon.colcon_core.package_identification:_identify(src/robot_startup) by extensions ['ros']
[0.771s] Level 1:colcon.colcon_core.package_identification:_identify(src/robot_startup) by extension 'ros'
[0.772s] DEBUG:colcon.colcon_core.package_identification:Package 'src/robot_startup' with type 'ros.ament_cmake' and name 'robot_startup'
[0.772s] Level 1:colcon.colcon_core.package_discovery:discover_packages(recursive) using defaults
[0.772s] Level 1:colcon.colcon_core.package_discovery:discover_packages(ignore) discover
[0.772s] Level 1:colcon.colcon_core.package_discovery:discover_packages(ignore) using defaults
[0.772s] Level 1:colcon.colcon_core.package_discovery:discover_packages(path) discover
[0.772s] Level 1:colcon.colcon_core.package_discovery:discover_packages(path) using defaults
[0.817s] Level 1:colcon.colcon_core.package_discovery:discover_packages(prefix_path) check parameters
[0.818s] Level 1:colcon.colcon_core.package_discovery:discover_packages(prefix_path) discover
[0.823s] WARNING:colcon.colcon_ros.prefix_path.ament:The path '/home/rover4-i/Desktop/Rover/rover_ws_ri/install/teleop_twist_joy' in the environment variable AMENT_PREFIX_PATH doesn't exist
[0.824s] WARNING:colcon.colcon_ros.prefix_path.catkin:The path '/home/rover4-i/Desktop/Rover/rover_ws_ri/install/teleop_twist_joy' in the environment variable CMAKE_PREFIX_PATH doesn't exist
[0.827s] DEBUG:colcon.colcon_installed_package_information.package_discovery:Found 2 installed packages in /home/rover4-i/Desktop/Rover/rover_ws_ri/install
[0.830s] DEBUG:colcon.colcon_installed_package_information.package_discovery:Found 256 installed packages in /opt/ros/foxy
[0.833s] Level 1:colcon.colcon_core.package_discovery:discover_packages(prefix_path) using defaults
[0.977s] Level 5:colcon.colcon_core.verb:set package 'locomotion_core' build argument 'cmake_args' from command line to 'None'
[0.977s] Level 5:colcon.colcon_core.verb:set package 'locomotion_core' build argument 'cmake_target' from command line to 'None'
[0.977s] Level 5:colcon.colcon_core.verb:set package 'locomotion_core' build argument 'cmake_target_skip_unavailable' from command line to 'False'
[0.977s] Level 5:colcon.colcon_core.verb:set package 'locomotion_core' build argument 'cmake_clean_cache' from command line to 'False'
[0.977s] Level 5:colcon.colcon_core.verb:set package 'locomotion_core' build argument 'cmake_clean_first' from command line to 'False'
[0.977s] Level 5:colcon.colcon_core.verb:set package 'locomotion_core' build argument 'cmake_force_configure' from command line to 'False'
[0.977s] Level 5:colcon.colcon_core.verb:set package 'locomotion_core' build argument 'ament_cmake_args' from command line to 'None'
[0.978s] Level 5:colcon.colcon_core.verb:set package 'locomotion_core' build argument 'catkin_cmake_args' from command line to 'None'
[0.978s] Level 5:colcon.colcon_core.verb:set package 'locomotion_core' build argument 'catkin_skip_building_tests' from command line to 'False'
[0.978s] DEBUG:colcon.colcon_core.verb:Building package 'locomotion_core' with the following arguments: {'ament_cmake_args': None, 'build_base': '/home/rover4-i/Desktop/Rover/rover_ws_ri/build/locomotion_core', 'catkin_cmake_args': None, 'catkin_skip_building_tests': False, 'cmake_args': None, 'cmake_clean_cache': False, 'cmake_clean_first': False, 'cmake_force_configure': False, 'cmake_target': None, 'cmake_target_skip_unavailable': False, 'install_base': '/home/rover4-i/Desktop/Rover/rover_ws_ri/install/locomotion_core', 'merge_install': False, 'path': '/home/rover4-i/Desktop/Rover/rover_ws_ri/src/locomotion_core', 'symlink_install': False, 'test_result_base': None}
[0.980s] Level 5:colcon.colcon_core.verb:set package 'robot_startup' build argument 'cmake_args' from command line to 'None'
[0.980s] Level 5:colcon.colcon_core.verb:set package 'robot_startup' build argument 'cmake_target' from command line to 'None'
[0.980s] Level 5:colcon.colcon_core.verb:set package 'robot_startup' build argument 'cmake_target_skip_unavailable' from command line to 'False'
[0.980s] Level 5:colcon.colcon_core.verb:set package 'robot_startup' build argument 'cmake_clean_cache' from command line to 'False'
[0.981s] Level 5:colcon.colcon_core.verb:set package 'robot_startup' build argument 'cmake_clean_first' from command line to 'False'
[0.981s] Level 5:colcon.colcon_core.verb:set package 'robot_startup' build argument 'cmake_force_configure' from command line to 'False'
[0.981s] Level 5:colcon.colcon_core.verb:set package 'robot_startup' build argument 'ament_cmake_args' from command line to 'None'
[0.981s] Level 5:colcon.colcon_core.verb:set package 'robot_startup' build argument 'catkin_cmake_args' from command line to 'None'
[0.981s] Level 5:colcon.colcon_core.verb:set package 'robot_startup' build argument 'catkin_skip_building_tests' from command line to 'False'
[0.981s] DEBUG:colcon.colcon_core.verb:Building package 'robot_startup' with the following arguments: {'ament_cmake_args': None, 'build_base': '/home/rover4-i/Desktop/Rover/rover_ws_ri/build/robot_startup', 'catkin_cmake_args': None, 'catkin_skip_building_tests': False, 'cmake_args': None, 'cmake_clean_cache': False, 'cmake_clean_first': False, 'cmake_force_configure': False, 'cmake_target': None, 'cmake_target_skip_unavailable': False, 'install_base': '/home/rover4-i/Desktop/Rover/rover_ws_ri/install/robot_startup', 'merge_install': False, 'path': '/home/rover4-i/Desktop/Rover/rover_ws_ri/src/robot_startup', 'symlink_install': False, 'test_result_base': None}
[0.982s] INFO:colcon.colcon_core.executor:Executing jobs using 'parallel' executor
[0.990s] DEBUG:colcon.colcon_parallel_executor.executor.parallel:run_until_complete
[0.991s] INFO:colcon.colcon_ros.task.ament_python.build:Building ROS package in '/home/rover4-i/Desktop/Rover/rover_ws_ri/src/locomotion_core' with build type 'ament_python'
[0.992s] Level 1:colcon.colcon_core.shell:create_environment_hook('locomotion_core', 'ament_prefix_path')
[1.002s] INFO:colcon.colcon_core.plugin_system:Skipping extension 'colcon_core.shell.bat': Not used on non-Windows systems
[1.002s] INFO:colcon.colcon_core.shell:Creating environment hook '/home/rover4-i/Desktop/Rover/rover_ws_ri/install/locomotion_core/share/locomotion_core/hook/ament_prefix_path.ps1'
[1.004s] INFO:colcon.colcon_core.shell:Creating environment descriptor '/home/rover4-i/Desktop/Rover/rover_ws_ri/install/locomotion_core/share/locomotion_core/hook/ament_prefix_path.dsv'
[1.006s] INFO:colcon.colcon_core.shell:Creating environment hook '/home/rover4-i/Desktop/Rover/rover_ws_ri/install/locomotion_core/share/locomotion_core/hook/ament_prefix_path.sh'
[1.022s] INFO:colcon.colcon_core.shell:Skip shell extension 'powershell' for command environment: Not usable outside of PowerShell
[1.022s] DEBUG:colcon.colcon_core.shell:Skip shell extension 'dsv' for command environment
[1.039s] INFO:colcon.colcon_ros.task.ament_cmake.build:Building ROS package in '/home/rover4-i/Desktop/Rover/rover_ws_ri/src/robot_startup' with build type 'ament_cmake'
[1.039s] INFO:colcon.colcon_cmake.task.cmake.build:Building CMake package in '/home/rover4-i/Desktop/Rover/rover_ws_ri/src/robot_startup'
[1.043s] INFO:colcon.colcon_core.shell:Skip shell extension 'powershell' for command environment: Not usable outside of PowerShell
[1.044s] DEBUG:colcon.colcon_core.shell:Skip shell extension 'dsv' for command environment
[1.518s] INFO:colcon.colcon_core.task.python.build:Building Python package in '/home/rover4-i/Desktop/Rover/rover_ws_ri/src/locomotion_core'
[1.522s] INFO:colcon.colcon_core.shell:Skip shell extension 'powershell' for command environment: Not usable outside of PowerShell
[1.522s] DEBUG:colcon.colcon_core.shell:Skip shell extension 'dsv' for command environment
[1.549s] DEBUG:colcon.colcon_core.event_handler.log_command:Invoking command in '/home/rover4-i/Desktop/Rover/rover_ws_ri/build/robot_startup': CMAKE_PREFIX_PATH=${CMAKE_PREFIX_PATH}:/home/rover4-i/Desktop/Rover/rover_ws_ri/install/locomotion_core:/opt/ros/foxy /usr/bin/cmake --build /home/rover4-i/Desktop/Rover/rover_ws_ri/build/robot_startup -- -j6 -l6
[1.635s] DEBUG:colcon.colcon_core.event_handler.log_command:Invoked command in '/home/rover4-i/Desktop/Rover/rover_ws_ri/build/robot_startup' returned '0': CMAKE_PREFIX_PATH=${CMAKE_PREFIX_PATH}:/home/rover4-i/Desktop/Rover/rover_ws_ri/install/locomotion_core:/opt/ros/foxy /usr/bin/cmake --build /home/rover4-i/Desktop/Rover/rover_ws_ri/build/robot_startup -- -j6 -l6
[1.703s] DEBUG:colcon.colcon_core.event_handler.log_command:Invoking command in '/home/rover4-i/Desktop/Rover/rover_ws_ri/build/robot_startup': CMAKE_PREFIX_PATH=${CMAKE_PREFIX_PATH}:/home/rover4-i/Desktop/Rover/rover_ws_ri/install/locomotion_core:/opt/ros/foxy /usr/bin/cmake --install /home/rover4-i/Desktop/Rover/rover_ws_ri/build/robot_startup
[1.755s] Level 1:colcon.colcon_core.environment:create_environment_scripts_only(robot_startup)
[1.758s] DEBUG:colcon.colcon_core.event_handler.log_command:Invoked command in '/home/rover4-i/Desktop/Rover/rover_ws_ri/build/robot_startup' returned '0': CMAKE_PREFIX_PATH=${CMAKE_PREFIX_PATH}:/home/rover4-i/Desktop/Rover/rover_ws_ri/install/locomotion_core:/opt/ros/foxy /usr/bin/cmake --install /home/rover4-i/Desktop/Rover/rover_ws_ri/build/robot_startup
[1.768s] Level 1:colcon.colcon_core.environment:checking '/home/rover4-i/Desktop/Rover/rover_ws_ri/install/robot_startup' for CMake module files
[1.770s] Level 1:colcon.colcon_core.environment:checking '/home/rover4-i/Desktop/Rover/rover_ws_ri/install/robot_startup' for CMake config files
[1.770s] Level 1:colcon.colcon_core.shell:create_environment_hook('robot_startup', 'cmake_prefix_path')
[1.773s] INFO:colcon.colcon_core.shell:Creating environment hook '/home/rover4-i/Desktop/Rover/rover_ws_ri/install/robot_startup/share/robot_startup/hook/cmake_prefix_path.ps1'
[1.774s] INFO:colcon.colcon_core.shell:Creating environment descriptor '/home/rover4-i/Desktop/Rover/rover_ws_ri/install/robot_startup/share/robot_startup/hook/cmake_prefix_path.dsv'
[1.775s] INFO:colcon.colcon_core.shell:Creating environment hook '/home/rover4-i/Desktop/Rover/rover_ws_ri/install/robot_startup/share/robot_startup/hook/cmake_prefix_path.sh'
[1.776s] Level 1:colcon.colcon_core.environment:checking '/home/rover4-i/Desktop/Rover/rover_ws_ri/install/robot_startup/bin'
[1.776s] Level 1:colcon.colcon_core.environment:checking '/home/rover4-i/Desktop/Rover/rover_ws_ri/install/robot_startup/lib/pkgconfig/robot_startup.pc'
[1.777s] Level 1:colcon.colcon_core.environment:checking '/home/rover4-i/Desktop/Rover/rover_ws_ri/install/robot_startup/lib/python3.8/site-packages'
[1.777s] Level 1:colcon.colcon_core.environment:checking '/home/rover4-i/Desktop/Rover/rover_ws_ri/install/robot_startup/bin'
[1.781s] INFO:colcon.colcon_core.shell:Creating package script '/home/rover4-i/Desktop/Rover/rover_ws_ri/install/robot_startup/share/robot_startup/package.ps1'
[1.782s] INFO:colcon.colcon_core.shell:Creating package descriptor '/home/rover4-i/Desktop/Rover/rover_ws_ri/install/robot_startup/share/robot_startup/package.dsv'
[1.783s] INFO:colcon.colcon_core.shell:Creating package script '/home/rover4-i/Desktop/Rover/rover_ws_ri/install/robot_startup/share/robot_startup/package.sh'
[1.785s] INFO:colcon.colcon_core.shell:Creating package script '/home/rover4-i/Desktop/Rover/rover_ws_ri/install/robot_startup/share/robot_startup/package.bash'
[1.786s] INFO:colcon.colcon_core.shell:Creating package script '/home/rover4-i/Desktop/Rover/rover_ws_ri/install/robot_startup/share/robot_startup/package.zsh'
[1.787s] Level 1:colcon.colcon_core.environment:create_file_with_runtime_dependencies(/home/rover4-i/Desktop/Rover/rover_ws_ri/install/robot_startup/share/colcon-core/packages/robot_startup)
[1.836s] Level 1:colcon.colcon_core.environment:create_environment_scripts_only(robot_startup)
[1.840s] Level 1:colcon.colcon_core.environment:checking '/home/rover4-i/Desktop/Rover/rover_ws_ri/install/robot_startup' for CMake module files
[1.841s] Level 1:colcon.colcon_core.environment:checking '/home/rover4-i/Desktop/Rover/rover_ws_ri/install/robot_startup' for CMake config files
[1.841s] Level 1:colcon.colcon_core.shell:create_environment_hook('robot_startup', 'cmake_prefix_path')
[1.844s] INFO:colcon.colcon_core.shell:Creating environment hook '/home/rover4-i/Desktop/Rover/rover_ws_ri/install/robot_startup/share/robot_startup/hook/cmake_prefix_path.ps1'
[1.863s] INFO:colcon.colcon_core.shell:Creating environment descriptor '/home/rover4-i/Desktop/Rover/rover_ws_ri/install/robot_startup/share/robot_startup/hook/cmake_prefix_path.dsv'
[1.864s] INFO:colcon.colcon_core.shell:Creating environment hook '/home/rover4-i/Desktop/Rover/rover_ws_ri/install/robot_startup/share/robot_startup/hook/cmake_prefix_path.sh'
[1.866s] Level 1:colcon.colcon_core.environment:checking '/home/rover4-i/Desktop/Rover/rover_ws_ri/install/robot_startup/bin'
[1.866s] Level 1:colcon.colcon_core.environment:checking '/home/rover4-i/Desktop/Rover/rover_ws_ri/install/robot_startup/lib/pkgconfig/robot_startup.pc'
[1.866s] Level 1:colcon.colcon_core.environment:checking '/home/rover4-i/Desktop/Rover/rover_ws_ri/install/robot_startup/lib/python3.8/site-packages'
[1.867s] Level 1:colcon.colcon_core.environment:checking '/home/rover4-i/Desktop/Rover/rover_ws_ri/install/robot_startup/bin'
[1.870s] INFO:colcon.colcon_core.shell:Creating package script '/home/rover4-i/Desktop/Rover/rover_ws_ri/install/robot_startup/share/robot_startup/package.ps1'
[1.872s] INFO:colcon.colcon_core.shell:Creating package descriptor '/home/rover4-i/Desktop/Rover/rover_ws_ri/install/robot_startup/share/robot_startup/package.dsv'
[1.873s] INFO:colcon.colcon_core.shell:Creating package script '/home/rover4-i/Desktop/Rover/rover_ws_ri/install/robot_startup/share/robot_startup/package.sh'
[1.874s] INFO:colcon.colcon_core.shell:Creating package script '/home/rover4-i/Desktop/Rover/rover_ws_ri/install/robot_startup/share/robot_startup/package.bash'
[1.875s] INFO:colcon.colcon_core.shell:Creating package script '/home/rover4-i/Desktop/Rover/rover_ws_ri/install/robot_startup/share/robot_startup/package.zsh'
[1.876s] Level 1:colcon.colcon_core.environment:create_file_with_runtime_dependencies(/home/rover4-i/Desktop/Rover/rover_ws_ri/install/robot_startup/share/colcon-core/packages/robot_startup)
[2.315s] DEBUG:colcon.colcon_core.event_handler.log_command:Invoking command in '/home/rover4-i/Desktop/Rover/rover_ws_ri/src/locomotion_core': PYTHONPATH=/home/rover4-i/Desktop/Rover/rover_ws_ri/build/locomotion_core/prefix_override:/home/rover4-i/Desktop/Rover/rover_ws_ri/install/locomotion_core/lib/python3.8/site-packages:${PYTHONPATH} /usr/bin/python3 setup.py egg_info --egg-base ../../build/locomotion_core build --build-base /home/rover4-i/Desktop/Rover/rover_ws_ri/build/locomotion_core/build install --record /home/rover4-i/Desktop/Rover/rover_ws_ri/build/locomotion_core/install.log --single-version-externally-managed
[2.905s] Level 1:colcon.colcon_core.environment:checking '/home/rover4-i/Desktop/Rover/rover_ws_ri/install/locomotion_core' for CMake module files
[2.907s] DEBUG:colcon.colcon_core.event_handler.log_command:Invoked command in '/home/rover4-i/Desktop/Rover/rover_ws_ri/src/locomotion_core' returned '0': PYTHONPATH=/home/rover4-i/Desktop/Rover/rover_ws_ri/build/locomotion_core/prefix_override:/home/rover4-i/Desktop/Rover/rover_ws_ri/install/locomotion_core/lib/python3.8/site-packages:${PYTHONPATH} /usr/bin/python3 setup.py egg_info --egg-base ../../build/locomotion_core build --build-base /home/rover4-i/Desktop/Rover/rover_ws_ri/build/locomotion_core/build install --record /home/rover4-i/Desktop/Rover/rover_ws_ri/build/locomotion_core/install.log --single-version-externally-managed
[2.908s] Level 1:colcon.colcon_core.environment:checking '/home/rover4-i/Desktop/Rover/rover_ws_ri/install/locomotion_core' for CMake config files
[2.910s] Level 1:colcon.colcon_core.environment:checking '/home/rover4-i/Desktop/Rover/rover_ws_ri/install/locomotion_core/lib'
[2.911s] Level 1:colcon.colcon_core.environment:checking '/home/rover4-i/Desktop/Rover/rover_ws_ri/install/locomotion_core/bin'
[2.912s] Level 1:colcon.colcon_core.environment:checking '/home/rover4-i/Desktop/Rover/rover_ws_ri/install/locomotion_core/lib/pkgconfig/locomotion_core.pc'
[2.912s] Level 1:colcon.colcon_core.environment:checking '/home/rover4-i/Desktop/Rover/rover_ws_ri/install/locomotion_core/lib/python3.8/site-packages'
[2.913s] Level 1:colcon.colcon_core.shell:create_environment_hook('locomotion_core', 'pythonpath')
[2.918s] INFO:colcon.colcon_core.shell:Creating environment hook '/home/rover4-i/Desktop/Rover/rover_ws_ri/install/locomotion_core/share/locomotion_core/hook/pythonpath.ps1'
[2.919s] INFO:colcon.colcon_core.shell:Creating environment descriptor '/home/rover4-i/Desktop/Rover/rover_ws_ri/install/locomotion_core/share/locomotion_core/hook/pythonpath.dsv'
[2.921s] INFO:colcon.colcon_core.shell:Creating environment hook '/home/rover4-i/Desktop/Rover/rover_ws_ri/install/locomotion_core/share/locomotion_core/hook/pythonpath.sh'
[2.923s] Level 1:colcon.colcon_core.environment:checking '/home/rover4-i/Desktop/Rover/rover_ws_ri/install/locomotion_core/bin'
[2.924s] Level 1:colcon.colcon_core.environment:create_environment_scripts_only(locomotion_core)
[2.927s] INFO:colcon.colcon_core.shell:Creating package script '/home/rover4-i/Desktop/Rover/rover_ws_ri/install/locomotion_core/share/locomotion_core/package.ps1'
[2.928s] INFO:colcon.colcon_core.shell:Creating package descriptor '/home/rover4-i/Desktop/Rover/rover_ws_ri/install/locomotion_core/share/locomotion_core/package.dsv'
[2.929s] INFO:colcon.colcon_core.shell:Creating package script '/home/rover4-i/Desktop/Rover/rover_ws_ri/install/locomotion_core/share/locomotion_core/package.sh'
[2.930s] INFO:colcon.colcon_core.shell:Creating package script '/home/rover4-i/Desktop/Rover/rover_ws_ri/install/locomotion_core/share/locomotion_core/package.bash'
[2.930s] INFO:colcon.colcon_core.shell:Creating package script '/home/rover4-i/Desktop/Rover/rover_ws_ri/install/locomotion_core/share/locomotion_core/package.zsh'
[2.931s] Level 1:colcon.colcon_core.environment:create_file_with_runtime_dependencies(/home/rover4-i/Desktop/Rover/rover_ws_ri/install/locomotion_core/share/colcon-core/packages/locomotion_core)
[2.932s] DEBUG:colcon.colcon_parallel_executor.executor.parallel:closing loop
[2.932s] DEBUG:colcon.colcon_parallel_executor.executor.parallel:loop closed
[2.933s] DEBUG:colcon.colcon_parallel_executor.executor.parallel:run_until_complete finished with '0'
[2.933s] DEBUG:colcon.colcon_core.event_reactor:joining thread
[2.948s] INFO:colcon.colcon_core.plugin_system:Skipping extension 'colcon_notification.desktop_notification.terminal_notifier': Not used on non-Darwin systems
[2.948s] INFO:colcon.colcon_core.plugin_system:Skipping extension 'colcon_notification.desktop_notification.win32': Not used on non-Windows systems
[2.948s] INFO:colcon.colcon_notification.desktop_notification:Sending desktop notification using 'notify2'
[2.982s] DEBUG:colcon.colcon_core.event_reactor:joined thread
[2.986s] INFO:colcon.colcon_core.shell:Creating prefix script '/home/rover4-i/Desktop/Rover/rover_ws_ri/install/local_setup.ps1'
[2.989s] INFO:colcon.colcon_core.shell:Creating prefix util module '/home/rover4-i/Desktop/Rover/rover_ws_ri/install/_local_setup_util_ps1.py'
[2.992s] INFO:colcon.colcon_core.shell:Creating prefix chain script '/home/rover4-i/Desktop/Rover/rover_ws_ri/install/setup.ps1'
[2.996s] INFO:colcon.colcon_core.shell:Creating prefix script '/home/rover4-i/Desktop/Rover/rover_ws_ri/install/local_setup.sh'
[2.997s] INFO:colcon.colcon_core.shell:Creating prefix util module '/home/rover4-i/Desktop/Rover/rover_ws_ri/install/_local_setup_util_sh.py'
[2.998s] INFO:colcon.colcon_core.shell:Creating prefix chain script '/home/rover4-i/Desktop/Rover/rover_ws_ri/install/setup.sh'
[3.002s] INFO:colcon.colcon_core.shell:Creating prefix script '/home/rover4-i/Desktop/Rover/rover_ws_ri/install/local_setup.bash'
[3.003s] INFO:colcon.colcon_core.shell:Creating prefix chain script '/home/rover4-i/Desktop/Rover/rover_ws_ri/install/setup.bash'
[3.006s] INFO:colcon.colcon_core.shell:Creating prefix script '/home/rover4-i/Desktop/Rover/rover_ws_ri/install/local_setup.zsh'
[3.007s] INFO:colcon.colcon_core.shell:Creating prefix chain script '/home/rover4-i/Desktop/Rover/rover_ws_ri/install/setup.zsh'
