[0.544s] Invoking command in '/home/rover4-i/rover_ws_ri/build/robot_startup': CMAKE_PREFIX_PATH=${CMAKE_PREFIX_PATH}:/home/rover4-i/rover_ws_ri/install/locomotion_core:/opt/ros/foxy /usr/bin/cmake --build /home/rover4-i/rover_ws_ri/build/robot_startup -- -j6 -l6
[0.625s] Invoked command in '/home/rover4-i/rover_ws_ri/build/robot_startup' returned '0': CMAKE_PREFIX_PATH=${CMAKE_PREFIX_PATH}:/home/rover4-i/rover_ws_ri/install/locomotion_core:/opt/ros/foxy /usr/bin/cmake --build /home/rover4-i/rover_ws_ri/build/robot_startup -- -j6 -l6
[0.700s] Invoking command in '/home/rover4-i/rover_ws_ri/build/robot_startup': CMAKE_PREFIX_PATH=${CMAKE_PREFIX_PATH}:/home/rover4-i/rover_ws_ri/install/locomotion_core:/opt/ros/foxy /usr/bin/cmake --install /home/rover4-i/rover_ws_ri/build/robot_startup
[0.719s] -- Install configuration: ""
[0.719s] -- Up-to-date: /home/rover4-i/rover_ws_ri/install/robot_startup/share/robot_startup/launch
[0.720s] -- Up-to-date: /home/rover4-i/rover_ws_ri/install/robot_startup/share/robot_startup/launch/rover.launch.py
[0.720s] -- Up-to-date: /home/rover4-i/rover_ws_ri/install/robot_startup/share/ament_index/resource_index/package_run_dependencies/robot_startup
[0.720s] -- Up-to-date: /home/rover4-i/rover_ws_ri/install/robot_startup/share/ament_index/resource_index/parent_prefix_path/robot_startup
[0.720s] -- Up-to-date: /home/rover4-i/rover_ws_ri/install/robot_startup/share/robot_startup/environment/ament_prefix_path.sh
[0.721s] -- Up-to-date: /home/rover4-i/rover_ws_ri/install/robot_startup/share/robot_startup/environment/ament_prefix_path.dsv
[0.721s] -- Up-to-date: /home/rover4-i/rover_ws_ri/install/robot_startup/share/robot_startup/environment/path.sh
[0.721s] -- Up-to-date: /home/rover4-i/rover_ws_ri/install/robot_startup/share/robot_startup/environment/path.dsv
[0.721s] -- Up-to-date: /home/rover4-i/rover_ws_ri/install/robot_startup/share/robot_startup/local_setup.bash
[0.721s] -- Up-to-date: /home/rover4-i/rover_ws_ri/install/robot_startup/share/robot_startup/local_setup.sh
[0.721s] -- Up-to-date: /home/rover4-i/rover_ws_ri/install/robot_startup/share/robot_startup/local_setup.zsh
[0.722s] -- Up-to-date: /home/rover4-i/rover_ws_ri/install/robot_startup/share/robot_startup/local_setup.dsv
[0.722s] -- Installing: /home/rover4-i/rover_ws_ri/install/robot_startup/share/robot_startup/package.dsv
[0.722s] -- Up-to-date: /home/rover4-i/rover_ws_ri/install/robot_startup/share/ament_index/resource_index/packages/robot_startup
[0.722s] -- Up-to-date: /home/rover4-i/rover_ws_ri/install/robot_startup/share/robot_startup/cmake/robot_startupConfig.cmake
[0.722s] -- Up-to-date: /home/rover4-i/rover_ws_ri/install/robot_startup/share/robot_startup/cmake/robot_startupConfig-version.cmake
[0.722s] -- Up-to-date: /home/rover4-i/rover_ws_ri/install/robot_startup/share/robot_startup/package.xml
[0.730s] Invoked command in '/home/rover4-i/rover_ws_ri/build/robot_startup' returned '0': CMAKE_PREFIX_PATH=${CMAKE_PREFIX_PATH}:/home/rover4-i/rover_ws_ri/install/locomotion_core:/opt/ros/foxy /usr/bin/cmake --install /home/rover4-i/rover_ws_ri/build/robot_startup
