[0.532s] Invoking command in '/home/rover4-i/rover_ws_ri/build/teleop_twist_joy': CMAKE_PREFIX_PATH=${CMAKE_PREFIX_PATH}:/home/rover4-i/rover_ws_ri/install/locomotion_core:/opt/ros/foxy /usr/bin/cmake /home/rover4-i/rover_ws_ri/src/teleop_twist_joy-foxy -DCMAKE_INSTALL_PREFIX=/home/rover4-i/rover_ws_ri/install/teleop_twist_joy
[0.825s] -- The C compiler identification is GNU 9.4.0
[0.987s] -- The CXX compiler identification is GNU 9.4.0
[0.996s] -- Check for working C compiler: /usr/bin/cc
[1.219s] -- Check for working C compiler: /usr/bin/cc -- works
[1.220s] -- Detecting C compiler ABI info
[1.452s] -- Detecting C compiler ABI info - done
[1.476s] -- Detecting C compile features
[1.477s] -- Detecting C compile features - done
[1.481s] -- Check for working CXX compiler: /usr/bin/c++
[1.702s] -- Check for working CXX compiler: /usr/bin/c++ -- works
[1.704s] -- Detecting CXX compiler ABI info
[1.966s] -- Detecting CXX compiler ABI info - done
[1.990s] -- Detecting CXX compile features
[1.994s] -- Detecting CXX compile features - done
[2.000s] -- Found ament_cmake: 0.9.11 (/opt/ros/foxy/share/ament_cmake/cmake)
[2.051s] -- Found PythonInterp: /usr/bin/python3 (found suitable version "3.8.10", minimum required is "3") 
[2.052s] -- Using PYTHON_EXECUTABLE: /usr/bin/python3
[2.513s] -- Found geometry_msgs: 2.0.5 (/opt/ros/foxy/share/geometry_msgs/cmake)
[2.744s] -- Using all available rosidl_typesupport_c: rosidl_typesupport_fastrtps_c;rosidl_typesupport_introspection_c
[2.763s] -- Found rosidl_adapter: 1.3.0 (/opt/ros/foxy/share/rosidl_adapter/cmake)
[3.377s] -- Found OpenSSL: /usr/lib/aarch64-linux-gnu/libcrypto.so (found version "1.1.1f")  
[3.575s] -- Found FastRTPS: /opt/ros/foxy/include  
[4.033s] -- Using all available rosidl_typesupport_cpp: rosidl_typesupport_fastrtps_cpp;rosidl_typesupport_introspection_cpp
[4.497s] -- Found rclcpp: 2.4.2 (/opt/ros/foxy/share/rclcpp/cmake)
[4.769s] -- Found rmw_implementation_cmake: 1.0.4 (/opt/ros/foxy/share/rmw_implementation_cmake/cmake)
[4.775s] -- Using RMW implementation 'rmw_fastrtps_cpp' as default
[4.779s] -- Looking for pthread.h
[5.070s] -- Looking for pthread.h - found
[5.070s] -- Performing Test CMAKE_HAVE_LIBC_PTHREAD
[5.424s] -- Performing Test CMAKE_HAVE_LIBC_PTHREAD - Failed
[5.424s] -- Looking for pthread_create in pthreads
[5.912s] -- Looking for pthread_create in pthreads - not found
[5.913s] -- Looking for pthread_create in pthread
[6.133s] -- Looking for pthread_create in pthread - found
[6.135s] -- Found Threads: TRUE  
[7.394s] -- Found rclcpp_components: 2.4.2 (/opt/ros/foxy/share/rclcpp_components/cmake)
[7.809s] -- Found sensor_msgs: 2.0.5 (/opt/ros/foxy/share/sensor_msgs/cmake)
[8.091s] -- Performing Test COMPILER_HAS_HIDDEN_VISIBILITY
[8.324s] -- Performing Test COMPILER_HAS_HIDDEN_VISIBILITY - Success
[8.325s] -- Performing Test COMPILER_HAS_HIDDEN_INLINE_VISIBILITY
[8.559s] -- Performing Test COMPILER_HAS_HIDDEN_INLINE_VISIBILITY - Success
[8.559s] -- Performing Test COMPILER_HAS_DEPRECATED_ATTR
[8.792s] -- Performing Test COMPILER_HAS_DEPRECATED_ATTR - Success
[8.939s] -- Found ament_lint_auto: 0.9.8 (/opt/ros/foxy/share/ament_lint_auto/cmake)
[9.253s] -- Found python_cmake_module: 0.8.1 (/opt/ros/foxy/share/python_cmake_module/cmake)
[9.296s] -- Found PythonInterp: /usr/bin/python3 (found suitable version "3.8.10", minimum required is "3.5") 
[9.448s] -- Found PythonLibs: /usr/lib/aarch64-linux-gnu/libpython3.8.so (found suitable version "3.8.10", minimum required is "3.5") 
[9.448s] -- Using PYTHON_EXECUTABLE: /usr/bin/python3
[9.449s] -- Using PYTHON_INCLUDE_DIRS: /usr/include/python3.8
[9.449s] -- Using PYTHON_LIBRARIES: /usr/lib/aarch64-linux-gnu/libpython3.8.so
[9.491s] -- Found PythonExtra: .so  
[9.811s] -- Added test 'cppcheck' to perform static code analysis on C / C++ code
[9.811s] -- Configured cppcheck include dirs: /home/rover4-i/rover_ws_ri/src/teleop_twist_joy-foxy/include
[9.811s] -- Configured cppcheck exclude dirs and/or files: 
[9.812s] -- Added test 'flake8' to check Python code syntax and style conventions
[9.813s] -- Added test 'lint_cmake' to check CMake code style
[9.814s] -- Added test 'pep257' to check Python code against some of the style conventions in PEP 257
[9.816s] -- Added test 'xmllint' to check XML markup files
[9.828s] -- Configuring done
[9.853s] -- Generating done
[9.856s] -- Build files have been written to: /home/rover4-i/rover_ws_ri/build/teleop_twist_joy
[9.893s] Invoked command in '/home/rover4-i/rover_ws_ri/build/teleop_twist_joy' returned '0': CMAKE_PREFIX_PATH=${CMAKE_PREFIX_PATH}:/home/rover4-i/rover_ws_ri/install/locomotion_core:/opt/ros/foxy /usr/bin/cmake /home/rover4-i/rover_ws_ri/src/teleop_twist_joy-foxy -DCMAKE_INSTALL_PREFIX=/home/rover4-i/rover_ws_ri/install/teleop_twist_joy
[9.900s] Invoking command in '/home/rover4-i/rover_ws_ri/build/teleop_twist_joy': CMAKE_PREFIX_PATH=${CMAKE_PREFIX_PATH}:/home/rover4-i/rover_ws_ri/install/locomotion_core:/opt/ros/foxy /usr/bin/cmake --build /home/rover4-i/rover_ws_ri/build/teleop_twist_joy -- -j6 -l6
[9.980s] [35m[1mScanning dependencies of target teleop_twist_joy[0m
[10.279s] [ 25%] [32mBuilding CXX object CMakeFiles/teleop_twist_joy.dir/src/teleop_twist_joy.cpp.o[0m
[23.954s] [ 50%] [32m[1mLinking CXX shared library libteleop_twist_joy.so[0m
[25.141s] [ 50%] Built target teleop_twist_joy
[25.162s] [35m[1mScanning dependencies of target teleop_twist_joy_node[0m
[25.348s] [ 75%] [32mBuilding CXX object CMakeFiles/teleop_twist_joy_node.dir/src/teleop_node.cpp.o[0m
[29.161s] [100%] [32m[1mLinking CXX executable teleop_node[0m
[29.482s] [100%] Built target teleop_twist_joy_node
[29.628s] Invoked command in '/home/rover4-i/rover_ws_ri/build/teleop_twist_joy' returned '0': CMAKE_PREFIX_PATH=${CMAKE_PREFIX_PATH}:/home/rover4-i/rover_ws_ri/install/locomotion_core:/opt/ros/foxy /usr/bin/cmake --build /home/rover4-i/rover_ws_ri/build/teleop_twist_joy -- -j6 -l6
[29.686s] Invoking command in '/home/rover4-i/rover_ws_ri/build/teleop_twist_joy': CMAKE_PREFIX_PATH=${CMAKE_PREFIX_PATH}:/home/rover4-i/rover_ws_ri/install/locomotion_core:/opt/ros/foxy /usr/bin/cmake --install /home/rover4-i/rover_ws_ri/build/teleop_twist_joy
[29.703s] -- Install configuration: ""
[29.704s] -- Installing: /home/rover4-i/rover_ws_ri/install/teleop_twist_joy/lib/libteleop_twist_joy.so
[29.712s] -- Set runtime path of "/home/rover4-i/rover_ws_ri/install/teleop_twist_joy/lib/libteleop_twist_joy.so" to ""
[29.712s] -- Installing: /home/rover4-i/rover_ws_ri/install/teleop_twist_joy/lib/teleop_twist_joy/teleop_node
[29.713s] -- Set runtime path of "/home/rover4-i/rover_ws_ri/install/teleop_twist_joy/lib/teleop_twist_joy/teleop_node" to ""
[29.713s] -- Installing: /home/rover4-i/rover_ws_ri/install/teleop_twist_joy/include
[29.713s] -- Installing: /home/rover4-i/rover_ws_ri/install/teleop_twist_joy/include/teleop_twist_joy
[29.714s] -- Installing: /home/rover4-i/rover_ws_ri/install/teleop_twist_joy/include/teleop_twist_joy/teleop_twist_joy.hpp
[29.714s] -- Installing: /home/rover4-i/rover_ws_ri/install/teleop_twist_joy/include/teleop_twist_joy/teleop_twist_joy_export.h
[29.714s] -- Installing: /home/rover4-i/rover_ws_ri/install/teleop_twist_joy/share/teleop_twist_joy/launch
[29.715s] -- Installing: /home/rover4-i/rover_ws_ri/install/teleop_twist_joy/share/teleop_twist_joy/launch/teleop-launch.py
[29.715s] -- Installing: /home/rover4-i/rover_ws_ri/install/teleop_twist_joy/share/teleop_twist_joy/config
[29.715s] -- Installing: /home/rover4-i/rover_ws_ri/install/teleop_twist_joy/share/teleop_twist_joy/config/xd3.config.yaml
[29.852s] -- Installing: /home/rover4-i/rover_ws_ri/install/teleop_twist_joy/share/teleop_twist_joy/config/ps3.config.yaml
[29.853s] -- Installing: /home/rover4-i/rover_ws_ri/install/teleop_twist_joy/share/teleop_twist_joy/config/ps3-holonomic.config.yaml
[29.853s] -- Installing: /home/rover4-i/rover_ws_ri/install/teleop_twist_joy/share/teleop_twist_joy/config/atk3.config.yaml
[29.854s] -- Installing: /home/rover4-i/rover_ws_ri/install/teleop_twist_joy/share/teleop_twist_joy/config/xbox.config.yaml
[29.855s] -- Installing: /home/rover4-i/rover_ws_ri/install/teleop_twist_joy/share/teleop_twist_joy/environment/library_path.sh
[29.855s] -- Installing: /home/rover4-i/rover_ws_ri/install/teleop_twist_joy/share/teleop_twist_joy/environment/library_path.dsv
[29.856s] -- Installing: /home/rover4-i/rover_ws_ri/install/teleop_twist_joy/share/ament_index/resource_index/package_run_dependencies/teleop_twist_joy
[29.857s] -- Installing: /home/rover4-i/rover_ws_ri/install/teleop_twist_joy/share/ament_index/resource_index/parent_prefix_path/teleop_twist_joy
[29.857s] -- Installing: /home/rover4-i/rover_ws_ri/install/teleop_twist_joy/share/teleop_twist_joy/environment/ament_prefix_path.sh
[29.857s] -- Installing: /home/rover4-i/rover_ws_ri/install/teleop_twist_joy/share/teleop_twist_joy/environment/ament_prefix_path.dsv
[29.858s] -- Installing: /home/rover4-i/rover_ws_ri/install/teleop_twist_joy/share/teleop_twist_joy/environment/path.sh
[29.858s] -- Installing: /home/rover4-i/rover_ws_ri/install/teleop_twist_joy/share/teleop_twist_joy/environment/path.dsv
[29.858s] -- Installing: /home/rover4-i/rover_ws_ri/install/teleop_twist_joy/share/teleop_twist_joy/local_setup.bash
[29.859s] -- Installing: /home/rover4-i/rover_ws_ri/install/teleop_twist_joy/share/teleop_twist_joy/local_setup.sh
[29.859s] -- Installing: /home/rover4-i/rover_ws_ri/install/teleop_twist_joy/share/teleop_twist_joy/local_setup.zsh
[29.859s] -- Installing: /home/rover4-i/rover_ws_ri/install/teleop_twist_joy/share/teleop_twist_joy/local_setup.dsv
[29.860s] -- Installing: /home/rover4-i/rover_ws_ri/install/teleop_twist_joy/share/teleop_twist_joy/package.dsv
[29.860s] -- Installing: /home/rover4-i/rover_ws_ri/install/teleop_twist_joy/share/ament_index/resource_index/packages/teleop_twist_joy
[29.860s] -- Installing: /home/rover4-i/rover_ws_ri/install/teleop_twist_joy/share/ament_index/resource_index/rclcpp_components/teleop_twist_joy
[29.860s] -- Installing: /home/rover4-i/rover_ws_ri/install/teleop_twist_joy/share/teleop_twist_joy/cmake/ament_cmake_export_include_directories-extras.cmake
[29.861s] -- Installing: /home/rover4-i/rover_ws_ri/install/teleop_twist_joy/share/teleop_twist_joy/cmake/ament_cmake_export_libraries-extras.cmake
[29.861s] -- Installing: /home/rover4-i/rover_ws_ri/install/teleop_twist_joy/share/teleop_twist_joy/cmake/teleop_twist_joyConfig.cmake
[29.861s] -- Installing: /home/rover4-i/rover_ws_ri/install/teleop_twist_joy/share/teleop_twist_joy/cmake/teleop_twist_joyConfig-version.cmake
[29.862s] -- Installing: /home/rover4-i/rover_ws_ri/install/teleop_twist_joy/share/teleop_twist_joy/package.xml
[29.870s] Invoked command in '/home/rover4-i/rover_ws_ri/build/teleop_twist_joy' returned '0': CMAKE_PREFIX_PATH=${CMAKE_PREFIX_PATH}:/home/rover4-i/rover_ws_ri/install/locomotion_core:/opt/ros/foxy /usr/bin/cmake --install /home/rover4-i/rover_ws_ri/build/teleop_twist_joy
