-- The C compiler identification is GNU 9.4.0
-- The CXX compiler identification is GNU 9.4.0
-- Check for working C compiler: /usr/bin/cc
-- Check for working C compiler: /usr/bin/cc -- works
-- Detecting C compiler ABI info
-- Detecting C compiler ABI info - done
-- Detecting C compile features
-- Detecting C compile features - done
-- Check for working CXX compiler: /usr/bin/c++
-- Check for working CXX compiler: /usr/bin/c++ -- works
-- Detecting CXX compiler ABI info
-- Detecting CXX compiler ABI info - done
-- Detecting CXX compile features
-- Detecting CXX compile features - done
-- Found ament_cmake: 0.9.11 (/opt/ros/foxy/share/ament_cmake/cmake)
-- Found PythonInterp: /usr/bin/python3 (found suitable version "3.8.10", minimum required is "3") 
-- Using PYTHON_EXECUTABLE: /usr/bin/python3
-- Found ament_lint_auto: 0.9.8 (/opt/ros/foxy/share/ament_lint_auto/cmake)
-- Added test 'flake8' to check Python code syntax and style conventions
-- Added test 'lint_cmake' to check CMake code style
-- Added test 'pep257' to check Python code against some of the style conventions in PEP 257
-- Added test 'xmllint' to check XML markup files
-- Configuring done
-- Generating done
-- Build files have been written to: /home/rover4-i/Desktop/Rover/rover_ws_ri/build/robot_startup
-- Install configuration: ""
-- Installing: /home/rover4-i/Desktop/Rover/rover_ws_ri/install/robot_startup/share/robot_startup/launch
-- Installing: /home/rover4-i/Desktop/Rover/rover_ws_ri/install/robot_startup/share/robot_startup/launch/rover.launch.py
-- Installing: /home/rover4-i/Desktop/Rover/rover_ws_ri/install/robot_startup/share/ament_index/resource_index/package_run_dependencies/robot_startup
-- Installing: /home/rover4-i/Desktop/Rover/rover_ws_ri/install/robot_startup/share/ament_index/resource_index/parent_prefix_path/robot_startup
-- Installing: /home/rover4-i/Desktop/Rover/rover_ws_ri/install/robot_startup/share/robot_startup/environment/ament_prefix_path.sh
-- Installing: /home/rover4-i/Desktop/Rover/rover_ws_ri/install/robot_startup/share/robot_startup/environment/ament_prefix_path.dsv
-- Installing: /home/rover4-i/Desktop/Rover/rover_ws_ri/install/robot_startup/share/robot_startup/environment/path.sh
-- Installing: /home/rover4-i/Desktop/Rover/rover_ws_ri/install/robot_startup/share/robot_startup/environment/path.dsv
-- Installing: /home/rover4-i/Desktop/Rover/rover_ws_ri/install/robot_startup/share/robot_startup/local_setup.bash
-- Installing: /home/rover4-i/Desktop/Rover/rover_ws_ri/install/robot_startup/share/robot_startup/local_setup.sh
-- Installing: /home/rover4-i/Desktop/Rover/rover_ws_ri/install/robot_startup/share/robot_startup/local_setup.zsh
-- Installing: /home/rover4-i/Desktop/Rover/rover_ws_ri/install/robot_startup/share/robot_startup/local_setup.dsv
-- Installing: /home/rover4-i/Desktop/Rover/rover_ws_ri/install/robot_startup/share/robot_startup/package.dsv
-- Installing: /home/rover4-i/Desktop/Rover/rover_ws_ri/install/robot_startup/share/ament_index/resource_index/packages/robot_startup
-- Installing: /home/rover4-i/Desktop/Rover/rover_ws_ri/install/robot_startup/share/robot_startup/cmake/robot_startupConfig.cmake
-- Installing: /home/rover4-i/Desktop/Rover/rover_ws_ri/install/robot_startup/share/robot_startup/cmake/robot_startupConfig-version.cmake
-- Installing: /home/rover4-i/Desktop/Rover/rover_ws_ri/install/robot_startup/share/robot_startup/package.xml
