[0.471s] Invoking command in '/home/rover4-i/Desktop/Rover/rover_ws_ri/build/robot_startup': CMAKE_PREFIX_PATH=${CMAKE_PREFIX_PATH}:/home/rover4-i/Desktop/Rover/rover_ws_ri/install/locomotion_core:/opt/ros/foxy /usr/bin/cmake /home/rover4-i/Desktop/Rover/rover_ws_ri/src/robot_startup -DCMAKE_INSTALL_PREFIX=/home/rover4-i/Desktop/Rover/rover_ws_ri/install/robot_startup
[1.227s] -- The C compiler identification is GNU 9.4.0
[1.916s] -- The CXX compiler identification is GNU 9.4.0
[2.084s] -- Check for working C compiler: /usr/bin/cc
[2.350s] -- Check for working C compiler: /usr/bin/cc -- works
[2.491s] -- Detecting C compiler ABI info
[2.734s] -- Detecting C compiler ABI info - done
[2.902s] -- Detecting C compile features
[2.903s] -- Detecting C compile features - done
[2.909s] -- Check for working CXX compiler: /usr/bin/c++
[3.142s] -- Check for working CXX compiler: /usr/bin/c++ -- works
[3.145s] -- Detecting CXX compiler ABI info
[3.531s] -- Detecting CXX compiler ABI info - done
[3.568s] -- Detecting CXX compile features
[3.569s] -- Detecting CXX compile features - done
[3.574s] -- Found ament_cmake: 0.9.11 (/opt/ros/foxy/share/ament_cmake/cmake)
[3.897s] -- Found PythonInterp: /usr/bin/python3 (found suitable version "3.8.10", minimum required is "3") 
[3.897s] -- Using PYTHON_EXECUTABLE: /usr/bin/python3
[4.432s] -- Found ament_lint_auto: 0.9.8 (/opt/ros/foxy/share/ament_lint_auto/cmake)
[4.590s] -- Added test 'flake8' to check Python code syntax and style conventions
[4.590s] -- Added test 'lint_cmake' to check CMake code style
[4.591s] -- Added test 'pep257' to check Python code against some of the style conventions in PEP 257
[4.593s] -- Added test 'xmllint' to check XML markup files
[4.597s] -- Configuring done
[4.601s] -- Generating done
[4.603s] -- Build files have been written to: /home/rover4-i/Desktop/Rover/rover_ws_ri/build/robot_startup
[4.619s] Invoked command in '/home/rover4-i/Desktop/Rover/rover_ws_ri/build/robot_startup' returned '0': CMAKE_PREFIX_PATH=${CMAKE_PREFIX_PATH}:/home/rover4-i/Desktop/Rover/rover_ws_ri/install/locomotion_core:/opt/ros/foxy /usr/bin/cmake /home/rover4-i/Desktop/Rover/rover_ws_ri/src/robot_startup -DCMAKE_INSTALL_PREFIX=/home/rover4-i/Desktop/Rover/rover_ws_ri/install/robot_startup
[4.627s] Invoking command in '/home/rover4-i/Desktop/Rover/rover_ws_ri/build/robot_startup': CMAKE_PREFIX_PATH=${CMAKE_PREFIX_PATH}:/home/rover4-i/Desktop/Rover/rover_ws_ri/install/locomotion_core:/opt/ros/foxy /usr/bin/cmake --build /home/rover4-i/Desktop/Rover/rover_ws_ri/build/robot_startup -- -j6 -l6
[4.706s] Invoked command in '/home/rover4-i/Desktop/Rover/rover_ws_ri/build/robot_startup' returned '0': CMAKE_PREFIX_PATH=${CMAKE_PREFIX_PATH}:/home/rover4-i/Desktop/Rover/rover_ws_ri/install/locomotion_core:/opt/ros/foxy /usr/bin/cmake --build /home/rover4-i/Desktop/Rover/rover_ws_ri/build/robot_startup -- -j6 -l6
[4.777s] Invoking command in '/home/rover4-i/Desktop/Rover/rover_ws_ri/build/robot_startup': CMAKE_PREFIX_PATH=${CMAKE_PREFIX_PATH}:/home/rover4-i/Desktop/Rover/rover_ws_ri/install/locomotion_core:/opt/ros/foxy /usr/bin/cmake --install /home/rover4-i/Desktop/Rover/rover_ws_ri/build/robot_startup
[4.795s] -- Install configuration: ""
[4.795s] -- Installing: /home/rover4-i/Desktop/Rover/rover_ws_ri/install/robot_startup/share/robot_startup/launch
[4.795s] -- Installing: /home/rover4-i/Desktop/Rover/rover_ws_ri/install/robot_startup/share/robot_startup/launch/rover.launch.py
[4.796s] -- Installing: /home/rover4-i/Desktop/Rover/rover_ws_ri/install/robot_startup/share/ament_index/resource_index/package_run_dependencies/robot_startup
[4.796s] -- Installing: /home/rover4-i/Desktop/Rover/rover_ws_ri/install/robot_startup/share/ament_index/resource_index/parent_prefix_path/robot_startup
[4.797s] -- Installing: /home/rover4-i/Desktop/Rover/rover_ws_ri/install/robot_startup/share/robot_startup/environment/ament_prefix_path.sh
[4.797s] -- Installing: /home/rover4-i/Desktop/Rover/rover_ws_ri/install/robot_startup/share/robot_startup/environment/ament_prefix_path.dsv
[4.797s] -- Installing: /home/rover4-i/Desktop/Rover/rover_ws_ri/install/robot_startup/share/robot_startup/environment/path.sh
[4.797s] -- Installing: /home/rover4-i/Desktop/Rover/rover_ws_ri/install/robot_startup/share/robot_startup/environment/path.dsv
[4.798s] -- Installing: /home/rover4-i/Desktop/Rover/rover_ws_ri/install/robot_startup/share/robot_startup/local_setup.bash
[4.798s] -- Installing: /home/rover4-i/Desktop/Rover/rover_ws_ri/install/robot_startup/share/robot_startup/local_setup.sh
[4.798s] -- Installing: /home/rover4-i/Desktop/Rover/rover_ws_ri/install/robot_startup/share/robot_startup/local_setup.zsh
[4.799s] -- Installing: /home/rover4-i/Desktop/Rover/rover_ws_ri/install/robot_startup/share/robot_startup/local_setup.dsv
[4.799s] -- Installing: /home/rover4-i/Desktop/Rover/rover_ws_ri/install/robot_startup/share/robot_startup/package.dsv
[4.799s] -- Installing: /home/rover4-i/Desktop/Rover/rover_ws_ri/install/robot_startup/share/ament_index/resource_index/packages/robot_startup
[4.800s] -- Installing: /home/rover4-i/Desktop/Rover/rover_ws_ri/install/robot_startup/share/robot_startup/cmake/robot_startupConfig.cmake
[4.800s] -- Installing: /home/rover4-i/Desktop/Rover/rover_ws_ri/install/robot_startup/share/robot_startup/cmake/robot_startupConfig-version.cmake
[4.800s] -- Installing: /home/rover4-i/Desktop/Rover/rover_ws_ri/install/robot_startup/share/robot_startup/package.xml
[4.813s] Invoked command in '/home/rover4-i/Desktop/Rover/rover_ws_ri/build/robot_startup' returned '0': CMAKE_PREFIX_PATH=${CMAKE_PREFIX_PATH}:/home/rover4-i/Desktop/Rover/rover_ws_ri/install/locomotion_core:/opt/ros/foxy /usr/bin/cmake --install /home/rover4-i/Desktop/Rover/rover_ws_ri/build/robot_startup
