[0.520s] Invoking command in '/home/rover4-i/rover_ws_ri/build/teleop_twist_joy': CMAKE_PREFIX_PATH=${CMAKE_PREFIX_PATH}:/home/rover4-i/rover_ws_ri/install/locomotion_core:/opt/ros/foxy /usr/bin/cmake /home/rover4-i/rover_ws_ri/src/teleop_twist_joy-foxy -DCMAKE_INSTALL_PREFIX=/home/rover4-i/rover_ws_ri/install/teleop_twist_joy
[0.991s] -- The C compiler identification is GNU 9.4.0
[1.414s] -- The CXX compiler identification is GNU 9.4.0
[1.573s] -- Check for working C compiler: /usr/bin/cc
[1.837s] -- Check for working C compiler: /usr/bin/cc -- works
[1.981s] -- Detecting C compiler ABI info
[2.251s] -- Detecting C compiler ABI info - done
[2.364s] -- Detecting C compile features
[2.450s] -- Detecting C compile features - done
[2.458s] -- Check for working CXX compiler: /usr/bin/c++
[2.699s] -- Check for working CXX compiler: /usr/bin/c++ -- works
[2.706s] -- Detecting CXX compiler ABI info
[3.096s] -- Detecting CXX compiler ABI info - done
[3.125s] -- Detecting CXX compile features
[3.125s] -- Detecting CXX compile features - done
[3.273s] -- Found ament_cmake: 0.9.11 (/opt/ros/foxy/share/ament_cmake/cmake)
[3.467s] -- Found PythonInterp: /usr/bin/python3 (found suitable version "3.8.10", minimum required is "3") 
[3.468s] -- Using PYTHON_EXECUTABLE: /usr/bin/python3
[4.310s] -- Found geometry_msgs: 2.0.5 (/opt/ros/foxy/share/geometry_msgs/cmake)
[4.529s] -- Using all available rosidl_typesupport_c: rosidl_typesupport_fastrtps_c;rosidl_typesupport_introspection_c
[4.550s] -- Found rosidl_adapter: 1.3.0 (/opt/ros/foxy/share/rosidl_adapter/cmake)
[5.035s] -- Found OpenSSL: /usr/lib/aarch64-linux-gnu/libcrypto.so (found version "1.1.1f")  
[5.230s] -- Found FastRTPS: /opt/ros/foxy/include  
[5.682s] -- Using all available rosidl_typesupport_cpp: rosidl_typesupport_fastrtps_cpp;rosidl_typesupport_introspection_cpp
[6.146s] -- Found rclcpp: 2.4.2 (/opt/ros/foxy/share/rclcpp/cmake)
[6.403s] -- Found rmw_implementation_cmake: 1.0.4 (/opt/ros/foxy/share/rmw_implementation_cmake/cmake)
[6.409s] -- Using RMW implementation 'rmw_fastrtps_cpp' as default
[6.414s] -- Looking for pthread.h
[6.679s] -- Looking for pthread.h - found
[6.680s] -- Performing Test CMAKE_HAVE_LIBC_PTHREAD
[7.035s] -- Performing Test CMAKE_HAVE_LIBC_PTHREAD - Failed
[7.035s] -- Looking for pthread_create in pthreads
[7.523s] -- Looking for pthread_create in pthreads - not found
[7.523s] -- Looking for pthread_create in pthread
[7.752s] -- Looking for pthread_create in pthread - found
[7.756s] -- Found Threads: TRUE  
[9.011s] -- Found rclcpp_components: 2.4.2 (/opt/ros/foxy/share/rclcpp_components/cmake)
[9.420s] -- Found sensor_msgs: 2.0.5 (/opt/ros/foxy/share/sensor_msgs/cmake)
[9.698s] -- Performing Test COMPILER_HAS_HIDDEN_VISIBILITY
[9.934s] -- Performing Test COMPILER_HAS_HIDDEN_VISIBILITY - Success
[9.936s] -- Performing Test COMPILER_HAS_HIDDEN_INLINE_VISIBILITY
[10.167s] -- Performing Test COMPILER_HAS_HIDDEN_INLINE_VISIBILITY - Success
[10.168s] -- Performing Test COMPILER_HAS_DEPRECATED_ATTR
[10.403s] -- Performing Test COMPILER_HAS_DEPRECATED_ATTR - Success
[10.550s] -- Found ament_lint_auto: 0.9.8 (/opt/ros/foxy/share/ament_lint_auto/cmake)
[11.004s] -- Found python_cmake_module: 0.8.1 (/opt/ros/foxy/share/python_cmake_module/cmake)
[11.046s] -- Found PythonInterp: /usr/bin/python3 (found suitable version "3.8.10", minimum required is "3.5") 
[11.198s] -- Found PythonLibs: /usr/lib/aarch64-linux-gnu/libpython3.8.so (found suitable version "3.8.10", minimum required is "3.5") 
[11.199s] -- Using PYTHON_EXECUTABLE: /usr/bin/python3
[11.199s] -- Using PYTHON_INCLUDE_DIRS: /usr/include/python3.8
[11.199s] -- Using PYTHON_LIBRARIES: /usr/lib/aarch64-linux-gnu/libpython3.8.so
[11.239s] -- Found PythonExtra: .so  
[11.558s] -- Added test 'cppcheck' to perform static code analysis on C / C++ code
[11.558s] -- Configured cppcheck include dirs: /home/rover4-i/rover_ws_ri/src/teleop_twist_joy-foxy/include
[11.558s] -- Configured cppcheck exclude dirs and/or files: 
[11.560s] -- Added test 'flake8' to check Python code syntax and style conventions
[11.562s] -- Added test 'lint_cmake' to check CMake code style
[11.563s] -- Added test 'pep257' to check Python code against some of the style conventions in PEP 257
[11.565s] -- Added test 'xmllint' to check XML markup files
[11.579s] -- Configuring done
[11.605s] -- Generating done
[11.608s] -- Build files have been written to: /home/rover4-i/rover_ws_ri/build/teleop_twist_joy
[11.636s] Invoked command in '/home/rover4-i/rover_ws_ri/build/teleop_twist_joy' returned '0': CMAKE_PREFIX_PATH=${CMAKE_PREFIX_PATH}:/home/rover4-i/rover_ws_ri/install/locomotion_core:/opt/ros/foxy /usr/bin/cmake /home/rover4-i/rover_ws_ri/src/teleop_twist_joy-foxy -DCMAKE_INSTALL_PREFIX=/home/rover4-i/rover_ws_ri/install/teleop_twist_joy
[11.643s] Invoking command in '/home/rover4-i/rover_ws_ri/build/teleop_twist_joy': CMAKE_PREFIX_PATH=${CMAKE_PREFIX_PATH}:/home/rover4-i/rover_ws_ri/install/locomotion_core:/opt/ros/foxy /usr/bin/cmake --build /home/rover4-i/rover_ws_ri/build/teleop_twist_joy -- -j6 -l6
[11.723s] [35m[1mScanning dependencies of target teleop_twist_joy[0m
[11.802s] [ 25%] [32mBuilding CXX object CMakeFiles/teleop_twist_joy.dir/src/teleop_twist_joy.cpp.o[0m
[25.267s] [ 50%] [32m[1mLinking CXX shared library libteleop_twist_joy.so[0m
[26.185s] [ 50%] Built target teleop_twist_joy
[26.205s] [35m[1mScanning dependencies of target teleop_twist_joy_node[0m
[26.270s] [ 75%] [32mBuilding CXX object CMakeFiles/teleop_twist_joy_node.dir/src/teleop_node.cpp.o[0m
[30.183s] [100%] [32m[1mLinking CXX executable teleop_node[0m
[30.514s] [100%] Built target teleop_twist_joy_node
[30.661s] Invoked command in '/home/rover4-i/rover_ws_ri/build/teleop_twist_joy' returned '0': CMAKE_PREFIX_PATH=${CMAKE_PREFIX_PATH}:/home/rover4-i/rover_ws_ri/install/locomotion_core:/opt/ros/foxy /usr/bin/cmake --build /home/rover4-i/rover_ws_ri/build/teleop_twist_joy -- -j6 -l6
[30.720s] Invoking command in '/home/rover4-i/rover_ws_ri/build/teleop_twist_joy': CMAKE_PREFIX_PATH=${CMAKE_PREFIX_PATH}:/home/rover4-i/rover_ws_ri/install/locomotion_core:/opt/ros/foxy /usr/bin/cmake --install /home/rover4-i/rover_ws_ri/build/teleop_twist_joy
[30.738s] -- Install configuration: ""
[30.738s] -- Installing: /home/rover4-i/rover_ws_ri/install/teleop_twist_joy/lib/libteleop_twist_joy.so
[30.746s] -- Set runtime path of "/home/rover4-i/rover_ws_ri/install/teleop_twist_joy/lib/libteleop_twist_joy.so" to ""
[30.747s] -- Installing: /home/rover4-i/rover_ws_ri/install/teleop_twist_joy/lib/teleop_twist_joy/teleop_node
[30.747s] -- Set runtime path of "/home/rover4-i/rover_ws_ri/install/teleop_twist_joy/lib/teleop_twist_joy/teleop_node" to ""
[30.748s] -- Installing: /home/rover4-i/rover_ws_ri/install/teleop_twist_joy/include
[30.748s] -- Installing: /home/rover4-i/rover_ws_ri/install/teleop_twist_joy/include/teleop_twist_joy
[30.748s] -- Installing: /home/rover4-i/rover_ws_ri/install/teleop_twist_joy/include/teleop_twist_joy/teleop_twist_joy.hpp
[30.748s] -- Installing: /home/rover4-i/rover_ws_ri/install/teleop_twist_joy/include/teleop_twist_joy/teleop_twist_joy_export.h
[30.748s] -- Installing: /home/rover4-i/rover_ws_ri/install/teleop_twist_joy/share/teleop_twist_joy/launch
[30.748s] -- Installing: /home/rover4-i/rover_ws_ri/install/teleop_twist_joy/share/teleop_twist_joy/launch/teleop-launch.py
[30.749s] -- Installing: /home/rover4-i/rover_ws_ri/install/teleop_twist_joy/share/teleop_twist_joy/config
[30.749s] -- Installing: /home/rover4-i/rover_ws_ri/install/teleop_twist_joy/share/teleop_twist_joy/config/xd3.config.yaml
[30.749s] -- Installing: /home/rover4-i/rover_ws_ri/install/teleop_twist_joy/share/teleop_twist_joy/config/ps3.config.yaml
[30.749s] -- Installing: /home/rover4-i/rover_ws_ri/install/teleop_twist_joy/share/teleop_twist_joy/config/ps3-holonomic.config.yaml
[30.749s] -- Installing: /home/rover4-i/rover_ws_ri/install/teleop_twist_joy/share/teleop_twist_joy/config/atk3.config.yaml
[30.749s] -- Installing: /home/rover4-i/rover_ws_ri/install/teleop_twist_joy/share/teleop_twist_joy/config/xbox.config.yaml
[30.750s] -- Installing: /home/rover4-i/rover_ws_ri/install/teleop_twist_joy/share/teleop_twist_joy/environment/library_path.sh
[30.750s] -- Installing: /home/rover4-i/rover_ws_ri/install/teleop_twist_joy/share/teleop_twist_joy/environment/library_path.dsv
[30.751s] -- Installing: /home/rover4-i/rover_ws_ri/install/teleop_twist_joy/share/ament_index/resource_index/package_run_dependencies/teleop_twist_joy
[30.751s] -- Installing: /home/rover4-i/rover_ws_ri/install/teleop_twist_joy/share/ament_index/resource_index/parent_prefix_path/teleop_twist_joy
[30.752s] -- Installing: /home/rover4-i/rover_ws_ri/install/teleop_twist_joy/share/teleop_twist_joy/environment/ament_prefix_path.sh
[30.752s] -- Installing: /home/rover4-i/rover_ws_ri/install/teleop_twist_joy/share/teleop_twist_joy/environment/ament_prefix_path.dsv
[30.752s] -- Installing: /home/rover4-i/rover_ws_ri/install/teleop_twist_joy/share/teleop_twist_joy/environment/path.sh
[30.752s] -- Installing: /home/rover4-i/rover_ws_ri/install/teleop_twist_joy/share/teleop_twist_joy/environment/path.dsv
[30.753s] -- Installing: /home/rover4-i/rover_ws_ri/install/teleop_twist_joy/share/teleop_twist_joy/local_setup.bash
[30.753s] -- Installing: /home/rover4-i/rover_ws_ri/install/teleop_twist_joy/share/teleop_twist_joy/local_setup.sh
[30.753s] -- Installing: /home/rover4-i/rover_ws_ri/install/teleop_twist_joy/share/teleop_twist_joy/local_setup.zsh
[30.753s] -- Installing: /home/rover4-i/rover_ws_ri/install/teleop_twist_joy/share/teleop_twist_joy/local_setup.dsv
[30.754s] -- Installing: /home/rover4-i/rover_ws_ri/install/teleop_twist_joy/share/teleop_twist_joy/package.dsv
[30.754s] -- Installing: /home/rover4-i/rover_ws_ri/install/teleop_twist_joy/share/ament_index/resource_index/packages/teleop_twist_joy
[30.755s] -- Installing: /home/rover4-i/rover_ws_ri/install/teleop_twist_joy/share/ament_index/resource_index/rclcpp_components/teleop_twist_joy
[30.755s] -- Installing: /home/rover4-i/rover_ws_ri/install/teleop_twist_joy/share/teleop_twist_joy/cmake/ament_cmake_export_include_directories-extras.cmake
[30.755s] -- Installing: /home/rover4-i/rover_ws_ri/install/teleop_twist_joy/share/teleop_twist_joy/cmake/ament_cmake_export_libraries-extras.cmake
[30.756s] -- Installing: /home/rover4-i/rover_ws_ri/install/teleop_twist_joy/share/teleop_twist_joy/cmake/teleop_twist_joyConfig.cmake
[30.756s] -- Installing: /home/rover4-i/rover_ws_ri/install/teleop_twist_joy/share/teleop_twist_joy/cmake/teleop_twist_joyConfig-version.cmake
[30.756s] -- Installing: /home/rover4-i/rover_ws_ri/install/teleop_twist_joy/share/teleop_twist_joy/package.xml
[30.767s] Invoked command in '/home/rover4-i/rover_ws_ri/build/teleop_twist_joy' returned '0': CMAKE_PREFIX_PATH=${CMAKE_PREFIX_PATH}:/home/rover4-i/rover_ws_ri/install/locomotion_core:/opt/ros/foxy /usr/bin/cmake --install /home/rover4-i/rover_ws_ri/build/teleop_twist_joy
