[0.597s] DEBUG:colcon:Command line arguments: ['/usr/bin/colcon', 'build']
[0.598s] DEBUG:colcon:Parsed command line arguments: Namespace(allow_overriding=[], ament_cmake_args=None, base_paths=['.'], build_base='build', catkin_cmake_args=None, catkin_skip_building_tests=False, cmake_args=None, cmake_clean_cache=False, cmake_clean_first=False, cmake_force_configure=False, cmake_target=None, cmake_target_skip_unavailable=False, continue_on_error=False, event_handlers=None, executor='parallel', ignore_user_meta=False, install_base='install', log_base=None, log_level=None, main=<bound method BuildVerb.main of <colcon_core.verb.build.BuildVerb object at 0xffff88b173d0>>, merge_install=False, metas=['./colcon.meta'], packages_above=None, packages_above_and_dependencies=None, packages_above_depth=None, packages_end=None, packages_ignore=None, packages_ignore_regex=None, packages_select=None, packages_select_build_failed=False, packages_select_by_dep=None, packages_select_regex=None, packages_select_test_failures=False, packages_skip=None, packages_skip_build_finished=False, packages_skip_by_dep=None, packages_skip_regex=None, packages_skip_test_passed=False, packages_skip_up_to=None, packages_start=None, packages_up_to=None, packages_up_to_regex=None, parallel_workers=6, paths=None, symlink_install=False, test_result_base=None, verb_extension=<colcon_core.verb.build.BuildVerb object at 0xffff88b173d0>, verb_name='build', verb_parser=<colcon_defaults.argument_parser.defaults.DefaultArgumentsDecorator object at 0xffff88b17910>)
[0.652s] Level 1:colcon.colcon_core.package_discovery:discover_packages(colcon_meta) check parameters
[0.652s] Level 1:colcon.colcon_core.package_discovery:discover_packages(recursive) check parameters
[0.652s] Level 1:colcon.colcon_core.package_discovery:discover_packages(ignore) check parameters
[0.652s] Level 1:colcon.colcon_core.package_discovery:discover_packages(path) check parameters
[0.652s] Level 1:colcon.colcon_core.package_discovery:discover_packages(colcon_meta) discover
[0.652s] Level 1:colcon.colcon_core.package_discovery:discover_packages(recursive) discover
[0.653s] INFO:colcon.colcon_core.package_discovery:Crawling recursively for packages in '/home/rover4-i/Desktop/Rover/rover_ws_ri'
[0.653s] Level 1:colcon.colcon_core.package_identification:_identify(.) by extensions ['ignore', 'ignore_ament_install']
[0.653s] Level 1:colcon.colcon_core.package_identification:_identify(.) by extension 'ignore'
[0.653s] Level 1:colcon.colcon_core.package_identification:_identify(.) by extension 'ignore_ament_install'
[0.653s] Level 1:colcon.colcon_core.package_identification:_identify(.) by extensions ['colcon_pkg']
[0.653s] Level 1:colcon.colcon_core.package_identification:_identify(.) by extension 'colcon_pkg'
[0.653s] Level 1:colcon.colcon_core.package_identification:_identify(.) by extensions ['colcon_meta']
[0.654s] Level 1:colcon.colcon_core.package_identification:_identify(.) by extension 'colcon_meta'
[0.654s] Level 1:colcon.colcon_core.package_identification:_identify(.) by extensions ['ros']
[0.654s] Level 1:colcon.colcon_core.package_identification:_identify(.) by extension 'ros'
[0.699s] Level 1:colcon.colcon_core.package_identification:_identify(.) by extensions ['cmake', 'python']
[0.700s] Level 1:colcon.colcon_core.package_identification:_identify(.) by extension 'cmake'
[0.700s] Level 1:colcon.colcon_core.package_identification:_identify(.) by extension 'python'
[0.700s] Level 1:colcon.colcon_core.package_identification:_identify(.) by extensions ['python_setup_py']
[0.700s] Level 1:colcon.colcon_core.package_identification:_identify(.) by extension 'python_setup_py'
[0.700s] Level 1:colcon.colcon_core.package_identification:_identify(build) by extensions ['ignore', 'ignore_ament_install']
[0.701s] Level 1:colcon.colcon_core.package_identification:_identify(build) by extension 'ignore'
[0.701s] Level 1:colcon.colcon_core.package_identification:_identify(build) ignored
[0.701s] Level 1:colcon.colcon_core.package_identification:_identify(install) by extensions ['ignore', 'ignore_ament_install']
[0.701s] Level 1:colcon.colcon_core.package_identification:_identify(install) by extension 'ignore'
[0.701s] Level 1:colcon.colcon_core.package_identification:_identify(install) ignored
[0.702s] Level 1:colcon.colcon_core.package_identification:_identify(log) by extensions ['ignore', 'ignore_ament_install']
[0.702s] Level 1:colcon.colcon_core.package_identification:_identify(log) by extension 'ignore'
[0.702s] Level 1:colcon.colcon_core.package_identification:_identify(log) ignored
[0.702s] Level 1:colcon.colcon_core.package_identification:_identify(src) by extensions ['ignore', 'ignore_ament_install']
[0.702s] Level 1:colcon.colcon_core.package_identification:_identify(src) by extension 'ignore'
[0.702s] Level 1:colcon.colcon_core.package_identification:_identify(src) by extension 'ignore_ament_install'
[0.703s] Level 1:colcon.colcon_core.package_identification:_identify(src) by extensions ['colcon_pkg']
[0.703s] Level 1:colcon.colcon_core.package_identification:_identify(src) by extension 'colcon_pkg'
[0.703s] Level 1:colcon.colcon_core.package_identification:_identify(src) by extensions ['colcon_meta']
[0.703s] Level 1:colcon.colcon_core.package_identification:_identify(src) by extension 'colcon_meta'
[0.703s] Level 1:colcon.colcon_core.package_identification:_identify(src) by extensions ['ros']
[0.703s] Level 1:colcon.colcon_core.package_identification:_identify(src) by extension 'ros'
[0.703s] Level 1:colcon.colcon_core.package_identification:_identify(src) by extensions ['cmake', 'python']
[0.703s] Level 1:colcon.colcon_core.package_identification:_identify(src) by extension 'cmake'
[0.703s] Level 1:colcon.colcon_core.package_identification:_identify(src) by extension 'python'
[0.703s] Level 1:colcon.colcon_core.package_identification:_identify(src) by extensions ['python_setup_py']
[0.704s] Level 1:colcon.colcon_core.package_identification:_identify(src) by extension 'python_setup_py'
[0.704s] Level 1:colcon.colcon_core.package_identification:_identify(src/build) by extensions ['ignore', 'ignore_ament_install']
[0.704s] Level 1:colcon.colcon_core.package_identification:_identify(src/build) by extension 'ignore'
[0.704s] Level 1:colcon.colcon_core.package_identification:_identify(src/build) ignored
[0.704s] Level 1:colcon.colcon_core.package_identification:_identify(src/install) by extensions ['ignore', 'ignore_ament_install']
[0.704s] Level 1:colcon.colcon_core.package_identification:_identify(src/install) by extension 'ignore'
[0.705s] Level 1:colcon.colcon_core.package_identification:_identify(src/install) ignored
[0.705s] Level 1:colcon.colcon_core.package_identification:_identify(src/locomotion_core) by extensions ['ignore', 'ignore_ament_install']
[0.705s] Level 1:colcon.colcon_core.package_identification:_identify(src/locomotion_core) by extension 'ignore'
[0.705s] Level 1:colcon.colcon_core.package_identification:_identify(src/locomotion_core) by extension 'ignore_ament_install'
[0.705s] Level 1:colcon.colcon_core.package_identification:_identify(src/locomotion_core) by extensions ['colcon_pkg']
[0.705s] Level 1:colcon.colcon_core.package_identification:_identify(src/locomotion_core) by extension 'colcon_pkg'
[0.705s] Level 1:colcon.colcon_core.package_identification:_identify(src/locomotion_core) by extensions ['colcon_meta']
[0.705s] Level 1:colcon.colcon_core.package_identification:_identify(src/locomotion_core) by extension 'colcon_meta'
[0.706s] Level 1:colcon.colcon_core.package_identification:_identify(src/locomotion_core) by extensions ['ros']
[0.706s] Level 1:colcon.colcon_core.package_identification:_identify(src/locomotion_core) by extension 'ros'
[0.711s] DEBUG:colcon.colcon_core.package_identification:Package 'src/locomotion_core' with type 'ros.ament_python' and name 'locomotion_core'
[0.711s] Level 1:colcon.colcon_core.package_identification:_identify(src/log) by extensions ['ignore', 'ignore_ament_install']
[0.711s] Level 1:colcon.colcon_core.package_identification:_identify(src/log) by extension 'ignore'
[0.711s] Level 1:colcon.colcon_core.package_identification:_identify(src/log) ignored
[0.712s] Level 1:colcon.colcon_core.package_identification:_identify(src/robot_startup) by extensions ['ignore', 'ignore_ament_install']
[0.712s] Level 1:colcon.colcon_core.package_identification:_identify(src/robot_startup) by extension 'ignore'
[0.712s] Level 1:colcon.colcon_core.package_identification:_identify(src/robot_startup) by extension 'ignore_ament_install'
[0.712s] Level 1:colcon.colcon_core.package_identification:_identify(src/robot_startup) by extensions ['colcon_pkg']
[0.712s] Level 1:colcon.colcon_core.package_identification:_identify(src/robot_startup) by extension 'colcon_pkg'
[0.712s] Level 1:colcon.colcon_core.package_identification:_identify(src/robot_startup) by extensions ['colcon_meta']
[0.712s] Level 1:colcon.colcon_core.package_identification:_identify(src/robot_startup) by extension 'colcon_meta'
[0.713s] Level 1:colcon.colcon_core.package_identification:_identify(src/robot_startup) by extensions ['ros']
[0.713s] Level 1:colcon.colcon_core.package_identification:_identify(src/robot_startup) by extension 'ros'
[0.714s] DEBUG:colcon.colcon_core.package_identification:Package 'src/robot_startup' with type 'ros.ament_cmake' and name 'robot_startup'
[0.714s] Level 1:colcon.colcon_core.package_discovery:discover_packages(recursive) using defaults
[0.714s] Level 1:colcon.colcon_core.package_discovery:discover_packages(ignore) discover
[0.714s] Level 1:colcon.colcon_core.package_discovery:discover_packages(ignore) using defaults
[0.714s] Level 1:colcon.colcon_core.package_discovery:discover_packages(path) discover
[0.714s] Level 1:colcon.colcon_core.package_discovery:discover_packages(path) using defaults
[0.752s] Level 1:colcon.colcon_core.package_discovery:discover_packages(prefix_path) check parameters
[0.753s] Level 1:colcon.colcon_core.package_discovery:discover_packages(prefix_path) discover
[0.758s] WARNING:colcon.colcon_ros.prefix_path.ament:The path '/home/rover4-i/Desktop/Rover/rover_ws_ri/install/teleop_twist_joy' in the environment variable AMENT_PREFIX_PATH doesn't exist
[0.758s] WARNING:colcon.colcon_ros.prefix_path.catkin:The path '/home/rover4-i/Desktop/Rover/rover_ws_ri/install/teleop_twist_joy' in the environment variable CMAKE_PREFIX_PATH doesn't exist
[0.761s] DEBUG:colcon.colcon_installed_package_information.package_discovery:Found 2 installed packages in /home/rover4-i/Desktop/Rover/rover_ws_ri/install
[0.764s] DEBUG:colcon.colcon_installed_package_information.package_discovery:Found 256 installed packages in /opt/ros/foxy
[0.767s] Level 1:colcon.colcon_core.package_discovery:discover_packages(prefix_path) using defaults
[0.899s] Level 5:colcon.colcon_core.verb:set package 'locomotion_core' build argument 'cmake_args' from command line to 'None'
[0.899s] Level 5:colcon.colcon_core.verb:set package 'locomotion_core' build argument 'cmake_target' from command line to 'None'
[0.899s] Level 5:colcon.colcon_core.verb:set package 'locomotion_core' build argument 'cmake_target_skip_unavailable' from command line to 'False'
[0.899s] Level 5:colcon.colcon_core.verb:set package 'locomotion_core' build argument 'cmake_clean_cache' from command line to 'False'
[0.899s] Level 5:colcon.colcon_core.verb:set package 'locomotion_core' build argument 'cmake_clean_first' from command line to 'False'
[0.899s] Level 5:colcon.colcon_core.verb:set package 'locomotion_core' build argument 'cmake_force_configure' from command line to 'False'
[0.899s] Level 5:colcon.colcon_core.verb:set package 'locomotion_core' build argument 'ament_cmake_args' from command line to 'None'
[0.899s] Level 5:colcon.colcon_core.verb:set package 'locomotion_core' build argument 'catkin_cmake_args' from command line to 'None'
[0.899s] Level 5:colcon.colcon_core.verb:set package 'locomotion_core' build argument 'catkin_skip_building_tests' from command line to 'False'
[0.899s] DEBUG:colcon.colcon_core.verb:Building package 'locomotion_core' with the following arguments: {'ament_cmake_args': None, 'build_base': '/home/rover4-i/Desktop/Rover/rover_ws_ri/build/locomotion_core', 'catkin_cmake_args': None, 'catkin_skip_building_tests': False, 'cmake_args': None, 'cmake_clean_cache': False, 'cmake_clean_first': False, 'cmake_force_configure': False, 'cmake_target': None, 'cmake_target_skip_unavailable': False, 'install_base': '/home/rover4-i/Desktop/Rover/rover_ws_ri/install/locomotion_core', 'merge_install': False, 'path': '/home/rover4-i/Desktop/Rover/rover_ws_ri/src/locomotion_core', 'symlink_install': False, 'test_result_base': None}
[0.901s] Level 5:colcon.colcon_core.verb:set package 'robot_startup' build argument 'cmake_args' from command line to 'None'
[0.902s] Level 5:colcon.colcon_core.verb:set package 'robot_startup' build argument 'cmake_target' from command line to 'None'
[0.902s] Level 5:colcon.colcon_core.verb:set package 'robot_startup' build argument 'cmake_target_skip_unavailable' from command line to 'False'
[0.902s] Level 5:colcon.colcon_core.verb:set package 'robot_startup' build argument 'cmake_clean_cache' from command line to 'False'
[0.902s] Level 5:colcon.colcon_core.verb:set package 'robot_startup' build argument 'cmake_clean_first' from command line to 'False'
[0.902s] Level 5:colcon.colcon_core.verb:set package 'robot_startup' build argument 'cmake_force_configure' from command line to 'False'
[0.902s] Level 5:colcon.colcon_core.verb:set package 'robot_startup' build argument 'ament_cmake_args' from command line to 'None'
[0.902s] Level 5:colcon.colcon_core.verb:set package 'robot_startup' build argument 'catkin_cmake_args' from command line to 'None'
[0.902s] Level 5:colcon.colcon_core.verb:set package 'robot_startup' build argument 'catkin_skip_building_tests' from command line to 'False'
[0.902s] DEBUG:colcon.colcon_core.verb:Building package 'robot_startup' with the following arguments: {'ament_cmake_args': None, 'build_base': '/home/rover4-i/Desktop/Rover/rover_ws_ri/build/robot_startup', 'catkin_cmake_args': None, 'catkin_skip_building_tests': False, 'cmake_args': None, 'cmake_clean_cache': False, 'cmake_clean_first': False, 'cmake_force_configure': False, 'cmake_target': None, 'cmake_target_skip_unavailable': False, 'install_base': '/home/rover4-i/Desktop/Rover/rover_ws_ri/install/robot_startup', 'merge_install': False, 'path': '/home/rover4-i/Desktop/Rover/rover_ws_ri/src/robot_startup', 'symlink_install': False, 'test_result_base': None}
[0.903s] INFO:colcon.colcon_core.executor:Executing jobs using 'parallel' executor
[0.910s] DEBUG:colcon.colcon_parallel_executor.executor.parallel:run_until_complete
[0.911s] INFO:colcon.colcon_ros.task.ament_python.build:Building ROS package in '/home/rover4-i/Desktop/Rover/rover_ws_ri/src/locomotion_core' with build type 'ament_python'
[0.912s] Level 1:colcon.colcon_core.shell:create_environment_hook('locomotion_core', 'ament_prefix_path')
[0.920s] INFO:colcon.colcon_core.plugin_system:Skipping extension 'colcon_core.shell.bat': Not used on non-Windows systems
[0.921s] INFO:colcon.colcon_core.shell:Creating environment hook '/home/rover4-i/Desktop/Rover/rover_ws_ri/install/locomotion_core/share/locomotion_core/hook/ament_prefix_path.ps1'
[0.922s] INFO:colcon.colcon_core.shell:Creating environment descriptor '/home/rover4-i/Desktop/Rover/rover_ws_ri/install/locomotion_core/share/locomotion_core/hook/ament_prefix_path.dsv'
[0.923s] INFO:colcon.colcon_core.shell:Creating environment hook '/home/rover4-i/Desktop/Rover/rover_ws_ri/install/locomotion_core/share/locomotion_core/hook/ament_prefix_path.sh'
[0.928s] INFO:colcon.colcon_core.shell:Skip shell extension 'powershell' for command environment: Not usable outside of PowerShell
[0.928s] DEBUG:colcon.colcon_core.shell:Skip shell extension 'dsv' for command environment
[0.943s] INFO:colcon.colcon_ros.task.ament_cmake.build:Building ROS package in '/home/rover4-i/Desktop/Rover/rover_ws_ri/src/robot_startup' with build type 'ament_cmake'
[0.944s] INFO:colcon.colcon_cmake.task.cmake.build:Building CMake package in '/home/rover4-i/Desktop/Rover/rover_ws_ri/src/robot_startup'
[0.947s] INFO:colcon.colcon_core.shell:Skip shell extension 'powershell' for command environment: Not usable outside of PowerShell
[0.948s] DEBUG:colcon.colcon_core.shell:Skip shell extension 'dsv' for command environment
[1.406s] INFO:colcon.colcon_core.task.python.build:Building Python package in '/home/rover4-i/Desktop/Rover/rover_ws_ri/src/locomotion_core'
[1.410s] INFO:colcon.colcon_core.shell:Skip shell extension 'powershell' for command environment: Not usable outside of PowerShell
[1.410s] DEBUG:colcon.colcon_core.shell:Skip shell extension 'dsv' for command environment
[1.439s] DEBUG:colcon.colcon_core.event_handler.log_command:Invoking command in '/home/rover4-i/Desktop/Rover/rover_ws_ri/build/robot_startup': CMAKE_PREFIX_PATH=${CMAKE_PREFIX_PATH}:/home/rover4-i/Desktop/Rover/rover_ws_ri/install/locomotion_core:/opt/ros/foxy /usr/bin/cmake --build /home/rover4-i/Desktop/Rover/rover_ws_ri/build/robot_startup -- -j6 -l6
[1.530s] DEBUG:colcon.colcon_core.event_handler.log_command:Invoked command in '/home/rover4-i/Desktop/Rover/rover_ws_ri/build/robot_startup' returned '0': CMAKE_PREFIX_PATH=${CMAKE_PREFIX_PATH}:/home/rover4-i/Desktop/Rover/rover_ws_ri/install/locomotion_core:/opt/ros/foxy /usr/bin/cmake --build /home/rover4-i/Desktop/Rover/rover_ws_ri/build/robot_startup -- -j6 -l6
[1.606s] DEBUG:colcon.colcon_core.event_handler.log_command:Invoking command in '/home/rover4-i/Desktop/Rover/rover_ws_ri/build/robot_startup': CMAKE_PREFIX_PATH=${CMAKE_PREFIX_PATH}:/home/rover4-i/Desktop/Rover/rover_ws_ri/install/locomotion_core:/opt/ros/foxy /usr/bin/cmake --install /home/rover4-i/Desktop/Rover/rover_ws_ri/build/robot_startup
[1.631s] Level 1:colcon.colcon_core.environment:create_environment_scripts_only(robot_startup)
[1.637s] DEBUG:colcon.colcon_core.event_handler.log_command:Invoked command in '/home/rover4-i/Desktop/Rover/rover_ws_ri/build/robot_startup' returned '0': CMAKE_PREFIX_PATH=${CMAKE_PREFIX_PATH}:/home/rover4-i/Desktop/Rover/rover_ws_ri/install/locomotion_core:/opt/ros/foxy /usr/bin/cmake --install /home/rover4-i/Desktop/Rover/rover_ws_ri/build/robot_startup
[1.651s] Level 1:colcon.colcon_core.environment:checking '/home/rover4-i/Desktop/Rover/rover_ws_ri/install/robot_startup' for CMake module files
[1.652s] Level 1:colcon.colcon_core.environment:checking '/home/rover4-i/Desktop/Rover/rover_ws_ri/install/robot_startup' for CMake config files
[1.653s] Level 1:colcon.colcon_core.shell:create_environment_hook('robot_startup', 'cmake_prefix_path')
[1.658s] INFO:colcon.colcon_core.shell:Creating environment hook '/home/rover4-i/Desktop/Rover/rover_ws_ri/install/robot_startup/share/robot_startup/hook/cmake_prefix_path.ps1'
[1.659s] INFO:colcon.colcon_core.shell:Creating environment descriptor '/home/rover4-i/Desktop/Rover/rover_ws_ri/install/robot_startup/share/robot_startup/hook/cmake_prefix_path.dsv'
[1.660s] INFO:colcon.colcon_core.shell:Creating environment hook '/home/rover4-i/Desktop/Rover/rover_ws_ri/install/robot_startup/share/robot_startup/hook/cmake_prefix_path.sh'
[1.662s] Level 1:colcon.colcon_core.environment:checking '/home/rover4-i/Desktop/Rover/rover_ws_ri/install/robot_startup/bin'
[1.662s] Level 1:colcon.colcon_core.environment:checking '/home/rover4-i/Desktop/Rover/rover_ws_ri/install/robot_startup/lib/pkgconfig/robot_startup.pc'
[1.662s] Level 1:colcon.colcon_core.environment:checking '/home/rover4-i/Desktop/Rover/rover_ws_ri/install/robot_startup/lib/python3.8/site-packages'
[1.663s] Level 1:colcon.colcon_core.environment:checking '/home/rover4-i/Desktop/Rover/rover_ws_ri/install/robot_startup/bin'
[1.666s] INFO:colcon.colcon_core.shell:Creating package script '/home/rover4-i/Desktop/Rover/rover_ws_ri/install/robot_startup/share/robot_startup/package.ps1'
[1.668s] INFO:colcon.colcon_core.shell:Creating package descriptor '/home/rover4-i/Desktop/Rover/rover_ws_ri/install/robot_startup/share/robot_startup/package.dsv'
[1.669s] INFO:colcon.colcon_core.shell:Creating package script '/home/rover4-i/Desktop/Rover/rover_ws_ri/install/robot_startup/share/robot_startup/package.sh'
[1.670s] INFO:colcon.colcon_core.shell:Creating package script '/home/rover4-i/Desktop/Rover/rover_ws_ri/install/robot_startup/share/robot_startup/package.bash'
[1.672s] INFO:colcon.colcon_core.shell:Creating package script '/home/rover4-i/Desktop/Rover/rover_ws_ri/install/robot_startup/share/robot_startup/package.zsh'
[1.673s] Level 1:colcon.colcon_core.environment:create_file_with_runtime_dependencies(/home/rover4-i/Desktop/Rover/rover_ws_ri/install/robot_startup/share/colcon-core/packages/robot_startup)
[1.720s] Level 1:colcon.colcon_core.environment:create_environment_scripts_only(robot_startup)
[1.725s] Level 1:colcon.colcon_core.environment:checking '/home/rover4-i/Desktop/Rover/rover_ws_ri/install/robot_startup' for CMake module files
[1.726s] Level 1:colcon.colcon_core.environment:checking '/home/rover4-i/Desktop/Rover/rover_ws_ri/install/robot_startup' for CMake config files
[1.727s] Level 1:colcon.colcon_core.shell:create_environment_hook('robot_startup', 'cmake_prefix_path')
[1.730s] INFO:colcon.colcon_core.shell:Creating environment hook '/home/rover4-i/Desktop/Rover/rover_ws_ri/install/robot_startup/share/robot_startup/hook/cmake_prefix_path.ps1'
[1.766s] INFO:colcon.colcon_core.shell:Creating environment descriptor '/home/rover4-i/Desktop/Rover/rover_ws_ri/install/robot_startup/share/robot_startup/hook/cmake_prefix_path.dsv'
[1.767s] INFO:colcon.colcon_core.shell:Creating environment hook '/home/rover4-i/Desktop/Rover/rover_ws_ri/install/robot_startup/share/robot_startup/hook/cmake_prefix_path.sh'
[1.768s] Level 1:colcon.colcon_core.environment:checking '/home/rover4-i/Desktop/Rover/rover_ws_ri/install/robot_startup/bin'
[1.769s] Level 1:colcon.colcon_core.environment:checking '/home/rover4-i/Desktop/Rover/rover_ws_ri/install/robot_startup/lib/pkgconfig/robot_startup.pc'
[1.769s] Level 1:colcon.colcon_core.environment:checking '/home/rover4-i/Desktop/Rover/rover_ws_ri/install/robot_startup/lib/python3.8/site-packages'
[1.770s] Level 1:colcon.colcon_core.environment:checking '/home/rover4-i/Desktop/Rover/rover_ws_ri/install/robot_startup/bin'
[1.773s] INFO:colcon.colcon_core.shell:Creating package script '/home/rover4-i/Desktop/Rover/rover_ws_ri/install/robot_startup/share/robot_startup/package.ps1'
[1.774s] INFO:colcon.colcon_core.shell:Creating package descriptor '/home/rover4-i/Desktop/Rover/rover_ws_ri/install/robot_startup/share/robot_startup/package.dsv'
[1.775s] INFO:colcon.colcon_core.shell:Creating package script '/home/rover4-i/Desktop/Rover/rover_ws_ri/install/robot_startup/share/robot_startup/package.sh'
[1.776s] INFO:colcon.colcon_core.shell:Creating package script '/home/rover4-i/Desktop/Rover/rover_ws_ri/install/robot_startup/share/robot_startup/package.bash'
[1.777s] INFO:colcon.colcon_core.shell:Creating package script '/home/rover4-i/Desktop/Rover/rover_ws_ri/install/robot_startup/share/robot_startup/package.zsh'
[1.778s] Level 1:colcon.colcon_core.environment:create_file_with_runtime_dependencies(/home/rover4-i/Desktop/Rover/rover_ws_ri/install/robot_startup/share/colcon-core/packages/robot_startup)
[2.211s] DEBUG:colcon.colcon_core.event_handler.log_command:Invoking command in '/home/rover4-i/Desktop/Rover/rover_ws_ri/src/locomotion_core': PYTHONPATH=/home/rover4-i/Desktop/Rover/rover_ws_ri/build/locomotion_core/prefix_override:/home/rover4-i/Desktop/Rover/rover_ws_ri/install/locomotion_core/lib/python3.8/site-packages:${PYTHONPATH} /usr/bin/python3 setup.py egg_info --egg-base ../../build/locomotion_core build --build-base /home/rover4-i/Desktop/Rover/rover_ws_ri/build/locomotion_core/build install --record /home/rover4-i/Desktop/Rover/rover_ws_ri/build/locomotion_core/install.log --single-version-externally-managed
[2.804s] Level 1:colcon.colcon_core.environment:checking '/home/rover4-i/Desktop/Rover/rover_ws_ri/install/locomotion_core' for CMake module files
[2.805s] DEBUG:colcon.colcon_core.event_handler.log_command:Invoked command in '/home/rover4-i/Desktop/Rover/rover_ws_ri/src/locomotion_core' returned '0': PYTHONPATH=/home/rover4-i/Desktop/Rover/rover_ws_ri/build/locomotion_core/prefix_override:/home/rover4-i/Desktop/Rover/rover_ws_ri/install/locomotion_core/lib/python3.8/site-packages:${PYTHONPATH} /usr/bin/python3 setup.py egg_info --egg-base ../../build/locomotion_core build --build-base /home/rover4-i/Desktop/Rover/rover_ws_ri/build/locomotion_core/build install --record /home/rover4-i/Desktop/Rover/rover_ws_ri/build/locomotion_core/install.log --single-version-externally-managed
[2.806s] Level 1:colcon.colcon_core.environment:checking '/home/rover4-i/Desktop/Rover/rover_ws_ri/install/locomotion_core' for CMake config files
[2.807s] Level 1:colcon.colcon_core.environment:checking '/home/rover4-i/Desktop/Rover/rover_ws_ri/install/locomotion_core/lib'
[2.808s] Level 1:colcon.colcon_core.environment:checking '/home/rover4-i/Desktop/Rover/rover_ws_ri/install/locomotion_core/bin'
[2.808s] Level 1:colcon.colcon_core.environment:checking '/home/rover4-i/Desktop/Rover/rover_ws_ri/install/locomotion_core/lib/pkgconfig/locomotion_core.pc'
[2.809s] Level 1:colcon.colcon_core.environment:checking '/home/rover4-i/Desktop/Rover/rover_ws_ri/install/locomotion_core/lib/python3.8/site-packages'
[2.809s] Level 1:colcon.colcon_core.shell:create_environment_hook('locomotion_core', 'pythonpath')
[2.812s] INFO:colcon.colcon_core.shell:Creating environment hook '/home/rover4-i/Desktop/Rover/rover_ws_ri/install/locomotion_core/share/locomotion_core/hook/pythonpath.ps1'
[2.813s] INFO:colcon.colcon_core.shell:Creating environment descriptor '/home/rover4-i/Desktop/Rover/rover_ws_ri/install/locomotion_core/share/locomotion_core/hook/pythonpath.dsv'
[2.814s] INFO:colcon.colcon_core.shell:Creating environment hook '/home/rover4-i/Desktop/Rover/rover_ws_ri/install/locomotion_core/share/locomotion_core/hook/pythonpath.sh'
[2.815s] Level 1:colcon.colcon_core.environment:checking '/home/rover4-i/Desktop/Rover/rover_ws_ri/install/locomotion_core/bin'
[2.815s] Level 1:colcon.colcon_core.environment:create_environment_scripts_only(locomotion_core)
[2.822s] INFO:colcon.colcon_core.shell:Creating package script '/home/rover4-i/Desktop/Rover/rover_ws_ri/install/locomotion_core/share/locomotion_core/package.ps1'
[2.824s] INFO:colcon.colcon_core.shell:Creating package descriptor '/home/rover4-i/Desktop/Rover/rover_ws_ri/install/locomotion_core/share/locomotion_core/package.dsv'
[2.825s] INFO:colcon.colcon_core.shell:Creating package script '/home/rover4-i/Desktop/Rover/rover_ws_ri/install/locomotion_core/share/locomotion_core/package.sh'
[2.827s] INFO:colcon.colcon_core.shell:Creating package script '/home/rover4-i/Desktop/Rover/rover_ws_ri/install/locomotion_core/share/locomotion_core/package.bash'
[2.827s] INFO:colcon.colcon_core.shell:Creating package script '/home/rover4-i/Desktop/Rover/rover_ws_ri/install/locomotion_core/share/locomotion_core/package.zsh'
[2.828s] Level 1:colcon.colcon_core.environment:create_file_with_runtime_dependencies(/home/rover4-i/Desktop/Rover/rover_ws_ri/install/locomotion_core/share/colcon-core/packages/locomotion_core)
[2.829s] DEBUG:colcon.colcon_parallel_executor.executor.parallel:closing loop
[2.830s] DEBUG:colcon.colcon_parallel_executor.executor.parallel:loop closed
[2.830s] DEBUG:colcon.colcon_parallel_executor.executor.parallel:run_until_complete finished with '0'
[2.831s] DEBUG:colcon.colcon_core.event_reactor:joining thread
[2.843s] INFO:colcon.colcon_core.plugin_system:Skipping extension 'colcon_notification.desktop_notification.terminal_notifier': Not used on non-Darwin systems
[2.843s] INFO:colcon.colcon_core.plugin_system:Skipping extension 'colcon_notification.desktop_notification.win32': Not used on non-Windows systems
[2.844s] INFO:colcon.colcon_notification.desktop_notification:Sending desktop notification using 'notify2'
[2.890s] DEBUG:colcon.colcon_core.event_reactor:joined thread
[2.894s] INFO:colcon.colcon_core.shell:Creating prefix script '/home/rover4-i/Desktop/Rover/rover_ws_ri/install/local_setup.ps1'
[2.896s] INFO:colcon.colcon_core.shell:Creating prefix util module '/home/rover4-i/Desktop/Rover/rover_ws_ri/install/_local_setup_util_ps1.py'
[2.898s] INFO:colcon.colcon_core.shell:Creating prefix chain script '/home/rover4-i/Desktop/Rover/rover_ws_ri/install/setup.ps1'
[2.901s] INFO:colcon.colcon_core.shell:Creating prefix script '/home/rover4-i/Desktop/Rover/rover_ws_ri/install/local_setup.sh'
[2.902s] INFO:colcon.colcon_core.shell:Creating prefix util module '/home/rover4-i/Desktop/Rover/rover_ws_ri/install/_local_setup_util_sh.py'
[2.903s] INFO:colcon.colcon_core.shell:Creating prefix chain script '/home/rover4-i/Desktop/Rover/rover_ws_ri/install/setup.sh'
[2.905s] INFO:colcon.colcon_core.shell:Creating prefix script '/home/rover4-i/Desktop/Rover/rover_ws_ri/install/local_setup.bash'
[2.906s] INFO:colcon.colcon_core.shell:Creating prefix chain script '/home/rover4-i/Desktop/Rover/rover_ws_ri/install/setup.bash'
[2.909s] INFO:colcon.colcon_core.shell:Creating prefix script '/home/rover4-i/Desktop/Rover/rover_ws_ri/install/local_setup.zsh'
[2.910s] INFO:colcon.colcon_core.shell:Creating prefix chain script '/home/rover4-i/Desktop/Rover/rover_ws_ri/install/setup.zsh'
