[0.510s] Invoking command in '/home/rover4-i/rover_ws_ri/build/teleop_twist_joy': CMAKE_PREFIX_PATH=${CMAKE_PREFIX_PATH}:/home/rover4-i/rover_ws_ri/install/locomotion_core:/opt/ros/foxy /usr/bin/cmake --build /home/rover4-i/rover_ws_ri/build/teleop_twist_joy -- -j6 -l6
[0.637s] [ 50%] Built target teleop_twist_joy
[0.708s] [100%] Built target teleop_twist_joy_node
[0.731s] Invoked command in '/home/rover4-i/rover_ws_ri/build/teleop_twist_joy' returned '0': CMAKE_PREFIX_PATH=${CMAKE_PREFIX_PATH}:/home/rover4-i/rover_ws_ri/install/locomotion_core:/opt/ros/foxy /usr/bin/cmake --build /home/rover4-i/rover_ws_ri/build/teleop_twist_joy -- -j6 -l6
[0.822s] Invoking command in '/home/rover4-i/rover_ws_ri/build/teleop_twist_joy': CMAKE_PREFIX_PATH=${CMAKE_PREFIX_PATH}:/home/rover4-i/rover_ws_ri/install/locomotion_core:/opt/ros/foxy /usr/bin/cmake --install /home/rover4-i/rover_ws_ri/build/teleop_twist_joy
[0.841s] -- Install configuration: ""
[0.841s] -- Up-to-date: /home/rover4-i/rover_ws_ri/install/teleop_twist_joy/lib/libteleop_twist_joy.so
[0.842s] -- Up-to-date: /home/rover4-i/rover_ws_ri/install/teleop_twist_joy/lib/teleop_twist_joy/teleop_node
[0.842s] -- Up-to-date: /home/rover4-i/rover_ws_ri/install/teleop_twist_joy/include
[0.842s] -- Up-to-date: /home/rover4-i/rover_ws_ri/install/teleop_twist_joy/include/teleop_twist_joy
[0.843s] -- Up-to-date: /home/rover4-i/rover_ws_ri/install/teleop_twist_joy/include/teleop_twist_joy/teleop_twist_joy.hpp
[0.843s] -- Up-to-date: /home/rover4-i/rover_ws_ri/install/teleop_twist_joy/include/teleop_twist_joy/teleop_twist_joy_export.h
[0.843s] -- Up-to-date: /home/rover4-i/rover_ws_ri/install/teleop_twist_joy/share/teleop_twist_joy/launch
[0.843s] -- Up-to-date: /home/rover4-i/rover_ws_ri/install/teleop_twist_joy/share/teleop_twist_joy/launch/teleop-launch.py
[0.844s] -- Up-to-date: /home/rover4-i/rover_ws_ri/install/teleop_twist_joy/share/teleop_twist_joy/config
[0.844s] -- Up-to-date: /home/rover4-i/rover_ws_ri/install/teleop_twist_joy/share/teleop_twist_joy/config/xd3.config.yaml
[0.844s] -- Up-to-date: /home/rover4-i/rover_ws_ri/install/teleop_twist_joy/share/teleop_twist_joy/config/ps3.config.yaml
[0.844s] -- Up-to-date: /home/rover4-i/rover_ws_ri/install/teleop_twist_joy/share/teleop_twist_joy/config/ps3-holonomic.config.yaml
[0.844s] -- Up-to-date: /home/rover4-i/rover_ws_ri/install/teleop_twist_joy/share/teleop_twist_joy/config/atk3.config.yaml
[0.845s] -- Up-to-date: /home/rover4-i/rover_ws_ri/install/teleop_twist_joy/share/teleop_twist_joy/config/xbox.config.yaml
[0.845s] -- Up-to-date: /home/rover4-i/rover_ws_ri/install/teleop_twist_joy/share/teleop_twist_joy/environment/library_path.sh
[0.845s] -- Up-to-date: /home/rover4-i/rover_ws_ri/install/teleop_twist_joy/share/teleop_twist_joy/environment/library_path.dsv
[0.845s] -- Up-to-date: /home/rover4-i/rover_ws_ri/install/teleop_twist_joy/share/ament_index/resource_index/package_run_dependencies/teleop_twist_joy
[0.845s] -- Up-to-date: /home/rover4-i/rover_ws_ri/install/teleop_twist_joy/share/ament_index/resource_index/parent_prefix_path/teleop_twist_joy
[0.845s] -- Up-to-date: /home/rover4-i/rover_ws_ri/install/teleop_twist_joy/share/teleop_twist_joy/environment/ament_prefix_path.sh
[0.845s] -- Up-to-date: /home/rover4-i/rover_ws_ri/install/teleop_twist_joy/share/teleop_twist_joy/environment/ament_prefix_path.dsv
[0.846s] -- Up-to-date: /home/rover4-i/rover_ws_ri/install/teleop_twist_joy/share/teleop_twist_joy/environment/path.sh
[0.846s] -- Up-to-date: /home/rover4-i/rover_ws_ri/install/teleop_twist_joy/share/teleop_twist_joy/environment/path.dsv
[0.846s] -- Up-to-date: /home/rover4-i/rover_ws_ri/install/teleop_twist_joy/share/teleop_twist_joy/local_setup.bash
[0.846s] -- Up-to-date: /home/rover4-i/rover_ws_ri/install/teleop_twist_joy/share/teleop_twist_joy/local_setup.sh
[0.846s] -- Up-to-date: /home/rover4-i/rover_ws_ri/install/teleop_twist_joy/share/teleop_twist_joy/local_setup.zsh
[0.847s] -- Up-to-date: /home/rover4-i/rover_ws_ri/install/teleop_twist_joy/share/teleop_twist_joy/local_setup.dsv
[0.847s] -- Installing: /home/rover4-i/rover_ws_ri/install/teleop_twist_joy/share/teleop_twist_joy/package.dsv
[0.847s] -- Up-to-date: /home/rover4-i/rover_ws_ri/install/teleop_twist_joy/share/ament_index/resource_index/packages/teleop_twist_joy
[0.847s] -- Up-to-date: /home/rover4-i/rover_ws_ri/install/teleop_twist_joy/share/ament_index/resource_index/rclcpp_components/teleop_twist_joy
[0.847s] -- Up-to-date: /home/rover4-i/rover_ws_ri/install/teleop_twist_joy/share/teleop_twist_joy/cmake/ament_cmake_export_include_directories-extras.cmake
[0.847s] -- Up-to-date: /home/rover4-i/rover_ws_ri/install/teleop_twist_joy/share/teleop_twist_joy/cmake/ament_cmake_export_libraries-extras.cmake
[0.848s] -- Up-to-date: /home/rover4-i/rover_ws_ri/install/teleop_twist_joy/share/teleop_twist_joy/cmake/teleop_twist_joyConfig.cmake
[0.848s] -- Up-to-date: /home/rover4-i/rover_ws_ri/install/teleop_twist_joy/share/teleop_twist_joy/cmake/teleop_twist_joyConfig-version.cmake
[0.848s] -- Up-to-date: /home/rover4-i/rover_ws_ri/install/teleop_twist_joy/share/teleop_twist_joy/package.xml
[0.865s] Invoked command in '/home/rover4-i/rover_ws_ri/build/teleop_twist_joy' returned '0': CMAKE_PREFIX_PATH=${CMAKE_PREFIX_PATH}:/home/rover4-i/rover_ws_ri/install/locomotion_core:/opt/ros/foxy /usr/bin/cmake --install /home/rover4-i/rover_ws_ri/build/teleop_twist_joy
