[0.521s] Invoking command in '/home/rover4-i/rover_ws_ri/build/teleop_twist_joy': CMAKE_PREFIX_PATH=${CMAKE_PREFIX_PATH}:/home/rover4-i/rover_ws_ri/install/locomotion_core:/opt/ros/foxy /usr/bin/cmake --build /home/rover4-i/rover_ws_ri/build/teleop_twist_joy -- -j6 -l6
[0.656s] [ 50%] Built target teleop_twist_joy
[0.721s] [100%] Built target teleop_twist_joy_node
[0.785s] Invoked command in '/home/rover4-i/rover_ws_ri/build/teleop_twist_joy' returned '0': CMAKE_PREFIX_PATH=${CMAKE_PREFIX_PATH}:/home/rover4-i/rover_ws_ri/install/locomotion_core:/opt/ros/foxy /usr/bin/cmake --build /home/rover4-i/rover_ws_ri/build/teleop_twist_joy -- -j6 -l6
[0.872s] Invoking command in '/home/rover4-i/rover_ws_ri/build/teleop_twist_joy': CMAKE_PREFIX_PATH=${CMAKE_PREFIX_PATH}:/home/rover4-i/rover_ws_ri/install/locomotion_core:/opt/ros/foxy /usr/bin/cmake --install /home/rover4-i/rover_ws_ri/build/teleop_twist_joy
[0.890s] -- Install configuration: ""
[0.890s] -- Up-to-date: /home/rover4-i/rover_ws_ri/install/teleop_twist_joy/lib/libteleop_twist_joy.so
[0.891s] -- Up-to-date: /home/rover4-i/rover_ws_ri/install/teleop_twist_joy/lib/teleop_twist_joy/teleop_node
[0.891s] -- Up-to-date: /home/rover4-i/rover_ws_ri/install/teleop_twist_joy/include
[0.892s] -- Up-to-date: /home/rover4-i/rover_ws_ri/install/teleop_twist_joy/include/teleop_twist_joy
[0.892s] -- Up-to-date: /home/rover4-i/rover_ws_ri/install/teleop_twist_joy/include/teleop_twist_joy/teleop_twist_joy.hpp
[0.892s] -- Up-to-date: /home/rover4-i/rover_ws_ri/install/teleop_twist_joy/include/teleop_twist_joy/teleop_twist_joy_export.h
[0.892s] -- Up-to-date: /home/rover4-i/rover_ws_ri/install/teleop_twist_joy/share/teleop_twist_joy/launch
[0.893s] -- Up-to-date: /home/rover4-i/rover_ws_ri/install/teleop_twist_joy/share/teleop_twist_joy/launch/teleop-launch.py
[0.893s] -- Up-to-date: /home/rover4-i/rover_ws_ri/install/teleop_twist_joy/share/teleop_twist_joy/config
[0.893s] -- Up-to-date: /home/rover4-i/rover_ws_ri/install/teleop_twist_joy/share/teleop_twist_joy/config/xd3.config.yaml
[0.893s] -- Up-to-date: /home/rover4-i/rover_ws_ri/install/teleop_twist_joy/share/teleop_twist_joy/config/ps3.config.yaml
[0.893s] -- Up-to-date: /home/rover4-i/rover_ws_ri/install/teleop_twist_joy/share/teleop_twist_joy/config/ps3-holonomic.config.yaml
[0.894s] -- Up-to-date: /home/rover4-i/rover_ws_ri/install/teleop_twist_joy/share/teleop_twist_joy/config/atk3.config.yaml
[0.894s] -- Up-to-date: /home/rover4-i/rover_ws_ri/install/teleop_twist_joy/share/teleop_twist_joy/config/xbox.config.yaml
[0.894s] -- Up-to-date: /home/rover4-i/rover_ws_ri/install/teleop_twist_joy/share/teleop_twist_joy/environment/library_path.sh
[0.894s] -- Up-to-date: /home/rover4-i/rover_ws_ri/install/teleop_twist_joy/share/teleop_twist_joy/environment/library_path.dsv
[0.894s] -- Up-to-date: /home/rover4-i/rover_ws_ri/install/teleop_twist_joy/share/ament_index/resource_index/package_run_dependencies/teleop_twist_joy
[0.895s] -- Up-to-date: /home/rover4-i/rover_ws_ri/install/teleop_twist_joy/share/ament_index/resource_index/parent_prefix_path/teleop_twist_joy
[0.895s] -- Up-to-date: /home/rover4-i/rover_ws_ri/install/teleop_twist_joy/share/teleop_twist_joy/environment/ament_prefix_path.sh
[0.895s] -- Up-to-date: /home/rover4-i/rover_ws_ri/install/teleop_twist_joy/share/teleop_twist_joy/environment/ament_prefix_path.dsv
[0.895s] -- Up-to-date: /home/rover4-i/rover_ws_ri/install/teleop_twist_joy/share/teleop_twist_joy/environment/path.sh
[0.895s] -- Up-to-date: /home/rover4-i/rover_ws_ri/install/teleop_twist_joy/share/teleop_twist_joy/environment/path.dsv
[0.895s] -- Up-to-date: /home/rover4-i/rover_ws_ri/install/teleop_twist_joy/share/teleop_twist_joy/local_setup.bash
[0.895s] -- Up-to-date: /home/rover4-i/rover_ws_ri/install/teleop_twist_joy/share/teleop_twist_joy/local_setup.sh
[0.895s] -- Up-to-date: /home/rover4-i/rover_ws_ri/install/teleop_twist_joy/share/teleop_twist_joy/local_setup.zsh
[0.896s] -- Up-to-date: /home/rover4-i/rover_ws_ri/install/teleop_twist_joy/share/teleop_twist_joy/local_setup.dsv
[0.896s] -- Installing: /home/rover4-i/rover_ws_ri/install/teleop_twist_joy/share/teleop_twist_joy/package.dsv
[0.896s] -- Up-to-date: /home/rover4-i/rover_ws_ri/install/teleop_twist_joy/share/ament_index/resource_index/packages/teleop_twist_joy
[0.896s] -- Up-to-date: /home/rover4-i/rover_ws_ri/install/teleop_twist_joy/share/ament_index/resource_index/rclcpp_components/teleop_twist_joy
[0.896s] -- Up-to-date: /home/rover4-i/rover_ws_ri/install/teleop_twist_joy/share/teleop_twist_joy/cmake/ament_cmake_export_include_directories-extras.cmake
[0.896s] -- Up-to-date: /home/rover4-i/rover_ws_ri/install/teleop_twist_joy/share/teleop_twist_joy/cmake/ament_cmake_export_libraries-extras.cmake
[0.896s] -- Up-to-date: /home/rover4-i/rover_ws_ri/install/teleop_twist_joy/share/teleop_twist_joy/cmake/teleop_twist_joyConfig.cmake
[0.897s] -- Up-to-date: /home/rover4-i/rover_ws_ri/install/teleop_twist_joy/share/teleop_twist_joy/cmake/teleop_twist_joyConfig-version.cmake
[0.897s] -- Up-to-date: /home/rover4-i/rover_ws_ri/install/teleop_twist_joy/share/teleop_twist_joy/package.xml
[0.906s] Invoked command in '/home/rover4-i/rover_ws_ri/build/teleop_twist_joy' returned '0': CMAKE_PREFIX_PATH=${CMAKE_PREFIX_PATH}:/home/rover4-i/rover_ws_ri/install/locomotion_core:/opt/ros/foxy /usr/bin/cmake --install /home/rover4-i/rover_ws_ri/build/teleop_twist_joy
