[0.734s] DEBUG:colcon:Command line arguments: ['/usr/bin/colcon', 'build']
[0.734s] DEBUG:colcon:Parsed command line arguments: Namespace(allow_overriding=[], ament_cmake_args=None, base_paths=['.'], build_base='build', catkin_cmake_args=None, catkin_skip_building_tests=False, cmake_args=None, cmake_clean_cache=False, cmake_clean_first=False, cmake_force_configure=False, cmake_target=None, cmake_target_skip_unavailable=False, continue_on_error=False, event_handlers=None, executor='parallel', ignore_user_meta=False, install_base='install', log_base=None, log_level=None, main=<bound method BuildVerb.main of <colcon_core.verb.build.BuildVerb object at 0xffffb93a2100>>, merge_install=False, metas=['./colcon.meta'], packages_above=None, packages_above_and_dependencies=None, packages_above_depth=None, packages_end=None, packages_ignore=None, packages_ignore_regex=None, packages_select=None, packages_select_build_failed=False, packages_select_by_dep=None, packages_select_regex=None, packages_select_test_failures=False, packages_skip=None, packages_skip_build_finished=False, packages_skip_by_dep=None, packages_skip_regex=None, packages_skip_test_passed=False, packages_skip_up_to=None, packages_start=None, packages_up_to=None, packages_up_to_regex=None, parallel_workers=6, paths=None, symlink_install=False, test_result_base=None, verb_extension=<colcon_core.verb.build.BuildVerb object at 0xffffb93a2100>, verb_name='build', verb_parser=<colcon_defaults.argument_parser.defaults.DefaultArgumentsDecorator object at 0xffffb93a2640>)
[0.788s] Level 1:colcon.colcon_core.package_discovery:discover_packages(colcon_meta) check parameters
[0.788s] Level 1:colcon.colcon_core.package_discovery:discover_packages(recursive) check parameters
[0.788s] Level 1:colcon.colcon_core.package_discovery:discover_packages(ignore) check parameters
[0.788s] Level 1:colcon.colcon_core.package_discovery:discover_packages(path) check parameters
[0.788s] Level 1:colcon.colcon_core.package_discovery:discover_packages(colcon_meta) discover
[0.789s] Level 1:colcon.colcon_core.package_discovery:discover_packages(recursive) discover
[0.789s] INFO:colcon.colcon_core.package_discovery:Crawling recursively for packages in '/home/rover4-i/Desktop/Rover/rover_ws_ri'
[0.789s] Level 1:colcon.colcon_core.package_identification:_identify(.) by extensions ['ignore', 'ignore_ament_install']
[0.789s] Level 1:colcon.colcon_core.package_identification:_identify(.) by extension 'ignore'
[0.789s] Level 1:colcon.colcon_core.package_identification:_identify(.) by extension 'ignore_ament_install'
[0.790s] Level 1:colcon.colcon_core.package_identification:_identify(.) by extensions ['colcon_pkg']
[0.790s] Level 1:colcon.colcon_core.package_identification:_identify(.) by extension 'colcon_pkg'
[0.790s] Level 1:colcon.colcon_core.package_identification:_identify(.) by extensions ['colcon_meta']
[0.790s] Level 1:colcon.colcon_core.package_identification:_identify(.) by extension 'colcon_meta'
[0.790s] Level 1:colcon.colcon_core.package_identification:_identify(.) by extensions ['ros']
[0.790s] Level 1:colcon.colcon_core.package_identification:_identify(.) by extension 'ros'
[0.839s] Level 1:colcon.colcon_core.package_identification:_identify(.) by extensions ['cmake', 'python']
[0.839s] Level 1:colcon.colcon_core.package_identification:_identify(.) by extension 'cmake'
[0.839s] Level 1:colcon.colcon_core.package_identification:_identify(.) by extension 'python'
[0.839s] Level 1:colcon.colcon_core.package_identification:_identify(.) by extensions ['python_setup_py']
[0.839s] Level 1:colcon.colcon_core.package_identification:_identify(.) by extension 'python_setup_py'
[0.840s] Level 1:colcon.colcon_core.package_identification:_identify(build) by extensions ['ignore', 'ignore_ament_install']
[0.840s] Level 1:colcon.colcon_core.package_identification:_identify(build) by extension 'ignore'
[0.840s] Level 1:colcon.colcon_core.package_identification:_identify(build) ignored
[0.841s] Level 1:colcon.colcon_core.package_identification:_identify(install) by extensions ['ignore', 'ignore_ament_install']
[0.841s] Level 1:colcon.colcon_core.package_identification:_identify(install) by extension 'ignore'
[0.841s] Level 1:colcon.colcon_core.package_identification:_identify(install) ignored
[0.841s] Level 1:colcon.colcon_core.package_identification:_identify(log) by extensions ['ignore', 'ignore_ament_install']
[0.841s] Level 1:colcon.colcon_core.package_identification:_identify(log) by extension 'ignore'
[0.841s] Level 1:colcon.colcon_core.package_identification:_identify(log) ignored
[0.842s] Level 1:colcon.colcon_core.package_identification:_identify(src) by extensions ['ignore', 'ignore_ament_install']
[0.842s] Level 1:colcon.colcon_core.package_identification:_identify(src) by extension 'ignore'
[0.842s] Level 1:colcon.colcon_core.package_identification:_identify(src) by extension 'ignore_ament_install'
[0.842s] Level 1:colcon.colcon_core.package_identification:_identify(src) by extensions ['colcon_pkg']
[0.842s] Level 1:colcon.colcon_core.package_identification:_identify(src) by extension 'colcon_pkg'
[0.842s] Level 1:colcon.colcon_core.package_identification:_identify(src) by extensions ['colcon_meta']
[0.842s] Level 1:colcon.colcon_core.package_identification:_identify(src) by extension 'colcon_meta'
[0.842s] Level 1:colcon.colcon_core.package_identification:_identify(src) by extensions ['ros']
[0.842s] Level 1:colcon.colcon_core.package_identification:_identify(src) by extension 'ros'
[0.843s] Level 1:colcon.colcon_core.package_identification:_identify(src) by extensions ['cmake', 'python']
[0.843s] Level 1:colcon.colcon_core.package_identification:_identify(src) by extension 'cmake'
[0.843s] Level 1:colcon.colcon_core.package_identification:_identify(src) by extension 'python'
[0.843s] Level 1:colcon.colcon_core.package_identification:_identify(src) by extensions ['python_setup_py']
[0.843s] Level 1:colcon.colcon_core.package_identification:_identify(src) by extension 'python_setup_py'
[0.843s] Level 1:colcon.colcon_core.package_identification:_identify(src/locomotion_core) by extensions ['ignore', 'ignore_ament_install']
[0.843s] Level 1:colcon.colcon_core.package_identification:_identify(src/locomotion_core) by extension 'ignore'
[0.844s] Level 1:colcon.colcon_core.package_identification:_identify(src/locomotion_core) by extension 'ignore_ament_install'
[0.844s] Level 1:colcon.colcon_core.package_identification:_identify(src/locomotion_core) by extensions ['colcon_pkg']
[0.844s] Level 1:colcon.colcon_core.package_identification:_identify(src/locomotion_core) by extension 'colcon_pkg'
[0.844s] Level 1:colcon.colcon_core.package_identification:_identify(src/locomotion_core) by extensions ['colcon_meta']
[0.844s] Level 1:colcon.colcon_core.package_identification:_identify(src/locomotion_core) by extension 'colcon_meta'
[0.844s] Level 1:colcon.colcon_core.package_identification:_identify(src/locomotion_core) by extensions ['ros']
[0.844s] Level 1:colcon.colcon_core.package_identification:_identify(src/locomotion_core) by extension 'ros'
[0.850s] DEBUG:colcon.colcon_core.package_identification:Package 'src/locomotion_core' with type 'ros.ament_python' and name 'locomotion_core'
[0.850s] Level 1:colcon.colcon_core.package_identification:_identify(src/robot_startup) by extensions ['ignore', 'ignore_ament_install']
[0.850s] Level 1:colcon.colcon_core.package_identification:_identify(src/robot_startup) by extension 'ignore'
[0.850s] Level 1:colcon.colcon_core.package_identification:_identify(src/robot_startup) by extension 'ignore_ament_install'
[0.851s] Level 1:colcon.colcon_core.package_identification:_identify(src/robot_startup) by extensions ['colcon_pkg']
[0.851s] Level 1:colcon.colcon_core.package_identification:_identify(src/robot_startup) by extension 'colcon_pkg'
[0.851s] Level 1:colcon.colcon_core.package_identification:_identify(src/robot_startup) by extensions ['colcon_meta']
[0.851s] Level 1:colcon.colcon_core.package_identification:_identify(src/robot_startup) by extension 'colcon_meta'
[0.851s] Level 1:colcon.colcon_core.package_identification:_identify(src/robot_startup) by extensions ['ros']
[0.851s] Level 1:colcon.colcon_core.package_identification:_identify(src/robot_startup) by extension 'ros'
[0.852s] DEBUG:colcon.colcon_core.package_identification:Package 'src/robot_startup' with type 'ros.ament_cmake' and name 'robot_startup'
[0.852s] Level 1:colcon.colcon_core.package_identification:_identify(src/teleop_twist_joy) by extensions ['ignore', 'ignore_ament_install']
[0.853s] Level 1:colcon.colcon_core.package_identification:_identify(src/teleop_twist_joy) by extension 'ignore'
[0.853s] Level 1:colcon.colcon_core.package_identification:_identify(src/teleop_twist_joy) by extension 'ignore_ament_install'
[0.853s] Level 1:colcon.colcon_core.package_identification:_identify(src/teleop_twist_joy) by extensions ['colcon_pkg']
[0.853s] Level 1:colcon.colcon_core.package_identification:_identify(src/teleop_twist_joy) by extension 'colcon_pkg'
[0.853s] Level 1:colcon.colcon_core.package_identification:_identify(src/teleop_twist_joy) by extensions ['colcon_meta']
[0.853s] Level 1:colcon.colcon_core.package_identification:_identify(src/teleop_twist_joy) by extension 'colcon_meta'
[0.853s] Level 1:colcon.colcon_core.package_identification:_identify(src/teleop_twist_joy) by extensions ['ros']
[0.853s] Level 1:colcon.colcon_core.package_identification:_identify(src/teleop_twist_joy) by extension 'ros'
[0.853s] Level 1:colcon.colcon_core.package_identification:_identify(src/teleop_twist_joy) by extensions ['cmake', 'python']
[0.853s] Level 1:colcon.colcon_core.package_identification:_identify(src/teleop_twist_joy) by extension 'cmake'
[0.854s] Level 1:colcon.colcon_core.package_identification:_identify(src/teleop_twist_joy) by extension 'python'
[0.854s] Level 1:colcon.colcon_core.package_identification:_identify(src/teleop_twist_joy) by extensions ['python_setup_py']
[0.854s] Level 1:colcon.colcon_core.package_identification:_identify(src/teleop_twist_joy) by extension 'python_setup_py'
[0.854s] Level 1:colcon.colcon_core.package_discovery:discover_packages(recursive) using defaults
[0.854s] Level 1:colcon.colcon_core.package_discovery:discover_packages(ignore) discover
[0.854s] Level 1:colcon.colcon_core.package_discovery:discover_packages(ignore) using defaults
[0.854s] Level 1:colcon.colcon_core.package_discovery:discover_packages(path) discover
[0.854s] Level 1:colcon.colcon_core.package_discovery:discover_packages(path) using defaults
[0.894s] Level 1:colcon.colcon_core.package_discovery:discover_packages(prefix_path) check parameters
[0.894s] Level 1:colcon.colcon_core.package_discovery:discover_packages(prefix_path) discover
[0.897s] WARNING:colcon.colcon_ros.prefix_path.ament:The path '/home/rover4-i/Desktop/Rover/rover_ws_ri/install/teleop_twist_joy' in the environment variable AMENT_PREFIX_PATH doesn't exist
[0.897s] WARNING:colcon.colcon_ros.prefix_path.ament:The path '/home/rover4-i/Desktop/Rover/rover_ws_ri/install/locomotion_core' in the environment variable AMENT_PREFIX_PATH doesn't exist
[0.897s] WARNING:colcon.colcon_ros.prefix_path.catkin:The path '/home/rover4-i/Desktop/Rover/rover_ws_ri/install/teleop_twist_joy' in the environment variable CMAKE_PREFIX_PATH doesn't exist
[0.897s] WARNING:colcon.colcon_ros.prefix_path.catkin:The path '/home/rover4-i/Desktop/Rover/rover_ws_ri/install/robot_startup' in the environment variable CMAKE_PREFIX_PATH doesn't exist
[0.902s] DEBUG:colcon.colcon_installed_package_information.package_discovery:Found 0 installed packages in /home/rover4-i/Desktop/Rover/rover_ws_ri/install
[0.906s] DEBUG:colcon.colcon_installed_package_information.package_discovery:Found 256 installed packages in /opt/ros/foxy
[0.908s] Level 1:colcon.colcon_core.package_discovery:discover_packages(prefix_path) using defaults
[1.039s] Level 5:colcon.colcon_core.verb:set package 'locomotion_core' build argument 'cmake_args' from command line to 'None'
[1.039s] Level 5:colcon.colcon_core.verb:set package 'locomotion_core' build argument 'cmake_target' from command line to 'None'
[1.039s] Level 5:colcon.colcon_core.verb:set package 'locomotion_core' build argument 'cmake_target_skip_unavailable' from command line to 'False'
[1.039s] Level 5:colcon.colcon_core.verb:set package 'locomotion_core' build argument 'cmake_clean_cache' from command line to 'False'
[1.039s] Level 5:colcon.colcon_core.verb:set package 'locomotion_core' build argument 'cmake_clean_first' from command line to 'False'
[1.039s] Level 5:colcon.colcon_core.verb:set package 'locomotion_core' build argument 'cmake_force_configure' from command line to 'False'
[1.039s] Level 5:colcon.colcon_core.verb:set package 'locomotion_core' build argument 'ament_cmake_args' from command line to 'None'
[1.039s] Level 5:colcon.colcon_core.verb:set package 'locomotion_core' build argument 'catkin_cmake_args' from command line to 'None'
[1.039s] Level 5:colcon.colcon_core.verb:set package 'locomotion_core' build argument 'catkin_skip_building_tests' from command line to 'False'
[1.039s] DEBUG:colcon.colcon_core.verb:Building package 'locomotion_core' with the following arguments: {'ament_cmake_args': None, 'build_base': '/home/rover4-i/Desktop/Rover/rover_ws_ri/build/locomotion_core', 'catkin_cmake_args': None, 'catkin_skip_building_tests': False, 'cmake_args': None, 'cmake_clean_cache': False, 'cmake_clean_first': False, 'cmake_force_configure': False, 'cmake_target': None, 'cmake_target_skip_unavailable': False, 'install_base': '/home/rover4-i/Desktop/Rover/rover_ws_ri/install/locomotion_core', 'merge_install': False, 'path': '/home/rover4-i/Desktop/Rover/rover_ws_ri/src/locomotion_core', 'symlink_install': False, 'test_result_base': None}
[1.041s] Level 5:colcon.colcon_core.verb:set package 'robot_startup' build argument 'cmake_args' from command line to 'None'
[1.041s] Level 5:colcon.colcon_core.verb:set package 'robot_startup' build argument 'cmake_target' from command line to 'None'
[1.042s] Level 5:colcon.colcon_core.verb:set package 'robot_startup' build argument 'cmake_target_skip_unavailable' from command line to 'False'
[1.042s] Level 5:colcon.colcon_core.verb:set package 'robot_startup' build argument 'cmake_clean_cache' from command line to 'False'
[1.042s] Level 5:colcon.colcon_core.verb:set package 'robot_startup' build argument 'cmake_clean_first' from command line to 'False'
[1.042s] Level 5:colcon.colcon_core.verb:set package 'robot_startup' build argument 'cmake_force_configure' from command line to 'False'
[1.042s] Level 5:colcon.colcon_core.verb:set package 'robot_startup' build argument 'ament_cmake_args' from command line to 'None'
[1.042s] Level 5:colcon.colcon_core.verb:set package 'robot_startup' build argument 'catkin_cmake_args' from command line to 'None'
[1.042s] Level 5:colcon.colcon_core.verb:set package 'robot_startup' build argument 'catkin_skip_building_tests' from command line to 'False'
[1.042s] DEBUG:colcon.colcon_core.verb:Building package 'robot_startup' with the following arguments: {'ament_cmake_args': None, 'build_base': '/home/rover4-i/Desktop/Rover/rover_ws_ri/build/robot_startup', 'catkin_cmake_args': None, 'catkin_skip_building_tests': False, 'cmake_args': None, 'cmake_clean_cache': False, 'cmake_clean_first': False, 'cmake_force_configure': False, 'cmake_target': None, 'cmake_target_skip_unavailable': False, 'install_base': '/home/rover4-i/Desktop/Rover/rover_ws_ri/install/robot_startup', 'merge_install': False, 'path': '/home/rover4-i/Desktop/Rover/rover_ws_ri/src/robot_startup', 'symlink_install': False, 'test_result_base': None}
[1.043s] INFO:colcon.colcon_core.executor:Executing jobs using 'parallel' executor
[1.051s] DEBUG:colcon.colcon_parallel_executor.executor.parallel:run_until_complete
[1.052s] INFO:colcon.colcon_ros.task.ament_python.build:Building ROS package in '/home/rover4-i/Desktop/Rover/rover_ws_ri/src/locomotion_core' with build type 'ament_python'
[1.052s] Level 1:colcon.colcon_core.shell:create_environment_hook('locomotion_core', 'ament_prefix_path')
[1.061s] INFO:colcon.colcon_core.plugin_system:Skipping extension 'colcon_core.shell.bat': Not used on non-Windows systems
[1.062s] INFO:colcon.colcon_core.shell:Creating environment hook '/home/rover4-i/Desktop/Rover/rover_ws_ri/install/locomotion_core/share/locomotion_core/hook/ament_prefix_path.ps1'
[1.063s] INFO:colcon.colcon_core.shell:Creating environment descriptor '/home/rover4-i/Desktop/Rover/rover_ws_ri/install/locomotion_core/share/locomotion_core/hook/ament_prefix_path.dsv'
[1.064s] INFO:colcon.colcon_core.shell:Creating environment hook '/home/rover4-i/Desktop/Rover/rover_ws_ri/install/locomotion_core/share/locomotion_core/hook/ament_prefix_path.sh'
[1.067s] INFO:colcon.colcon_core.shell:Skip shell extension 'powershell' for command environment: Not usable outside of PowerShell
[1.068s] DEBUG:colcon.colcon_core.shell:Skip shell extension 'dsv' for command environment
[1.080s] INFO:colcon.colcon_ros.task.ament_cmake.build:Building ROS package in '/home/rover4-i/Desktop/Rover/rover_ws_ri/src/robot_startup' with build type 'ament_cmake'
[1.081s] INFO:colcon.colcon_cmake.task.cmake.build:Building CMake package in '/home/rover4-i/Desktop/Rover/rover_ws_ri/src/robot_startup'
[1.084s] INFO:colcon.colcon_core.shell:Skip shell extension 'powershell' for command environment: Not usable outside of PowerShell
[1.085s] DEBUG:colcon.colcon_core.shell:Skip shell extension 'dsv' for command environment
[1.528s] INFO:colcon.colcon_core.task.python.build:Building Python package in '/home/rover4-i/Desktop/Rover/rover_ws_ri/src/locomotion_core'
[1.532s] INFO:colcon.colcon_core.shell:Skip shell extension 'powershell' for command environment: Not usable outside of PowerShell
[1.532s] DEBUG:colcon.colcon_core.shell:Skip shell extension 'dsv' for command environment
[1.552s] DEBUG:colcon.colcon_core.event_handler.log_command:Invoking command in '/home/rover4-i/Desktop/Rover/rover_ws_ri/build/robot_startup': CMAKE_PREFIX_PATH=${CMAKE_PREFIX_PATH}:/home/rover4-i/Desktop/Rover/rover_ws_ri/install/locomotion_core:/opt/ros/foxy /usr/bin/cmake /home/rover4-i/Desktop/Rover/rover_ws_ri/src/robot_startup -DCMAKE_INSTALL_PREFIX=/home/rover4-i/Desktop/Rover/rover_ws_ri/install/robot_startup
[2.378s] DEBUG:colcon.colcon_core.event_handler.log_command:Invoking command in '/home/rover4-i/Desktop/Rover/rover_ws_ri/src/locomotion_core': PYTHONPATH=/home/rover4-i/Desktop/Rover/rover_ws_ri/build/locomotion_core/prefix_override:/home/rover4-i/Desktop/Rover/rover_ws_ri/install/locomotion_core/lib/python3.8/site-packages:${PYTHONPATH} /usr/bin/python3 setup.py egg_info --egg-base ../../build/locomotion_core build --build-base /home/rover4-i/Desktop/Rover/rover_ws_ri/build/locomotion_core/build install --record /home/rover4-i/Desktop/Rover/rover_ws_ri/build/locomotion_core/install.log --single-version-externally-managed
[2.988s] DEBUG:colcon.colcon_core.event_handler.log_command:Invoked command in '/home/rover4-i/Desktop/Rover/rover_ws_ri/src/locomotion_core' returned '0': PYTHONPATH=/home/rover4-i/Desktop/Rover/rover_ws_ri/build/locomotion_core/prefix_override:/home/rover4-i/Desktop/Rover/rover_ws_ri/install/locomotion_core/lib/python3.8/site-packages:${PYTHONPATH} /usr/bin/python3 setup.py egg_info --egg-base ../../build/locomotion_core build --build-base /home/rover4-i/Desktop/Rover/rover_ws_ri/build/locomotion_core/build install --record /home/rover4-i/Desktop/Rover/rover_ws_ri/build/locomotion_core/install.log --single-version-externally-managed
[3.004s] Level 1:colcon.colcon_core.environment:checking '/home/rover4-i/Desktop/Rover/rover_ws_ri/install/locomotion_core' for CMake module files
[3.005s] Level 1:colcon.colcon_core.environment:checking '/home/rover4-i/Desktop/Rover/rover_ws_ri/install/locomotion_core' for CMake config files
[3.007s] Level 1:colcon.colcon_core.environment:checking '/home/rover4-i/Desktop/Rover/rover_ws_ri/install/locomotion_core/lib'
[3.008s] Level 1:colcon.colcon_core.environment:checking '/home/rover4-i/Desktop/Rover/rover_ws_ri/install/locomotion_core/bin'
[3.008s] Level 1:colcon.colcon_core.environment:checking '/home/rover4-i/Desktop/Rover/rover_ws_ri/install/locomotion_core/lib/pkgconfig/locomotion_core.pc'
[3.008s] Level 1:colcon.colcon_core.environment:checking '/home/rover4-i/Desktop/Rover/rover_ws_ri/install/locomotion_core/lib/python3.8/site-packages'
[3.009s] Level 1:colcon.colcon_core.shell:create_environment_hook('locomotion_core', 'pythonpath')
[3.012s] INFO:colcon.colcon_core.shell:Creating environment hook '/home/rover4-i/Desktop/Rover/rover_ws_ri/install/locomotion_core/share/locomotion_core/hook/pythonpath.ps1'
[3.014s] INFO:colcon.colcon_core.shell:Creating environment descriptor '/home/rover4-i/Desktop/Rover/rover_ws_ri/install/locomotion_core/share/locomotion_core/hook/pythonpath.dsv'
[3.014s] INFO:colcon.colcon_core.shell:Creating environment hook '/home/rover4-i/Desktop/Rover/rover_ws_ri/install/locomotion_core/share/locomotion_core/hook/pythonpath.sh'
[3.015s] Level 1:colcon.colcon_core.environment:checking '/home/rover4-i/Desktop/Rover/rover_ws_ri/install/locomotion_core/bin'
[3.016s] Level 1:colcon.colcon_core.environment:create_environment_scripts_only(locomotion_core)
[3.019s] INFO:colcon.colcon_core.shell:Creating package script '/home/rover4-i/Desktop/Rover/rover_ws_ri/install/locomotion_core/share/locomotion_core/package.ps1'
[3.020s] INFO:colcon.colcon_core.shell:Creating package descriptor '/home/rover4-i/Desktop/Rover/rover_ws_ri/install/locomotion_core/share/locomotion_core/package.dsv'
[3.021s] INFO:colcon.colcon_core.shell:Creating package script '/home/rover4-i/Desktop/Rover/rover_ws_ri/install/locomotion_core/share/locomotion_core/package.sh'
[3.023s] INFO:colcon.colcon_core.shell:Creating package script '/home/rover4-i/Desktop/Rover/rover_ws_ri/install/locomotion_core/share/locomotion_core/package.bash'
[3.024s] INFO:colcon.colcon_core.shell:Creating package script '/home/rover4-i/Desktop/Rover/rover_ws_ri/install/locomotion_core/share/locomotion_core/package.zsh'
[3.025s] Level 1:colcon.colcon_core.environment:create_file_with_runtime_dependencies(/home/rover4-i/Desktop/Rover/rover_ws_ri/install/locomotion_core/share/colcon-core/packages/locomotion_core)
[5.701s] DEBUG:colcon.colcon_core.event_handler.log_command:Invoked command in '/home/rover4-i/Desktop/Rover/rover_ws_ri/build/robot_startup' returned '0': CMAKE_PREFIX_PATH=${CMAKE_PREFIX_PATH}:/home/rover4-i/Desktop/Rover/rover_ws_ri/install/locomotion_core:/opt/ros/foxy /usr/bin/cmake /home/rover4-i/Desktop/Rover/rover_ws_ri/src/robot_startup -DCMAKE_INSTALL_PREFIX=/home/rover4-i/Desktop/Rover/rover_ws_ri/install/robot_startup
[5.710s] DEBUG:colcon.colcon_core.event_handler.log_command:Invoking command in '/home/rover4-i/Desktop/Rover/rover_ws_ri/build/robot_startup': CMAKE_PREFIX_PATH=${CMAKE_PREFIX_PATH}:/home/rover4-i/Desktop/Rover/rover_ws_ri/install/locomotion_core:/opt/ros/foxy /usr/bin/cmake --build /home/rover4-i/Desktop/Rover/rover_ws_ri/build/robot_startup -- -j6 -l6
[5.787s] DEBUG:colcon.colcon_core.event_handler.log_command:Invoked command in '/home/rover4-i/Desktop/Rover/rover_ws_ri/build/robot_startup' returned '0': CMAKE_PREFIX_PATH=${CMAKE_PREFIX_PATH}:/home/rover4-i/Desktop/Rover/rover_ws_ri/install/locomotion_core:/opt/ros/foxy /usr/bin/cmake --build /home/rover4-i/Desktop/Rover/rover_ws_ri/build/robot_startup -- -j6 -l6
[5.859s] DEBUG:colcon.colcon_core.event_handler.log_command:Invoking command in '/home/rover4-i/Desktop/Rover/rover_ws_ri/build/robot_startup': CMAKE_PREFIX_PATH=${CMAKE_PREFIX_PATH}:/home/rover4-i/Desktop/Rover/rover_ws_ri/install/locomotion_core:/opt/ros/foxy /usr/bin/cmake --install /home/rover4-i/Desktop/Rover/rover_ws_ri/build/robot_startup
[5.886s] Level 1:colcon.colcon_core.environment:create_environment_scripts_only(robot_startup)
[5.895s] Level 1:colcon.colcon_core.environment:checking '/home/rover4-i/Desktop/Rover/rover_ws_ri/install/robot_startup' for CMake module files
[5.896s] DEBUG:colcon.colcon_core.event_handler.log_command:Invoked command in '/home/rover4-i/Desktop/Rover/rover_ws_ri/build/robot_startup' returned '0': CMAKE_PREFIX_PATH=${CMAKE_PREFIX_PATH}:/home/rover4-i/Desktop/Rover/rover_ws_ri/install/locomotion_core:/opt/ros/foxy /usr/bin/cmake --install /home/rover4-i/Desktop/Rover/rover_ws_ri/build/robot_startup
[5.897s] Level 1:colcon.colcon_core.environment:checking '/home/rover4-i/Desktop/Rover/rover_ws_ri/install/robot_startup' for CMake config files
[5.898s] Level 1:colcon.colcon_core.shell:create_environment_hook('robot_startup', 'cmake_prefix_path')
[5.903s] INFO:colcon.colcon_core.shell:Creating environment hook '/home/rover4-i/Desktop/Rover/rover_ws_ri/install/robot_startup/share/robot_startup/hook/cmake_prefix_path.ps1'
[5.904s] INFO:colcon.colcon_core.shell:Creating environment descriptor '/home/rover4-i/Desktop/Rover/rover_ws_ri/install/robot_startup/share/robot_startup/hook/cmake_prefix_path.dsv'
[5.905s] INFO:colcon.colcon_core.shell:Creating environment hook '/home/rover4-i/Desktop/Rover/rover_ws_ri/install/robot_startup/share/robot_startup/hook/cmake_prefix_path.sh'
[5.907s] Level 1:colcon.colcon_core.environment:checking '/home/rover4-i/Desktop/Rover/rover_ws_ri/install/robot_startup/bin'
[5.907s] Level 1:colcon.colcon_core.environment:checking '/home/rover4-i/Desktop/Rover/rover_ws_ri/install/robot_startup/lib/pkgconfig/robot_startup.pc'
[5.908s] Level 1:colcon.colcon_core.environment:checking '/home/rover4-i/Desktop/Rover/rover_ws_ri/install/robot_startup/lib/python3.8/site-packages'
[5.909s] Level 1:colcon.colcon_core.environment:checking '/home/rover4-i/Desktop/Rover/rover_ws_ri/install/robot_startup/bin'
[5.912s] INFO:colcon.colcon_core.shell:Creating package script '/home/rover4-i/Desktop/Rover/rover_ws_ri/install/robot_startup/share/robot_startup/package.ps1'
[5.913s] INFO:colcon.colcon_core.shell:Creating package descriptor '/home/rover4-i/Desktop/Rover/rover_ws_ri/install/robot_startup/share/robot_startup/package.dsv'
[5.914s] INFO:colcon.colcon_core.shell:Creating package script '/home/rover4-i/Desktop/Rover/rover_ws_ri/install/robot_startup/share/robot_startup/package.sh'
[5.916s] INFO:colcon.colcon_core.shell:Creating package script '/home/rover4-i/Desktop/Rover/rover_ws_ri/install/robot_startup/share/robot_startup/package.bash'
[5.917s] INFO:colcon.colcon_core.shell:Creating package script '/home/rover4-i/Desktop/Rover/rover_ws_ri/install/robot_startup/share/robot_startup/package.zsh'
[5.922s] Level 1:colcon.colcon_core.environment:create_file_with_runtime_dependencies(/home/rover4-i/Desktop/Rover/rover_ws_ri/install/robot_startup/share/colcon-core/packages/robot_startup)
[5.966s] Level 1:colcon.colcon_core.environment:create_environment_scripts_only(robot_startup)
[5.970s] Level 1:colcon.colcon_core.environment:checking '/home/rover4-i/Desktop/Rover/rover_ws_ri/install/robot_startup' for CMake module files
[5.971s] Level 1:colcon.colcon_core.environment:checking '/home/rover4-i/Desktop/Rover/rover_ws_ri/install/robot_startup' for CMake config files
[5.972s] Level 1:colcon.colcon_core.shell:create_environment_hook('robot_startup', 'cmake_prefix_path')
[5.974s] INFO:colcon.colcon_core.shell:Creating environment hook '/home/rover4-i/Desktop/Rover/rover_ws_ri/install/robot_startup/share/robot_startup/hook/cmake_prefix_path.ps1'
[5.976s] INFO:colcon.colcon_core.shell:Creating environment descriptor '/home/rover4-i/Desktop/Rover/rover_ws_ri/install/robot_startup/share/robot_startup/hook/cmake_prefix_path.dsv'
[5.977s] INFO:colcon.colcon_core.shell:Creating environment hook '/home/rover4-i/Desktop/Rover/rover_ws_ri/install/robot_startup/share/robot_startup/hook/cmake_prefix_path.sh'
[5.978s] Level 1:colcon.colcon_core.environment:checking '/home/rover4-i/Desktop/Rover/rover_ws_ri/install/robot_startup/bin'
[5.978s] Level 1:colcon.colcon_core.environment:checking '/home/rover4-i/Desktop/Rover/rover_ws_ri/install/robot_startup/lib/pkgconfig/robot_startup.pc'
[5.979s] Level 1:colcon.colcon_core.environment:checking '/home/rover4-i/Desktop/Rover/rover_ws_ri/install/robot_startup/lib/python3.8/site-packages'
[5.979s] Level 1:colcon.colcon_core.environment:checking '/home/rover4-i/Desktop/Rover/rover_ws_ri/install/robot_startup/bin'
[5.981s] INFO:colcon.colcon_core.shell:Creating package script '/home/rover4-i/Desktop/Rover/rover_ws_ri/install/robot_startup/share/robot_startup/package.ps1'
[5.982s] INFO:colcon.colcon_core.shell:Creating package descriptor '/home/rover4-i/Desktop/Rover/rover_ws_ri/install/robot_startup/share/robot_startup/package.dsv'
[6.071s] INFO:colcon.colcon_core.shell:Creating package script '/home/rover4-i/Desktop/Rover/rover_ws_ri/install/robot_startup/share/robot_startup/package.sh'
[6.072s] INFO:colcon.colcon_core.shell:Creating package script '/home/rover4-i/Desktop/Rover/rover_ws_ri/install/robot_startup/share/robot_startup/package.bash'
[6.073s] INFO:colcon.colcon_core.shell:Creating package script '/home/rover4-i/Desktop/Rover/rover_ws_ri/install/robot_startup/share/robot_startup/package.zsh'
[6.074s] Level 1:colcon.colcon_core.environment:create_file_with_runtime_dependencies(/home/rover4-i/Desktop/Rover/rover_ws_ri/install/robot_startup/share/colcon-core/packages/robot_startup)
[6.075s] DEBUG:colcon.colcon_parallel_executor.executor.parallel:closing loop
[6.076s] DEBUG:colcon.colcon_parallel_executor.executor.parallel:loop closed
[6.076s] DEBUG:colcon.colcon_parallel_executor.executor.parallel:run_until_complete finished with '0'
[6.076s] DEBUG:colcon.colcon_core.event_reactor:joining thread
[6.095s] INFO:colcon.colcon_core.plugin_system:Skipping extension 'colcon_notification.desktop_notification.terminal_notifier': Not used on non-Darwin systems
[6.096s] INFO:colcon.colcon_core.plugin_system:Skipping extension 'colcon_notification.desktop_notification.win32': Not used on non-Windows systems
[6.096s] INFO:colcon.colcon_notification.desktop_notification:Sending desktop notification using 'notify2'
[6.137s] DEBUG:colcon.colcon_core.event_reactor:joined thread
[6.141s] INFO:colcon.colcon_core.shell:Creating prefix script '/home/rover4-i/Desktop/Rover/rover_ws_ri/install/local_setup.ps1'
[6.143s] INFO:colcon.colcon_core.shell:Creating prefix util module '/home/rover4-i/Desktop/Rover/rover_ws_ri/install/_local_setup_util_ps1.py'
[6.146s] INFO:colcon.colcon_core.shell:Creating prefix chain script '/home/rover4-i/Desktop/Rover/rover_ws_ri/install/setup.ps1'
[6.149s] INFO:colcon.colcon_core.shell:Creating prefix script '/home/rover4-i/Desktop/Rover/rover_ws_ri/install/local_setup.sh'
[6.150s] INFO:colcon.colcon_core.shell:Creating prefix util module '/home/rover4-i/Desktop/Rover/rover_ws_ri/install/_local_setup_util_sh.py'
[6.151s] INFO:colcon.colcon_core.shell:Creating prefix chain script '/home/rover4-i/Desktop/Rover/rover_ws_ri/install/setup.sh'
[6.154s] INFO:colcon.colcon_core.shell:Creating prefix script '/home/rover4-i/Desktop/Rover/rover_ws_ri/install/local_setup.bash'
[6.155s] INFO:colcon.colcon_core.shell:Creating prefix chain script '/home/rover4-i/Desktop/Rover/rover_ws_ri/install/setup.bash'
[6.159s] INFO:colcon.colcon_core.shell:Creating prefix script '/home/rover4-i/Desktop/Rover/rover_ws_ri/install/local_setup.zsh'
[6.160s] INFO:colcon.colcon_core.shell:Creating prefix chain script '/home/rover4-i/Desktop/Rover/rover_ws_ri/install/setup.zsh'
