[1.036s] Invoking command in '/home/rover4-i/rover_ws_ri/build/teleop_twist_joy': CMAKE_PREFIX_PATH=${CMAKE_PREFIX_PATH}:/home/rover4-i/rover_ws_ri/install/locomotion_core:/opt/ros/foxy /usr/bin/cmake --build /home/rover4-i/rover_ws_ri/build/teleop_twist_joy -- -j6 -l6
[1.757s] [ 50%] Built target teleop_twist_joy
[1.825s] [100%] Built target teleop_twist_joy_node
[1.850s] Invoked command in '/home/rover4-i/rover_ws_ri/build/teleop_twist_joy' returned '0': CMAKE_PREFIX_PATH=${CMAKE_PREFIX_PATH}:/home/rover4-i/rover_ws_ri/install/locomotion_core:/opt/ros/foxy /usr/bin/cmake --build /home/rover4-i/rover_ws_ri/build/teleop_twist_joy -- -j6 -l6
[1.915s] Invoking command in '/home/rover4-i/rover_ws_ri/build/teleop_twist_joy': CMAKE_PREFIX_PATH=${CMAKE_PREFIX_PATH}:/home/rover4-i/rover_ws_ri/install/locomotion_core:/opt/ros/foxy /usr/bin/cmake --install /home/rover4-i/rover_ws_ri/build/teleop_twist_joy
[1.989s] -- Install configuration: ""
[1.989s] -- Up-to-date: /home/rover4-i/rover_ws_ri/install/teleop_twist_joy/lib/libteleop_twist_joy.so
[1.990s] -- Up-to-date: /home/rover4-i/rover_ws_ri/install/teleop_twist_joy/lib/teleop_twist_joy/teleop_node
[1.990s] -- Up-to-date: /home/rover4-i/rover_ws_ri/install/teleop_twist_joy/include
[1.990s] -- Up-to-date: /home/rover4-i/rover_ws_ri/install/teleop_twist_joy/include/teleop_twist_joy
[1.991s] -- Up-to-date: /home/rover4-i/rover_ws_ri/install/teleop_twist_joy/include/teleop_twist_joy/teleop_twist_joy.hpp
[1.991s] -- Up-to-date: /home/rover4-i/rover_ws_ri/install/teleop_twist_joy/include/teleop_twist_joy/teleop_twist_joy_export.h
[1.991s] -- Up-to-date: /home/rover4-i/rover_ws_ri/install/teleop_twist_joy/share/teleop_twist_joy/launch
[1.992s] -- Up-to-date: /home/rover4-i/rover_ws_ri/install/teleop_twist_joy/share/teleop_twist_joy/launch/teleop-launch.py
[1.992s] -- Up-to-date: /home/rover4-i/rover_ws_ri/install/teleop_twist_joy/share/teleop_twist_joy/config
[1.992s] -- Up-to-date: /home/rover4-i/rover_ws_ri/install/teleop_twist_joy/share/teleop_twist_joy/config/xd3.config.yaml
[1.993s] -- Up-to-date: /home/rover4-i/rover_ws_ri/install/teleop_twist_joy/share/teleop_twist_joy/config/ps3.config.yaml
[1.993s] -- Up-to-date: /home/rover4-i/rover_ws_ri/install/teleop_twist_joy/share/teleop_twist_joy/config/ps3-holonomic.config.yaml
[1.993s] -- Up-to-date: /home/rover4-i/rover_ws_ri/install/teleop_twist_joy/share/teleop_twist_joy/config/atk3.config.yaml
[1.993s] -- Up-to-date: /home/rover4-i/rover_ws_ri/install/teleop_twist_joy/share/teleop_twist_joy/config/xbox.config.yaml
[1.993s] -- Up-to-date: /home/rover4-i/rover_ws_ri/install/teleop_twist_joy/share/teleop_twist_joy/environment/library_path.sh
[1.993s] -- Up-to-date: /home/rover4-i/rover_ws_ri/install/teleop_twist_joy/share/teleop_twist_joy/environment/library_path.dsv
[1.994s] -- Up-to-date: /home/rover4-i/rover_ws_ri/install/teleop_twist_joy/share/ament_index/resource_index/package_run_dependencies/teleop_twist_joy
[1.994s] -- Up-to-date: /home/rover4-i/rover_ws_ri/install/teleop_twist_joy/share/ament_index/resource_index/parent_prefix_path/teleop_twist_joy
[1.994s] -- Up-to-date: /home/rover4-i/rover_ws_ri/install/teleop_twist_joy/share/teleop_twist_joy/environment/ament_prefix_path.sh
[1.995s] -- Up-to-date: /home/rover4-i/rover_ws_ri/install/teleop_twist_joy/share/teleop_twist_joy/environment/ament_prefix_path.dsv
[1.995s] -- Up-to-date: /home/rover4-i/rover_ws_ri/install/teleop_twist_joy/share/teleop_twist_joy/environment/path.sh
[1.997s] -- Up-to-date: /home/rover4-i/rover_ws_ri/install/teleop_twist_joy/share/teleop_twist_joy/environment/path.dsv
[1.997s] -- Up-to-date: /home/rover4-i/rover_ws_ri/install/teleop_twist_joy/share/teleop_twist_joy/local_setup.bash
[1.998s] -- Up-to-date: /home/rover4-i/rover_ws_ri/install/teleop_twist_joy/share/teleop_twist_joy/local_setup.sh
[1.998s] -- Up-to-date: /home/rover4-i/rover_ws_ri/install/teleop_twist_joy/share/teleop_twist_joy/local_setup.zsh
[1.998s] -- Up-to-date: /home/rover4-i/rover_ws_ri/install/teleop_twist_joy/share/teleop_twist_joy/local_setup.dsv
[1.998s] -- Installing: /home/rover4-i/rover_ws_ri/install/teleop_twist_joy/share/teleop_twist_joy/package.dsv
[1.998s] -- Up-to-date: /home/rover4-i/rover_ws_ri/install/teleop_twist_joy/share/ament_index/resource_index/packages/teleop_twist_joy
[1.999s] -- Up-to-date: /home/rover4-i/rover_ws_ri/install/teleop_twist_joy/share/ament_index/resource_index/rclcpp_components/teleop_twist_joy
[2.001s] -- Up-to-date: /home/rover4-i/rover_ws_ri/install/teleop_twist_joy/share/teleop_twist_joy/cmake/ament_cmake_export_include_directories-extras.cmake
[2.001s] -- Up-to-date: /home/rover4-i/rover_ws_ri/install/teleop_twist_joy/share/teleop_twist_joy/cmake/ament_cmake_export_libraries-extras.cmake
[2.001s] -- Up-to-date: /home/rover4-i/rover_ws_ri/install/teleop_twist_joy/share/teleop_twist_joy/cmake/teleop_twist_joyConfig.cmake
[2.001s] -- Up-to-date: /home/rover4-i/rover_ws_ri/install/teleop_twist_joy/share/teleop_twist_joy/cmake/teleop_twist_joyConfig-version.cmake
[2.001s] -- Up-to-date: /home/rover4-i/rover_ws_ri/install/teleop_twist_joy/share/teleop_twist_joy/package.xml
[2.002s] Invoked command in '/home/rover4-i/rover_ws_ri/build/teleop_twist_joy' returned '0': CMAKE_PREFIX_PATH=${CMAKE_PREFIX_PATH}:/home/rover4-i/rover_ws_ri/install/locomotion_core:/opt/ros/foxy /usr/bin/cmake --install /home/rover4-i/rover_ws_ri/build/teleop_twist_joy
