[0.525s] Invoking command in '/home/rover4-i/rover_ws_ri/build/robot_startup': CMAKE_PREFIX_PATH=${CMAKE_PREFIX_PATH}:/home/rover4-i/rover_ws_ri/install/locomotion_core:/opt/ros/foxy /usr/bin/cmake --build /home/rover4-i/rover_ws_ri/build/robot_startup -- -j6 -l6
[0.621s] Invoked command in '/home/rover4-i/rover_ws_ri/build/robot_startup' returned '0': CMAKE_PREFIX_PATH=${CMAKE_PREFIX_PATH}:/home/rover4-i/rover_ws_ri/install/locomotion_core:/opt/ros/foxy /usr/bin/cmake --build /home/rover4-i/rover_ws_ri/build/robot_startup -- -j6 -l6
[0.690s] Invoking command in '/home/rover4-i/rover_ws_ri/build/robot_startup': CMAKE_PREFIX_PATH=${CMAKE_PREFIX_PATH}:/home/rover4-i/rover_ws_ri/install/locomotion_core:/opt/ros/foxy /usr/bin/cmake --install /home/rover4-i/rover_ws_ri/build/robot_startup
[0.711s] -- Install configuration: ""
[0.711s] -- Up-to-date: /home/rover4-i/rover_ws_ri/install/robot_startup/share/robot_startup/launch
[0.711s] -- Up-to-date: /home/rover4-i/rover_ws_ri/install/robot_startup/share/robot_startup/launch/rover.launch.py
[0.711s] -- Up-to-date: /home/rover4-i/rover_ws_ri/install/robot_startup/share/ament_index/resource_index/package_run_dependencies/robot_startup
[0.712s] -- Up-to-date: /home/rover4-i/rover_ws_ri/install/robot_startup/share/ament_index/resource_index/parent_prefix_path/robot_startup
[0.712s] -- Up-to-date: /home/rover4-i/rover_ws_ri/install/robot_startup/share/robot_startup/environment/ament_prefix_path.sh
[0.712s] -- Up-to-date: /home/rover4-i/rover_ws_ri/install/robot_startup/share/robot_startup/environment/ament_prefix_path.dsv
[0.712s] -- Up-to-date: /home/rover4-i/rover_ws_ri/install/robot_startup/share/robot_startup/environment/path.sh
[0.712s] -- Up-to-date: /home/rover4-i/rover_ws_ri/install/robot_startup/share/robot_startup/environment/path.dsv
[0.712s] -- Up-to-date: /home/rover4-i/rover_ws_ri/install/robot_startup/share/robot_startup/local_setup.bash
[0.713s] -- Up-to-date: /home/rover4-i/rover_ws_ri/install/robot_startup/share/robot_startup/local_setup.sh
[0.713s] -- Up-to-date: /home/rover4-i/rover_ws_ri/install/robot_startup/share/robot_startup/local_setup.zsh
[0.713s] -- Up-to-date: /home/rover4-i/rover_ws_ri/install/robot_startup/share/robot_startup/local_setup.dsv
[0.713s] -- Installing: /home/rover4-i/rover_ws_ri/install/robot_startup/share/robot_startup/package.dsv
[0.713s] -- Up-to-date: /home/rover4-i/rover_ws_ri/install/robot_startup/share/ament_index/resource_index/packages/robot_startup
[0.713s] -- Up-to-date: /home/rover4-i/rover_ws_ri/install/robot_startup/share/robot_startup/cmake/robot_startupConfig.cmake
[0.713s] -- Up-to-date: /home/rover4-i/rover_ws_ri/install/robot_startup/share/robot_startup/cmake/robot_startupConfig-version.cmake
[0.714s] -- Up-to-date: /home/rover4-i/rover_ws_ri/install/robot_startup/share/robot_startup/package.xml
[0.727s] Invoked command in '/home/rover4-i/rover_ws_ri/build/robot_startup' returned '0': CMAKE_PREFIX_PATH=${CMAKE_PREFIX_PATH}:/home/rover4-i/rover_ws_ri/install/locomotion_core:/opt/ros/foxy /usr/bin/cmake --install /home/rover4-i/rover_ws_ri/build/robot_startup
