/home/rover4-i/rover_ws_ri/install/locomotion_core/lib/python3.8/site-packages/locomotion_core/enable_gpiocontrol.py
/home/rover4-i/rover_ws_ri/install/locomotion_core/lib/python3.8/site-packages/locomotion_core/rover_enable.py
/home/rover4-i/rover_ws_ri/install/locomotion_core/lib/python3.8/site-packages/locomotion_core/__init__.py
/home/rover4-i/rover_ws_ri/install/locomotion_core/lib/python3.8/site-packages/locomotion_core/rover_state_controller.py
/home/rover4-i/rover_ws_ri/install/locomotion_core/lib/python3.8/site-packages/locomotion_core/movebase_kinematics.py
/home/rover4-i/rover_ws_ri/install/locomotion_core/lib/python3.8/site-packages/locomotion_core/cmd_roboteq_pi.py
/home/rover4-i/rover_ws_ri/install/locomotion_core/lib/python3.8/site-packages/locomotion_core/cmd_roboteq_jetson.py
/home/rover4-i/rover_ws_ri/install/locomotion_core/lib/python3.8/site-packages/locomotion_core/enable_srv.py
/home/rover4-i/rover_ws_ri/install/locomotion_core/lib/python3.8/site-packages/locomotion_core/__pycache__/enable_gpiocontrol.cpython-38.pyc
/home/rover4-i/rover_ws_ri/install/locomotion_core/lib/python3.8/site-packages/locomotion_core/__pycache__/rover_enable.cpython-38.pyc
/home/rover4-i/rover_ws_ri/install/locomotion_core/lib/python3.8/site-packages/locomotion_core/__pycache__/__init__.cpython-38.pyc
/home/rover4-i/rover_ws_ri/install/locomotion_core/lib/python3.8/site-packages/locomotion_core/__pycache__/rover_state_controller.cpython-38.pyc
/home/rover4-i/rover_ws_ri/install/locomotion_core/lib/python3.8/site-packages/locomotion_core/__pycache__/movebase_kinematics.cpython-38.pyc
/home/rover4-i/rover_ws_ri/install/locomotion_core/lib/python3.8/site-packages/locomotion_core/__pycache__/cmd_roboteq_pi.cpython-38.pyc
/home/rover4-i/rover_ws_ri/install/locomotion_core/lib/python3.8/site-packages/locomotion_core/__pycache__/cmd_roboteq_jetson.cpython-38.pyc
/home/rover4-i/rover_ws_ri/install/locomotion_core/lib/python3.8/site-packages/locomotion_core/__pycache__/enable_srv.cpython-38.pyc
/home/rover4-i/rover_ws_ri/install/locomotion_core/share/ament_index/resource_index/packages/locomotion_core
/home/rover4-i/rover_ws_ri/install/locomotion_core/share/locomotion_core/package.xml
/home/rover4-i/rover_ws_ri/install/locomotion_core/lib/python3.8/site-packages/locomotion_core-0.0.0-py3.8.egg-info/zip-safe
/home/rover4-i/rover_ws_ri/install/locomotion_core/lib/python3.8/site-packages/locomotion_core-0.0.0-py3.8.egg-info/SOURCES.txt
/home/rover4-i/rover_ws_ri/install/locomotion_core/lib/python3.8/site-packages/locomotion_core-0.0.0-py3.8.egg-info/requires.txt
/home/rover4-i/rover_ws_ri/install/locomotion_core/lib/python3.8/site-packages/locomotion_core-0.0.0-py3.8.egg-info/PKG-INFO
/home/rover4-i/rover_ws_ri/install/locomotion_core/lib/python3.8/site-packages/locomotion_core-0.0.0-py3.8.egg-info/entry_points.txt
/home/rover4-i/rover_ws_ri/install/locomotion_core/lib/python3.8/site-packages/locomotion_core-0.0.0-py3.8.egg-info/top_level.txt
/home/rover4-i/rover_ws_ri/install/locomotion_core/lib/python3.8/site-packages/locomotion_core-0.0.0-py3.8.egg-info/dependency_links.txt
/home/rover4-i/rover_ws_ri/install/locomotion_core/lib/locomotion_core/cmd_roboteq
/home/rover4-i/rover_ws_ri/install/locomotion_core/lib/locomotion_core/cmd_roboteq2
/home/rover4-i/rover_ws_ri/install/locomotion_core/lib/locomotion_core/en_service
/home/rover4-i/rover_ws_ri/install/locomotion_core/lib/locomotion_core/movebase_kinematics
/home/rover4-i/rover_ws_ri/install/locomotion_core/lib/locomotion_core/rover_enable
/home/rover4-i/rover_ws_ri/install/locomotion_core/lib/locomotion_core/rover_state_controller
