[1.407s] Invoking command in '/home/rover4-i/rover_ws_ri/src/locomotion_core': PYTHONPATH=/home/rover4-i/rover_ws_ri/build/locomotion_core/prefix_override:/home/rover4-i/rover_ws_ri/install/locomotion_core/lib/python3.8/site-packages:${PYTHONPATH} /usr/bin/python3 setup.py egg_info --egg-base ../../build/locomotion_core build --build-base /home/rover4-i/rover_ws_ri/build/locomotion_core/build install --record /home/rover4-i/rover_ws_ri/build/locomotion_core/install.log --single-version-externally-managed
[1.818s] running egg_info
[1.819s] writing ../../build/locomotion_core/locomotion_core.egg-info/PKG-INFO
[1.820s] writing dependency_links to ../../build/locomotion_core/locomotion_core.egg-info/dependency_links.txt
[1.820s] writing entry points to ../../build/locomotion_core/locomotion_core.egg-info/entry_points.txt
[1.821s] writing requirements to ../../build/locomotion_core/locomotion_core.egg-info/requires.txt
[1.821s] writing top-level names to ../../build/locomotion_core/locomotion_core.egg-info/top_level.txt
[1.886s] reading manifest file '../../build/locomotion_core/locomotion_core.egg-info/SOURCES.txt'
[1.888s] writing manifest file '../../build/locomotion_core/locomotion_core.egg-info/SOURCES.txt'
[1.888s] running build
[1.888s] running build_py
[1.889s] copying locomotion_core/rover_enable2.py -> /home/rover4-i/rover_ws_ri/build/locomotion_core/build/lib/locomotion_core
[1.889s] running install
[1.891s] running install_lib
[1.893s] copying /home/rover4-i/rover_ws_ri/build/locomotion_core/build/lib/locomotion_core/rover_enable2.py -> /home/rover4-i/rover_ws_ri/install/locomotion_core/lib/python3.8/site-packages/locomotion_core
[1.894s] byte-compiling /home/rover4-i/rover_ws_ri/install/locomotion_core/lib/python3.8/site-packages/locomotion_core/rover_enable2.py to rover_enable2.cpython-38.pyc
[1.897s] running install_data
[1.898s] running install_egg_info
[1.901s] removing '/home/rover4-i/rover_ws_ri/install/locomotion_core/lib/python3.8/site-packages/locomotion_core-0.0.0-py3.8.egg-info' (and everything under it)
[1.902s] Copying ../../build/locomotion_core/locomotion_core.egg-info to /home/rover4-i/rover_ws_ri/install/locomotion_core/lib/python3.8/site-packages/locomotion_core-0.0.0-py3.8.egg-info
[1.904s] running install_scripts
[1.938s] Installing cmd_roboteq script to /home/rover4-i/rover_ws_ri/install/locomotion_core/lib/locomotion_core
[1.938s] Installing cmd_roboteq2 script to /home/rover4-i/rover_ws_ri/install/locomotion_core/lib/locomotion_core
[1.939s] Installing movebase_kinematics script to /home/rover4-i/rover_ws_ri/install/locomotion_core/lib/locomotion_core
[1.939s] Installing rover_enable script to /home/rover4-i/rover_ws_ri/install/locomotion_core/lib/locomotion_core
[1.939s] Installing rover_state_controller script to /home/rover4-i/rover_ws_ri/install/locomotion_core/lib/locomotion_core
[1.940s] writing list of installed files to '/home/rover4-i/rover_ws_ri/build/locomotion_core/install.log'
[2.001s] Invoked command in '/home/rover4-i/rover_ws_ri/src/locomotion_core' returned '0': PYTHONPATH=/home/rover4-i/rover_ws_ri/build/locomotion_core/prefix_override:/home/rover4-i/rover_ws_ri/install/locomotion_core/lib/python3.8/site-packages:${PYTHONPATH} /usr/bin/python3 setup.py egg_info --egg-base ../../build/locomotion_core build --build-base /home/rover4-i/rover_ws_ri/build/locomotion_core/build install --record /home/rover4-i/rover_ws_ri/build/locomotion_core/install.log --single-version-externally-managed
